2018-09-10__17:17:02  
2018-09-12__09:28:34  ./1 7289 snowfla+ 99.7 % 0.1 %
2018-09-12__09:28:34  ./client 14280 ygy 100 % 0.0 %
2018-09-12__09:29:09  ./1 7289 snowfla+ 99.6 % 0.1 %
2018-09-12__09:29:09  ./client 14280 ygy 99.7 % 0.0 %
2018-09-12__09:29:44  ./1 7289 snowfla+ 99.7 % 0.1 %
2018-09-12__09:29:44  ./client 14280 ygy 99.7 % 0.0 %
2018-09-12__09:30:20  ./1 7289 snowfla+ 99.7 % 0.1 %
2018-09-12__09:30:20  ./client 14280 ygy 81.9 % 0.0 %
2018-09-12__09:30:55  ./1 7289 snowfla+ 99.6 % 0.1 %
2018-09-12__09:30:55  ./client 14280 ygy 69.2 % 0.0 %
2018-09-12__09:31:30  ./1 7289 snowfla+ 99.7 % 0.1 %
2018-09-12__09:31:30  ./client 14280 ygy 60.1 % 0.0 %
2018-09-12__09:32:06  ./1 7289 snowfla+ 99.8 % 0.1 %
2018-09-12__09:32:06  ./client 14280 ygy 53.1 % 0.0 %
2018-09-12__09:32:41  ./1 7289 snowfla+ 99.7 % 0.1 %
2018-09-12__09:33:16  ./1 7289 snowfla+ 99.7 % 0.1 %
2018-09-12__09:33:51  ./1 7289 snowfla+ 99.7 % 0.1 %
2018-09-12__09:40:43  ./1 7289 snowfla+ 99.7 % 0.1 %
2018-09-12__09:43:39  ./haha 3663 snowfla+ 101 % 0.1 %
2018-09-12__09:44:14  ./haha 3663 snowfla+ 99.1 % 0.1 %
2018-09-12__09:44:49  ./haha 3663 snowfla+ 99.5 % 0.1 %
2018-09-12__09:45:25  ./haha 3663 snowfla+ 99.7 % 0.1 %
2018-09-12__09:45:25  ./1 7289 snowfla+ 99.7 % 0.1 %
2018-09-12__09:46:00  ./haha 3663 snowfla+ 99.4 % 0.1 %
2018-09-12__09:46:00  ./1 7289 snowfla+ 99.7 % 0.1 %
2018-09-12__10:28:58  ./haha 3663 snowfla+ 99.4 % 0.1 %
2018-09-12__10:29:34  ./haha 3663 snowfla+ 99.4 % 0.1 %
2018-09-12__10:29:34  ./1 12664 snowfla+ 99.3 % 0.0 %
2018-09-12__10:30:09  ./haha 3663 snowfla+ 99.3 % 0.1 %
2018-09-12__10:30:09  ./1 12664 snowfla+ 99.3 % 0.0 %
2018-09-12__10:30:44  ./haha 3663 snowfla+ 99.4 % 0.1 %
2018-09-12__10:30:44  ./1 12664 snowfla+ 99.3 % 0.0 %
2018-09-12__10:31:20  ./haha 3663 snowfla+ 99.3 % 0.1 %
2018-09-12__10:31:20  ./1 12664 snowfla+ 99.3 % 0.0 %
2018-09-12__10:31:55  ./haha 3663 snowfla+ 99.4 % 0.1 %
2018-09-12__10:31:55  ./1 12664 snowfla+ 99.3 % 0.0 %
2018-09-12__10:32:31  ./haha 3663 snowfla+ 99.3 % 0.1 %
2018-09-12__10:32:31  ./1 12664 snowfla+ 99.3 % 0.0 %
2018-09-12__10:33:06  ./haha 3663 snowfla+ 99.3 % 0.1 %
2018-09-12__10:33:06  ./1 12664 snowfla+ 99.3 % 0.0 %
2018-09-12__10:33:42  ./haha 3663 snowfla+ 99.3 % 0.1 %
2018-09-12__10:34:18  ./haha 3663 snowfla+ 99.3 % 0.1 %
2018-09-12__10:34:18  ./1 12664 snowfla+ 99.3 % 0.0 %
2018-09-12__10:28:58  ./haha 3663 snowfla+ 99.4 % 0.1 %
2018-09-12__10:29:34  ./haha 3663 snowfla+ 99.4 % 0.1 %
2018-09-12__10:29:34  ./1 12664 snowfla+ 99.3 % 0.0 %
2018-09-12__10:30:09  ./haha 3663 snowfla+ 99.3 % 0.1 %
2018-09-12__10:30:09  ./1 12664 snowfla+ 99.3 % 0.0 %
2018-09-12__10:30:44  ./haha 3663 snowfla+ 99.4 % 0.1 %
2018-09-12__10:30:44  ./1 12664 snowfla+ 99.3 % 0.0 %
2018-09-12__10:31:20  ./haha 3663 snowfla+ 99.3 % 0.1 %
2018-09-12__10:31:20  ./1 12664 snowfla+ 99.3 % 0.0 %
2018-09-12__10:31:55  ./haha 3663 snowfla+ 99.4 % 0.1 %
2018-09-12__10:31:55  ./1 12664 snowfla+ 99.3 % 0.0 %
2018-09-12__10:32:31  ./haha 3663 snowfla+ 99.3 % 0.1 %
2018-09-12__10:32:31  ./1 12664 snowfla+ 99.3 % 0.0 %
2018-09-12__10:33:06  ./haha 3663 snowfla+ 99.3 % 0.1 %
2018-09-12__10:33:06  ./1 12664 snowfla+ 99.3 % 0.0 %
2018-09-12__10:33:42  ./haha 3663 snowfla+ 99.3 % 0.1 %
2018-09-12__10:34:18  ./haha 3663 snowfla+ 99.3 % 0.1 %
2018-09-12__10:34:18  ./1 12664 snowfla+ 99.3 % 0.0 %
2018-09-12__10:35:29  ./haha 3663 snowfla+ 99.3 % 0.1 %
2018-09-12__10:36:04  ./haha 3663 snowfla+ 99.3 % 0.1 %
2018-09-12__10:36:39  ./haha 3663 snowfla+ 99.3 % 0.1 %
2018-09-12__10:37:15  ./haha 3663 snowfla+ 99.3 % 0.1 %
2018-09-12__10:37:50  ./haha 3663 snowfla+ 99.3 % 0.1 %
2018-09-12__10:38:25  ./haha 3663 snowfla+ 99.3 % 0.1 %
2018-09-12__10:38:25  ./1 12664 snowfla+ 99.3 % 0.0 %
2018-09-12__10:39:01  ./haha 3663 snowfla+ 99.3 % 0.1 %
2018-09-12__10:39:01  ./1 12664 snowfla+ 99.3 % 0.0 %
2018-09-12__10:39:37  ./haha 3663 snowfla+ 99.3 % 0.1 %
2018-09-12__10:39:37  ./1 12664 snowfla+ 99.3 % 0.0 %
2018-09-12__10:28:58  ./haha 3663 snowfla+ 99.4 % 0.1 %
2018-09-12__10:29:34  ./haha 3663 snowfla+ 99.4 % 0.1 %
2018-09-12__10:29:34  ./1 12664 snowfla+ 99.3 % 0.0 %
2018-09-12__10:30:09  ./haha 3663 snowfla+ 99.3 % 0.1 %
2018-09-12__10:30:09  ./1 12664 snowfla+ 99.3 % 0.0 %
2018-09-12__10:30:44  ./haha 3663 snowfla+ 99.4 % 0.1 %
2018-09-12__10:30:44  ./1 12664 snowfla+ 99.3 % 0.0 %
2018-09-12__10:31:20  ./haha 3663 snowfla+ 99.3 % 0.1 %
2018-09-12__10:31:20  ./1 12664 snowfla+ 99.3 % 0.0 %
2018-09-12__10:31:55  ./haha 3663 snowfla+ 99.4 % 0.1 %
2018-09-12__10:31:55  ./1 12664 snowfla+ 99.3 % 0.0 %
2018-09-12__10:32:31  ./haha 3663 snowfla+ 99.3 % 0.1 %
2018-09-12__10:32:31  ./1 12664 snowfla+ 99.3 % 0.0 %
2018-09-12__10:33:06  ./haha 3663 snowfla+ 99.3 % 0.1 %
2018-09-12__10:33:06  ./1 12664 snowfla+ 99.3 % 0.0 %
2018-09-12__10:33:42  ./haha 3663 snowfla+ 99.3 % 0.1 %
2018-09-12__10:34:18  ./haha 3663 snowfla+ 99.3 % 0.1 %
2018-09-12__10:34:18  ./1 12664 snowfla+ 99.3 % 0.0 %
2018-09-12__10:35:29  ./haha 3663 snowfla+ 99.3 % 0.1 %
2018-09-12__10:36:04  ./haha 3663 snowfla+ 99.3 % 0.1 %
2018-09-12__10:36:39  ./haha 3663 snowfla+ 99.3 % 0.1 %
2018-09-12__10:37:15  ./haha 3663 snowfla+ 99.3 % 0.1 %
2018-09-12__10:37:50  ./haha 3663 snowfla+ 99.3 % 0.1 %
2018-09-12__10:38:25  ./haha 3663 snowfla+ 99.3 % 0.1 %
2018-09-12__10:38:25  ./1 12664 snowfla+ 99.3 % 0.0 %
2018-09-12__10:39:01  ./haha 3663 snowfla+ 99.3 % 0.1 %
2018-09-12__10:39:01  ./1 12664 snowfla+ 99.3 % 0.0 %
2018-09-12__10:39:37  ./haha 3663 snowfla+ 99.3 % 0.1 %
2018-09-12__10:39:37  ./1 12664 snowfla+ 99.3 % 0.0 %
2018-09-12__10:40:47  ./haha 3663 snowfla+ 99.3 % 0.1 %
2018-09-12__10:40:47  ./1 12664 snowfla+ 99.3 % 0.0 %
2018-09-12__10:41:23  ./haha 3663 snowfla+ 99.3 % 0.1 %
2018-09-12__10:41:23  ./1 12664 snowfla+ 99.3 % 0.0 %
2018-09-12__10:41:58  ./haha 3663 snowfla+ 99.3 % 0.1 %
2018-09-12__10:41:58  ./1 12664 snowfla+ 99.3 % 0.0 %
2018-09-12__10:42:34  ./haha 3663 snowfla+ 99.3 % 0.1 %
2018-09-12__10:42:34  ./1 12664 snowfla+ 99.2 % 0.0 %
2018-09-12__10:43:09  ./haha 3663 snowfla+ 99.3 % 0.1 %
2018-09-12__10:43:09  ./1 12664 snowfla+ 99.3 % 0.0 %
2018-09-12__10:44:55  ./haha 3663 snowfla+ 99.3 % 0.1 %
2018-09-12__10:45:31  ./haha 3663 snowfla+ 99.3 % 0.1 %
2018-09-12__10:46:06  ./haha 3663 snowfla+ 99.3 % 0.1 %
2018-09-12__11:01:16  ./haha 3663 snowfla+ 99.3 % 0.1 %
2018-09-12__11:01:16  ./1 12664 snowfla+ 99.2 % 0.0 %
2018-09-12__11:01:52  ./haha 3663 snowfla+ 99.3 % 0.1 %
2018-09-12__11:01:52  ./1 12664 snowfla+ 99.2 % 0.0 %
2018-09-12__11:02:27  ./haha 3663 snowfla+ 99.3 % 0.1 %
2018-09-12__11:02:27  ./1 12664 snowfla+ 99.2 % 0.0 %
2018-09-12__11:03:02  ./haha 3663 snowfla+ 99.3 % 0.1 %
2018-09-12__11:03:02  ./1 12664 snowfla+ 99.2 % 0.0 %
2018-09-12__11:03:38  ./haha 3663 snowfla+ 99.3 % 0.1 %
2018-09-12__11:03:38  ./1 12664 snowfla+ 99.2 % 0.0 %
2018-09-12__11:04:49  ./haha 3663 snowfla+ 99.2 % 0.1 %
2018-09-12__11:05:24  ./haha 3663 snowfla+ 99.3 % 0.1 %
2018-09-12__11:06:00  ./haha 3663 snowfla+ 99.2 % 0.1 %
2018-09-12__11:06:35  ./haha 3663 snowfla+ 99.2 % 0.1 %
2018-09-12__11:16:30  ./haha 3663 snowfla+ 99.2 % 0.1 %
2018-09-12__11:17:05  ./haha 3663 snowfla+ 99.2 % 0.1 %
2018-09-12__11:17:41  ./haha 3663 snowfla+ 99.1 % 0.1 %
2018-09-12__11:17:41  ./1 12664 snowfla+ 99.0 % 0.0 %
2018-09-12__11:18:16  ./haha 3663 snowfla+ 99.1 % 0.1 %
2018-09-12__11:18:16  ./1 12664 snowfla+ 99.1 % 0.0 %
2018-09-12__11:18:52  ./haha 3663 snowfla+ 99.1 % 0.1 %
2018-09-12__11:18:52  ./1 12664 snowfla+ 99.0 % 0.0 %
2018-09-12__11:19:28  ./haha 3663 snowfla+ 99.1 % 0.1 %
2018-09-12__11:19:28  ./1 12664 snowfla+ 99.0 % 0.0 %
2018-09-12__11:20:04  ./haha 3663 snowfla+ 99.1 % 0.1 %
2018-09-12__11:20:04  ./1 12664 snowfla+ 99.0 % 0.0 %
2018-09-12__11:20:40  ./haha 3663 snowfla+ 99.1 % 0.1 %
2018-09-12__11:20:40  ./1 12664 snowfla+ 99.0 % 0.0 %
2018-09-12__11:21:16  ./haha 3663 snowfla+ 99.1 % 0.1 %
2018-09-12__11:21:16  ./1 12664 snowfla+ 99.0 % 0.0 %
2018-09-12__11:21:52  ./haha 3663 snowfla+ 99.1 % 0.1 %
2018-09-12__11:21:52  ./1 12664 snowfla+ 99.0 % 0.0 %
2018-09-12__11:35:17  ./haha 3663 snowfla+ 98.8 % 0.0 %
2018-09-12__11:35:17  ./1 12664 snowfla+ 98.7 % 0.0 %
2018-09-12__11:35:53  ./haha 3663 snowfla+ 98.8 % 0.0 %
2018-09-12__11:35:53  ./1 12664 snowfla+ 98.7 % 0.0 %
2018-09-12__11:36:28  ./haha 3663 snowfla+ 98.8 % 0.0 %
2018-09-12__11:36:28  ./1 12664 snowfla+ 98.7 % 0.0 %
2018-09-12__11:37:04  ./haha 3663 snowfla+ 98.7 % 0.0 %
2018-09-12__11:37:04  ./1 12664 snowfla+ 98.7 % 0.0 %
2018-09-12__11:37:40  ./haha 3663 snowfla+ 98.7 % 0.0 %
2018-09-12__11:37:40  ./1 12664 snowfla+ 98.6 % 0.0 %
2018-09-12__11:38:16  ./haha 3663 snowfla+ 98.7 % 0.0 %
2018-09-12__11:38:16  ./1 12664 snowfla+ 98.6 % 0.0 %
2018-09-12__11:38:51  ./haha 3663 snowfla+ 98.7 % 0.0 %
2018-09-12__11:38:51  ./1 12664 snowfla+ 98.6 % 0.0 %
2018-09-12__11:39:27  ./haha 3663 snowfla+ 98.7 % 0.0 %
2018-09-12__11:39:27  ./1 12664 snowfla+ 98.6 % 0.0 %
2018-09-12__11:40:03  ./haha 3663 snowfla+ 98.7 % 0.0 %
2018-09-12__11:40:03  ./1 12664 snowfla+ 98.6 % 0.0 %
2018-09-12__11:35:17  ./haha 3663 snowfla+ 98.8 % 0.0 %
2018-09-12__11:35:17  ./1 12664 snowfla+ 98.7 % 0.0 %
2018-09-12__11:35:53  ./haha 3663 snowfla+ 98.8 % 0.0 %
2018-09-12__11:35:53  ./1 12664 snowfla+ 98.7 % 0.0 %
2018-09-12__11:36:28  ./haha 3663 snowfla+ 98.8 % 0.0 %
2018-09-12__11:36:28  ./1 12664 snowfla+ 98.7 % 0.0 %
2018-09-12__11:37:04  ./haha 3663 snowfla+ 98.7 % 0.0 %
2018-09-12__11:37:04  ./1 12664 snowfla+ 98.7 % 0.0 %
2018-09-12__11:37:40  ./haha 3663 snowfla+ 98.7 % 0.0 %
2018-09-12__11:37:40  ./1 12664 snowfla+ 98.6 % 0.0 %
2018-09-12__11:38:16  ./haha 3663 snowfla+ 98.7 % 0.0 %
2018-09-12__11:38:16  ./1 12664 snowfla+ 98.6 % 0.0 %
2018-09-12__11:38:51  ./haha 3663 snowfla+ 98.7 % 0.0 %
2018-09-12__11:38:51  ./1 12664 snowfla+ 98.6 % 0.0 %
2018-09-12__11:39:27  ./haha 3663 snowfla+ 98.7 % 0.0 %
2018-09-12__11:39:27  ./1 12664 snowfla+ 98.6 % 0.0 %
2018-09-12__11:40:03  ./haha 3663 snowfla+ 98.7 % 0.0 %
2018-09-12__11:40:03  ./1 12664 snowfla+ 98.6 % 0.0 %
2018-09-12__11:41:14  ./haha 3663 snowfla+ 98.7 % 0.0 %
2018-09-12__11:41:14  ./1 12664 snowfla+ 98.6 % 0.0 %
2018-09-12__11:41:49  ./haha 3663 snowfla+ 98.7 % 0.0 %
2018-09-12__11:42:25  ./haha 3663 snowfla+ 98.6 % 0.0 %
2018-09-12__11:43:00  ./haha 3663 snowfla+ 98.7 % 0.0 %
2018-09-12__11:43:36  ./haha 3663 snowfla+ 98.6 % 0.0 %
2018-09-12__11:44:11  ./haha 3663 snowfla+ 98.6 % 0.0 %
2018-09-12__11:44:11  ./1 12664 snowfla+ 98.5 % 0.0 %
2018-09-12__11:44:47  ./haha 3663 snowfla+ 98.6 % 0.0 %
2018-09-12__11:44:47  ./1 12664 snowfla+ 98.5 % 0.0 %
2018-09-12__11:45:23  ./haha 3663 snowfla+ 98.6 % 0.0 %
2018-09-12__11:45:23  ./1 12664 snowfla+ 98.5 % 0.0 %
2018-09-12__11:45:58  ./haha 3663 snowfla+ 98.6 % 0.0 %
2018-09-12__11:45:58  ./1 12664 snowfla+ 98.5 % 0.0 %
2018-09-12__11:46:34  ./haha 3663 snowfla+ 98.6 % 0.0 %
2018-09-12__11:46:34  ./1 12664 snowfla+ 98.4 % 0.0 %
2018-09-12__11:35:17  ./haha 3663 snowfla+ 98.8 % 0.0 %
2018-09-12__11:35:17  ./1 12664 snowfla+ 98.7 % 0.0 %
2018-09-12__11:35:53  ./haha 3663 snowfla+ 98.8 % 0.0 %
2018-09-12__11:35:53  ./1 12664 snowfla+ 98.7 % 0.0 %
2018-09-12__11:36:28  ./haha 3663 snowfla+ 98.8 % 0.0 %
2018-09-12__11:36:28  ./1 12664 snowfla+ 98.7 % 0.0 %
2018-09-12__11:37:04  ./haha 3663 snowfla+ 98.7 % 0.0 %
2018-09-12__11:37:04  ./1 12664 snowfla+ 98.7 % 0.0 %
2018-09-12__11:37:40  ./haha 3663 snowfla+ 98.7 % 0.0 %
2018-09-12__11:37:40  ./1 12664 snowfla+ 98.6 % 0.0 %
2018-09-12__11:38:16  ./haha 3663 snowfla+ 98.7 % 0.0 %
2018-09-12__11:38:16  ./1 12664 snowfla+ 98.6 % 0.0 %
2018-09-12__11:38:51  ./haha 3663 snowfla+ 98.7 % 0.0 %
2018-09-12__11:38:51  ./1 12664 snowfla+ 98.6 % 0.0 %
2018-09-12__11:39:27  ./haha 3663 snowfla+ 98.7 % 0.0 %
2018-09-12__11:39:27  ./1 12664 snowfla+ 98.6 % 0.0 %
2018-09-12__11:40:03  ./haha 3663 snowfla+ 98.7 % 0.0 %
2018-09-12__11:40:03  ./1 12664 snowfla+ 98.6 % 0.0 %
2018-09-12__11:41:14  ./haha 3663 snowfla+ 98.7 % 0.0 %
2018-09-12__11:41:14  ./1 12664 snowfla+ 98.6 % 0.0 %
2018-09-12__11:41:49  ./haha 3663 snowfla+ 98.7 % 0.0 %
2018-09-12__11:42:25  ./haha 3663 snowfla+ 98.6 % 0.0 %
2018-09-12__11:43:00  ./haha 3663 snowfla+ 98.7 % 0.0 %
2018-09-12__11:43:36  ./haha 3663 snowfla+ 98.6 % 0.0 %
2018-09-12__11:44:11  ./haha 3663 snowfla+ 98.6 % 0.0 %
2018-09-12__11:44:11  ./1 12664 snowfla+ 98.5 % 0.0 %
2018-09-12__11:44:47  ./haha 3663 snowfla+ 98.6 % 0.0 %
2018-09-12__11:44:47  ./1 12664 snowfla+ 98.5 % 0.0 %
2018-09-12__11:45:23  ./haha 3663 snowfla+ 98.6 % 0.0 %
2018-09-12__11:45:23  ./1 12664 snowfla+ 98.5 % 0.0 %
2018-09-12__11:45:58  ./haha 3663 snowfla+ 98.6 % 0.0 %
2018-09-12__11:45:58  ./1 12664 snowfla+ 98.5 % 0.0 %
2018-09-12__11:46:34  ./haha 3663 snowfla+ 98.6 % 0.0 %
2018-09-12__11:46:34  ./1 12664 snowfla+ 98.4 % 0.0 %
2018-09-12__11:47:09  ./haha 3663 snowfla+ 98.6 % 0.0 %
2018-09-12__11:47:09  ./1 12664 snowfla+ 98.4 % 0.0 %
2018-09-12__11:47:45  ./haha 3663 snowfla+ 98.6 % 0.0 %
2018-09-12__11:47:45  ./1 12664 snowfla+ 98.4 % 0.0 %
2018-09-12__11:48:21  ./haha 3663 snowfla+ 98.6 % 0.0 %
2018-09-12__11:48:21  ./1 12664 snowfla+ 98.4 % 0.0 %
2018-09-12__11:50:06  ./haha 3663 snowfla+ 98.5 % 0.0 %
2018-09-12__11:50:42  ./haha 3663 snowfla+ 98.5 % 0.0 %
2018-09-12__11:51:18  ./haha 3663 snowfla+ 98.6 % 0.0 %
2018-09-12__11:51:53  ./haha 3663 snowfla+ 98.5 % 0.0 %
2018-09-12__11:52:28  ./haha 3663 snowfla+ 98.6 % 0.0 %
2018-09-12__11:52:28  ./1 12664 snowfla+ 98.4 % 0.0 %
2018-09-12__11:35:17  ./haha 3663 snowfla+ 98.8 % 0.0 %
2018-09-12__11:35:17  ./1 12664 snowfla+ 98.7 % 0.0 %
2018-09-12__11:35:53  ./haha 3663 snowfla+ 98.8 % 0.0 %
2018-09-12__11:35:53  ./1 12664 snowfla+ 98.7 % 0.0 %
2018-09-12__11:36:28  ./haha 3663 snowfla+ 98.8 % 0.0 %
2018-09-12__11:36:28  ./1 12664 snowfla+ 98.7 % 0.0 %
2018-09-12__11:37:04  ./haha 3663 snowfla+ 98.7 % 0.0 %
2018-09-12__11:37:04  ./1 12664 snowfla+ 98.7 % 0.0 %
2018-09-12__11:37:40  ./haha 3663 snowfla+ 98.7 % 0.0 %
2018-09-12__11:37:40  ./1 12664 snowfla+ 98.6 % 0.0 %
2018-09-12__11:38:16  ./haha 3663 snowfla+ 98.7 % 0.0 %
2018-09-12__11:38:16  ./1 12664 snowfla+ 98.6 % 0.0 %
2018-09-12__11:38:51  ./haha 3663 snowfla+ 98.7 % 0.0 %
2018-09-12__11:38:51  ./1 12664 snowfla+ 98.6 % 0.0 %
2018-09-12__11:39:27  ./haha 3663 snowfla+ 98.7 % 0.0 %
2018-09-12__11:39:27  ./1 12664 snowfla+ 98.6 % 0.0 %
2018-09-12__11:40:03  ./haha 3663 snowfla+ 98.7 % 0.0 %
2018-09-12__11:40:03  ./1 12664 snowfla+ 98.6 % 0.0 %
2018-09-12__11:41:14  ./haha 3663 snowfla+ 98.7 % 0.0 %
2018-09-12__11:41:14  ./1 12664 snowfla+ 98.6 % 0.0 %
2018-09-12__11:41:49  ./haha 3663 snowfla+ 98.7 % 0.0 %
2018-09-12__11:42:25  ./haha 3663 snowfla+ 98.6 % 0.0 %
2018-09-12__11:43:00  ./haha 3663 snowfla+ 98.7 % 0.0 %
2018-09-12__11:43:36  ./haha 3663 snowfla+ 98.6 % 0.0 %
2018-09-12__11:44:11  ./haha 3663 snowfla+ 98.6 % 0.0 %
2018-09-12__11:44:11  ./1 12664 snowfla+ 98.5 % 0.0 %
2018-09-12__11:44:47  ./haha 3663 snowfla+ 98.6 % 0.0 %
2018-09-12__11:44:47  ./1 12664 snowfla+ 98.5 % 0.0 %
2018-09-12__11:45:23  ./haha 3663 snowfla+ 98.6 % 0.0 %
2018-09-12__11:45:23  ./1 12664 snowfla+ 98.5 % 0.0 %
2018-09-12__11:45:58  ./haha 3663 snowfla+ 98.6 % 0.0 %
2018-09-12__11:45:58  ./1 12664 snowfla+ 98.5 % 0.0 %
2018-09-12__11:46:34  ./haha 3663 snowfla+ 98.6 % 0.0 %
2018-09-12__11:46:34  ./1 12664 snowfla+ 98.4 % 0.0 %
2018-09-12__11:47:09  ./haha 3663 snowfla+ 98.6 % 0.0 %
2018-09-12__11:47:09  ./1 12664 snowfla+ 98.4 % 0.0 %
2018-09-12__11:47:45  ./haha 3663 snowfla+ 98.6 % 0.0 %
2018-09-12__11:47:45  ./1 12664 snowfla+ 98.4 % 0.0 %
2018-09-12__11:48:21  ./haha 3663 snowfla+ 98.6 % 0.0 %
2018-09-12__11:48:21  ./1 12664 snowfla+ 98.4 % 0.0 %
2018-09-12__11:50:06  ./haha 3663 snowfla+ 98.5 % 0.0 %
2018-09-12__11:50:42  ./haha 3663 snowfla+ 98.5 % 0.0 %
2018-09-12__11:51:18  ./haha 3663 snowfla+ 98.6 % 0.0 %
2018-09-12__11:51:53  ./haha 3663 snowfla+ 98.5 % 0.0 %
2018-09-12__11:52:28  ./haha 3663 snowfla+ 98.6 % 0.0 %
2018-09-12__11:52:28  ./1 12664 snowfla+ 98.4 % 0.0 %
2018-09-12__11:53:04  ./haha 3663 snowfla+ 98.6 % 0.0 %
2018-09-12__11:53:04  ./1 12664 snowfla+ 98.4 % 0.0 %
2018-09-12__11:53:40  ./haha 3663 snowfla+ 98.6 % 0.0 %
2018-09-12__11:53:40  ./1 12664 snowfla+ 98.4 % 0.0 %
2018-09-12__11:54:15  ./haha 3663 snowfla+ 98.6 % 0.0 %
2018-09-12__11:54:15  ./1 12664 snowfla+ 98.4 % 0.0 %
2018-09-12__11:54:52  ./haha 3663 snowfla+ 98.6 % 0.0 %
2018-09-12__11:54:52  ./1 12664 snowfla+ 98.4 % 0.0 %
2018-09-12__11:55:27  ./haha 3663 snowfla+ 98.6 % 0.0 %
2018-09-12__11:55:27  ./1 12664 snowfla+ 98.4 % 0.0 %
2018-09-12__11:56:03  ./haha 3663 snowfla+ 98.5 % 0.0 %
2018-09-12__11:56:03  ./1 12664 snowfla+ 98.4 % 0.0 %
2018-09-12__11:56:38  ./haha 3663 snowfla+ 98.6 % 0.0 %
2018-09-12__11:56:38  ./1 12664 snowfla+ 98.4 % 0.0 %
2018-09-12__11:57:14  ./haha 3663 snowfla+ 98.5 % 0.0 %
2018-09-12__11:57:14  ./1 12664 snowfla+ 98.4 % 0.0 %
2018-09-12__11:57:49  ./haha 3663 snowfla+ 98.6 % 0.0 %
2018-09-12__11:57:49  ./1 12664 snowfla+ 98.4 % 0.0 %
2018-09-12__11:35:17  ./haha 3663 snowfla+ 98.8 % 0.0 %
2018-09-12__11:35:17  ./1 12664 snowfla+ 98.7 % 0.0 %
2018-09-12__11:35:53  ./haha 3663 snowfla+ 98.8 % 0.0 %
2018-09-12__11:35:53  ./1 12664 snowfla+ 98.7 % 0.0 %
2018-09-12__11:36:28  ./haha 3663 snowfla+ 98.8 % 0.0 %
2018-09-12__11:36:28  ./1 12664 snowfla+ 98.7 % 0.0 %
2018-09-12__11:37:04  ./haha 3663 snowfla+ 98.7 % 0.0 %
2018-09-12__11:37:04  ./1 12664 snowfla+ 98.7 % 0.0 %
2018-09-12__11:37:40  ./haha 3663 snowfla+ 98.7 % 0.0 %
2018-09-12__11:37:40  ./1 12664 snowfla+ 98.6 % 0.0 %
2018-09-12__11:38:16  ./haha 3663 snowfla+ 98.7 % 0.0 %
2018-09-12__11:38:16  ./1 12664 snowfla+ 98.6 % 0.0 %
2018-09-12__11:38:51  ./haha 3663 snowfla+ 98.7 % 0.0 %
2018-09-12__11:38:51  ./1 12664 snowfla+ 98.6 % 0.0 %
2018-09-12__11:39:27  ./haha 3663 snowfla+ 98.7 % 0.0 %
2018-09-12__11:39:27  ./1 12664 snowfla+ 98.6 % 0.0 %
2018-09-12__11:40:03  ./haha 3663 snowfla+ 98.7 % 0.0 %
2018-09-12__11:40:03  ./1 12664 snowfla+ 98.6 % 0.0 %
2018-09-12__11:41:14  ./haha 3663 snowfla+ 98.7 % 0.0 %
2018-09-12__11:41:14  ./1 12664 snowfla+ 98.6 % 0.0 %
2018-09-12__11:41:49  ./haha 3663 snowfla+ 98.7 % 0.0 %
2018-09-12__11:42:25  ./haha 3663 snowfla+ 98.6 % 0.0 %
2018-09-12__11:43:00  ./haha 3663 snowfla+ 98.7 % 0.0 %
2018-09-12__11:43:36  ./haha 3663 snowfla+ 98.6 % 0.0 %
2018-09-12__11:44:11  ./haha 3663 snowfla+ 98.6 % 0.0 %
2018-09-12__11:44:11  ./1 12664 snowfla+ 98.5 % 0.0 %
2018-09-12__11:44:47  ./haha 3663 snowfla+ 98.6 % 0.0 %
2018-09-12__11:44:47  ./1 12664 snowfla+ 98.5 % 0.0 %
2018-09-12__11:45:23  ./haha 3663 snowfla+ 98.6 % 0.0 %
2018-09-12__11:45:23  ./1 12664 snowfla+ 98.5 % 0.0 %
2018-09-12__11:45:58  ./haha 3663 snowfla+ 98.6 % 0.0 %
2018-09-12__11:45:58  ./1 12664 snowfla+ 98.5 % 0.0 %
2018-09-12__11:46:34  ./haha 3663 snowfla+ 98.6 % 0.0 %
2018-09-12__11:46:34  ./1 12664 snowfla+ 98.4 % 0.0 %
2018-09-12__11:47:09  ./haha 3663 snowfla+ 98.6 % 0.0 %
2018-09-12__11:47:09  ./1 12664 snowfla+ 98.4 % 0.0 %
2018-09-12__11:47:45  ./haha 3663 snowfla+ 98.6 % 0.0 %
2018-09-12__11:47:45  ./1 12664 snowfla+ 98.4 % 0.0 %
2018-09-12__11:48:21  ./haha 3663 snowfla+ 98.6 % 0.0 %
2018-09-12__11:48:21  ./1 12664 snowfla+ 98.4 % 0.0 %
2018-09-12__11:50:06  ./haha 3663 snowfla+ 98.5 % 0.0 %
2018-09-12__11:50:42  ./haha 3663 snowfla+ 98.5 % 0.0 %
2018-09-12__11:51:18  ./haha 3663 snowfla+ 98.6 % 0.0 %
2018-09-12__11:51:53  ./haha 3663 snowfla+ 98.5 % 0.0 %
2018-09-12__11:52:28  ./haha 3663 snowfla+ 98.6 % 0.0 %
2018-09-12__11:52:28  ./1 12664 snowfla+ 98.4 % 0.0 %
2018-09-12__11:53:04  ./haha 3663 snowfla+ 98.6 % 0.0 %
2018-09-12__11:53:04  ./1 12664 snowfla+ 98.4 % 0.0 %
2018-09-12__11:53:40  ./haha 3663 snowfla+ 98.6 % 0.0 %
2018-09-12__11:53:40  ./1 12664 snowfla+ 98.4 % 0.0 %
2018-09-12__11:54:15  ./haha 3663 snowfla+ 98.6 % 0.0 %
2018-09-12__11:54:15  ./1 12664 snowfla+ 98.4 % 0.0 %
2018-09-12__11:54:52  ./haha 3663 snowfla+ 98.6 % 0.0 %
2018-09-12__11:54:52  ./1 12664 snowfla+ 98.4 % 0.0 %
2018-09-12__11:55:27  ./haha 3663 snowfla+ 98.6 % 0.0 %
2018-09-12__11:55:27  ./1 12664 snowfla+ 98.4 % 0.0 %
2018-09-12__11:56:03  ./haha 3663 snowfla+ 98.5 % 0.0 %
2018-09-12__11:56:03  ./1 12664 snowfla+ 98.4 % 0.0 %
2018-09-12__11:56:38  ./haha 3663 snowfla+ 98.6 % 0.0 %
2018-09-12__11:56:38  ./1 12664 snowfla+ 98.4 % 0.0 %
2018-09-12__11:57:14  ./haha 3663 snowfla+ 98.5 % 0.0 %
2018-09-12__11:57:14  ./1 12664 snowfla+ 98.4 % 0.0 %
2018-09-12__11:57:49  ./haha 3663 snowfla+ 98.6 % 0.0 %
2018-09-12__11:57:49  ./1 12664 snowfla+ 98.4 % 0.0 %
2018-09-12__12:00:11  ./haha 3663 snowfla+ 98.5 % 0.0 %
2018-09-12__12:00:11  ./1 12664 snowfla+ 98.4 % 0.0 %
2018-09-12__12:00:47  ./haha 3663 snowfla+ 98.5 % 0.0 %
2018-09-12__12:01:22  ./haha 3663 snowfla+ 98.5 % 0.0 %
2018-09-12__12:01:57  ./haha 3663 snowfla+ 98.5 % 0.0 %
2018-09-12__12:02:33  ./haha 3663 snowfla+ 98.5 % 0.0 %
2018-09-12__12:02:33  ./1 12664 snowfla+ 98.4 % 0.0 %
2018-09-12__12:03:09  ./haha 3663 snowfla+ 98.6 % 0.0 %
2018-09-12__12:03:09  ./1 12664 snowfla+ 98.4 % 0.0 %
2018-09-12__12:03:44  ./haha 3663 snowfla+ 98.5 % 0.0 %
2018-09-12__12:03:44  ./1 12664 snowfla+ 98.4 % 0.0 %
2018-09-12__12:04:19  ./haha 3663 snowfla+ 98.5 % 0.0 %
2018-09-12__12:04:19  ./1 12664 snowfla+ 98.4 % 0.0 %
2018-09-12__12:57:50  ./haha 3663 snowfla+ 98.7 % 0.0 %
2018-09-12__12:57:50  ./1 12664 snowfla+ 98.6 % 0.0 %
2018-09-12__12:58:26  ./haha 3663 snowfla+ 98.7 % 0.0 %
2018-09-12__12:58:26  ./1 12664 snowfla+ 98.7 % 0.0 %
2018-09-12__12:59:01  ./haha 3663 snowfla+ 98.7 % 0.0 %
2018-09-12__12:59:01  ./1 12664 snowfla+ 98.7 % 0.0 %
2018-09-12__12:59:37  ./haha 3663 snowfla+ 98.7 % 0.0 %
2018-09-12__12:59:37  ./1 12664 snowfla+ 98.7 % 0.0 %
2018-09-12__13:00:12  ./haha 3663 snowfla+ 98.7 % 0.0 %
2018-09-12__13:00:12  ./1 12664 snowfla+ 98.6 % 0.0 %
2018-09-12__13:00:47  ./haha 3663 snowfla+ 98.7 % 0.0 %
2018-09-12__13:00:47  ./1 12664 snowfla+ 98.7 % 0.0 %
2018-09-12__13:01:23  ./haha 3663 snowfla+ 98.7 % 0.0 %
2018-09-12__13:01:23  ./1 12664 snowfla+ 98.7 % 0.0 %
2018-09-12__13:01:59  ./haha 3663 snowfla+ 98.7 % 0.0 %
2018-09-12__13:01:59  ./1 12664 snowfla+ 98.7 % 0.0 %
2018-09-12__13:02:34  ./haha 3663 snowfla+ 98.7 % 0.0 %
2018-09-12__13:02:34  ./1 12664 snowfla+ 98.7 % 0.0 %
2018-09-12__13:03:10  ./haha 3663 snowfla+ 98.7 % 0.0 %
2018-09-12__12:57:50  ./haha 3663 snowfla+ 98.7 % 0.0 %
2018-09-12__12:57:50  ./1 12664 snowfla+ 98.6 % 0.0 %
2018-09-12__12:58:26  ./haha 3663 snowfla+ 98.7 % 0.0 %
2018-09-12__12:58:26  ./1 12664 snowfla+ 98.7 % 0.0 %
2018-09-12__12:59:01  ./haha 3663 snowfla+ 98.7 % 0.0 %
2018-09-12__12:59:01  ./1 12664 snowfla+ 98.7 % 0.0 %
2018-09-12__12:59:37  ./haha 3663 snowfla+ 98.7 % 0.0 %
2018-09-12__12:59:37  ./1 12664 snowfla+ 98.7 % 0.0 %
2018-09-12__13:00:12  ./haha 3663 snowfla+ 98.7 % 0.0 %
2018-09-12__13:00:12  ./1 12664 snowfla+ 98.6 % 0.0 %
2018-09-12__13:00:47  ./haha 3663 snowfla+ 98.7 % 0.0 %
2018-09-12__13:00:47  ./1 12664 snowfla+ 98.7 % 0.0 %
2018-09-12__13:01:23  ./haha 3663 snowfla+ 98.7 % 0.0 %
2018-09-12__13:01:23  ./1 12664 snowfla+ 98.7 % 0.0 %
2018-09-12__13:01:59  ./haha 3663 snowfla+ 98.7 % 0.0 %
2018-09-12__13:01:59  ./1 12664 snowfla+ 98.7 % 0.0 %
2018-09-12__13:02:34  ./haha 3663 snowfla+ 98.7 % 0.0 %
2018-09-12__13:02:34  ./1 12664 snowfla+ 98.7 % 0.0 %
2018-09-12__13:03:10  ./haha 3663 snowfla+ 98.7 % 0.0 %
2018-09-12__13:04:20  ./haha 3663 snowfla+ 98.7 % 0.0 %
2018-09-12__13:04:20  ./1 12664 snowfla+ 98.7 % 0.0 %
2018-09-12__13:04:56  ./haha 3663 snowfla+ 98.7 % 0.0 %
2018-09-12__13:05:31  ./haha 3663 snowfla+ 98.7 % 0.0 %
2018-09-12__13:06:07  ./haha 3663 snowfla+ 98.7 % 0.0 %
2018-09-12__13:06:42  ./haha 3663 snowfla+ 98.7 % 0.0 %
2018-09-12__13:07:17  ./haha 3663 snowfla+ 98.7 % 0.0 %
2018-09-12__13:07:53  ./haha 3663 snowfla+ 98.7 % 0.0 %
2018-09-12__13:07:53  ./1 12664 snowfla+ 98.7 % 0.0 %
2018-09-12__13:08:28  ./haha 3663 snowfla+ 98.7 % 0.0 %
2018-09-12__13:08:28  ./1 12664 snowfla+ 98.7 % 0.0 %
2018-09-12__13:09:04  ./haha 3663 snowfla+ 98.7 % 0.0 %
2018-09-12__13:09:04  ./1 12664 snowfla+ 98.7 % 0.0 %
2018-09-12__12:57:50  ./haha 3663 snowfla+ 98.7 % 0.0 %
2018-09-12__12:57:50  ./1 12664 snowfla+ 98.6 % 0.0 %
2018-09-12__12:58:26  ./haha 3663 snowfla+ 98.7 % 0.0 %
2018-09-12__12:58:26  ./1 12664 snowfla+ 98.7 % 0.0 %
2018-09-12__12:59:01  ./haha 3663 snowfla+ 98.7 % 0.0 %
2018-09-12__12:59:01  ./1 12664 snowfla+ 98.7 % 0.0 %
2018-09-12__12:59:37  ./haha 3663 snowfla+ 98.7 % 0.0 %
2018-09-12__12:59:37  ./1 12664 snowfla+ 98.7 % 0.0 %
2018-09-12__13:00:12  ./haha 3663 snowfla+ 98.7 % 0.0 %
2018-09-12__13:00:12  ./1 12664 snowfla+ 98.6 % 0.0 %
2018-09-12__13:00:47  ./haha 3663 snowfla+ 98.7 % 0.0 %
2018-09-12__13:00:47  ./1 12664 snowfla+ 98.7 % 0.0 %
2018-09-12__13:01:23  ./haha 3663 snowfla+ 98.7 % 0.0 %
2018-09-12__13:01:23  ./1 12664 snowfla+ 98.7 % 0.0 %
2018-09-12__13:01:59  ./haha 3663 snowfla+ 98.7 % 0.0 %
2018-09-12__13:01:59  ./1 12664 snowfla+ 98.7 % 0.0 %
2018-09-12__13:02:34  ./haha 3663 snowfla+ 98.7 % 0.0 %
2018-09-12__13:02:34  ./1 12664 snowfla+ 98.7 % 0.0 %
2018-09-12__13:03:10  ./haha 3663 snowfla+ 98.7 % 0.0 %
2018-09-12__13:04:20  ./haha 3663 snowfla+ 98.7 % 0.0 %
2018-09-12__13:04:20  ./1 12664 snowfla+ 98.7 % 0.0 %
2018-09-12__13:04:56  ./haha 3663 snowfla+ 98.7 % 0.0 %
2018-09-12__13:05:31  ./haha 3663 snowfla+ 98.7 % 0.0 %
2018-09-12__13:06:07  ./haha 3663 snowfla+ 98.7 % 0.0 %
2018-09-12__13:06:42  ./haha 3663 snowfla+ 98.7 % 0.0 %
2018-09-12__13:07:17  ./haha 3663 snowfla+ 98.7 % 0.0 %
2018-09-12__13:07:53  ./haha 3663 snowfla+ 98.7 % 0.0 %
2018-09-12__13:07:53  ./1 12664 snowfla+ 98.7 % 0.0 %
2018-09-12__13:08:28  ./haha 3663 snowfla+ 98.7 % 0.0 %
2018-09-12__13:08:28  ./1 12664 snowfla+ 98.7 % 0.0 %
2018-09-12__13:09:04  ./haha 3663 snowfla+ 98.7 % 0.0 %
2018-09-12__13:09:04  ./1 12664 snowfla+ 98.7 % 0.0 %
2018-09-12__13:09:39  ./haha 3663 snowfla+ 98.7 % 0.0 %
2018-09-12__13:09:39  ./1 12664 snowfla+ 98.7 % 0.0 %
2018-09-12__13:10:15  ./haha 3663 snowfla+ 98.7 % 0.0 %
2018-09-12__13:10:15  ./1 12664 snowfla+ 98.7 % 0.0 %
2018-09-12__13:10:50  ./haha 3663 snowfla+ 98.7 % 0.0 %
2018-09-12__13:10:50  ./1 12664 snowfla+ 98.7 % 0.0 %
2018-09-12__13:11:26  ./haha 3663 snowfla+ 98.7 % 0.0 %
2018-09-12__13:11:26  ./1 12664 snowfla+ 98.7 % 0.0 %
2018-09-12__13:12:01  ./haha 3663 snowfla+ 98.7 % 0.0 %
2018-09-12__13:12:01  ./1 12664 snowfla+ 98.7 % 0.0 %
2018-09-12__13:12:37  ./haha 3663 snowfla+ 98.7 % 0.0 %
2018-09-12__13:12:37  ./1 12664 snowfla+ 98.7 % 0.0 %
2018-09-12__13:13:12  ./haha 3663 snowfla+ 98.7 % 0.0 %
2018-09-12__13:13:12  ./1 12664 snowfla+ 98.7 % 0.0 %
2018-09-12__13:13:48  ./haha 3663 snowfla+ 98.7 % 0.0 %
2018-09-12__13:13:48  ./1 12664 snowfla+ 98.7 % 0.0 %
2018-09-12__13:14:23  ./haha 3663 snowfla+ 98.7 % 0.0 %
2018-09-12__13:14:23  ./1 12664 snowfla+ 98.7 % 0.0 %
2018-09-12__13:29:08  ./haha 3663 snowfla+ 98.8 % 0.0 %
2018-09-12__13:29:08  ./1 12664 snowfla+ 98.7 % 0.0 %
2018-09-12__13:29:43  ./haha 3663 snowfla+ 98.8 % 0.0 %
2018-09-12__13:29:43  ./1 12664 snowfla+ 98.7 % 0.0 %
2018-09-12__13:30:19  ./haha 3663 snowfla+ 98.8 % 0.0 %
2018-09-12__13:30:19  ./1 12664 snowfla+ 98.7 % 0.0 %
2018-09-12__13:30:54  ./haha 3663 snowfla+ 98.8 % 0.0 %
2018-09-12__13:30:54  ./1 12664 snowfla+ 98.7 % 0.0 %
2018-09-12__13:31:30  ./haha 3663 snowfla+ 98.8 % 0.0 %
2018-09-12__13:31:30  ./1 12664 snowfla+ 98.8 % 0.0 %
2018-09-12__13:32:05  ./haha 3663 snowfla+ 98.8 % 0.0 %
2018-09-12__13:32:05  ./1 12664 snowfla+ 98.8 % 0.0 %
2018-09-12__13:32:40  ./haha 3663 snowfla+ 98.8 % 0.0 %
2018-09-12__13:32:40  ./1 12664 snowfla+ 98.8 % 0.0 %
2018-09-12__13:33:16  ./haha 3663 snowfla+ 98.8 % 0.0 %
2018-09-12__13:33:16  ./1 12664 snowfla+ 98.8 % 0.0 %
2018-09-12__13:33:51  ./haha 3663 snowfla+ 98.8 % 0.0 %
2018-09-12__13:33:51  ./1 12664 snowfla+ 98.8 % 0.0 %
2018-09-12__13:34:27  ./haha 3663 snowfla+ 98.8 % 0.0 %
2018-09-12__13:34:27  ./1 12664 snowfla+ 98.8 % 0.0 %
2018-09-12__13:29:08  ./haha 3663 snowfla+ 98.8 % 0.0 %
2018-09-12__13:29:08  ./1 12664 snowfla+ 98.7 % 0.0 %
2018-09-12__13:29:43  ./haha 3663 snowfla+ 98.8 % 0.0 %
2018-09-12__13:29:43  ./1 12664 snowfla+ 98.7 % 0.0 %
2018-09-12__13:30:19  ./haha 3663 snowfla+ 98.8 % 0.0 %
2018-09-12__13:30:19  ./1 12664 snowfla+ 98.7 % 0.0 %
2018-09-12__13:30:54  ./haha 3663 snowfla+ 98.8 % 0.0 %
2018-09-12__13:30:54  ./1 12664 snowfla+ 98.7 % 0.0 %
2018-09-12__13:31:30  ./haha 3663 snowfla+ 98.8 % 0.0 %
2018-09-12__13:31:30  ./1 12664 snowfla+ 98.8 % 0.0 %
2018-09-12__13:32:05  ./haha 3663 snowfla+ 98.8 % 0.0 %
2018-09-12__13:32:05  ./1 12664 snowfla+ 98.8 % 0.0 %
2018-09-12__13:32:40  ./haha 3663 snowfla+ 98.8 % 0.0 %
2018-09-12__13:32:40  ./1 12664 snowfla+ 98.8 % 0.0 %
2018-09-12__13:33:16  ./haha 3663 snowfla+ 98.8 % 0.0 %
2018-09-12__13:33:16  ./1 12664 snowfla+ 98.8 % 0.0 %
2018-09-12__13:33:51  ./haha 3663 snowfla+ 98.8 % 0.0 %
2018-09-12__13:33:51  ./1 12664 snowfla+ 98.8 % 0.0 %
2018-09-12__13:34:27  ./haha 3663 snowfla+ 98.8 % 0.0 %
2018-09-12__13:34:27  ./1 12664 snowfla+ 98.8 % 0.0 %
2018-09-12__13:35:02  ./haha 3663 snowfla+ 98.8 % 0.0 %
2018-09-12__13:35:02  ./1 12664 snowfla+ 98.8 % 0.0 %
2018-09-12__13:35:37  ./haha 3663 snowfla+ 98.8 % 0.0 %
2018-09-12__13:35:37  ./1 12664 snowfla+ 98.8 % 0.0 %
2018-09-12__13:36:13  ./haha 3663 snowfla+ 98.8 % 0.0 %
2018-09-12__13:36:13  ./1 12664 snowfla+ 98.8 % 0.0 %
2018-09-12__13:36:48  ./haha 3663 snowfla+ 98.8 % 0.0 %
2018-09-12__13:36:48  ./1 12664 snowfla+ 98.8 % 0.0 %
2018-09-12__13:37:24  ./haha 3663 snowfla+ 98.8 % 0.0 %
2018-09-12__13:37:24  ./1 12664 snowfla+ 98.8 % 0.0 %
2018-09-12__13:37:59  ./haha 3663 snowfla+ 98.8 % 0.0 %
2018-09-12__13:37:59  ./1 12664 snowfla+ 98.8 % 0.0 %
2018-09-12__13:38:34  ./haha 3663 snowfla+ 98.8 % 0.0 %
2018-09-12__13:38:34  ./1 12664 snowfla+ 98.8 % 0.0 %
2018-09-12__13:39:10  ./haha 3663 snowfla+ 98.8 % 0.0 %
2018-09-12__13:39:10  ./1 12664 snowfla+ 98.8 % 0.0 %
2018-09-12__13:39:45  ./haha 3663 snowfla+ 98.8 % 0.0 %
2018-09-12__13:39:45  ./1 12664 snowfla+ 98.8 % 0.0 %
2018-09-12__13:40:20  ./haha 3663 snowfla+ 98.8 % 0.0 %
2018-09-12__13:40:20  ./1 12664 snowfla+ 98.8 % 0.0 %
2018-09-12__13:29:08  ./haha 3663 snowfla+ 98.8 % 0.0 %
2018-09-12__13:29:08  ./1 12664 snowfla+ 98.7 % 0.0 %
2018-09-12__13:29:43  ./haha 3663 snowfla+ 98.8 % 0.0 %
2018-09-12__13:29:43  ./1 12664 snowfla+ 98.7 % 0.0 %
2018-09-12__13:30:19  ./haha 3663 snowfla+ 98.8 % 0.0 %
2018-09-12__13:30:19  ./1 12664 snowfla+ 98.7 % 0.0 %
2018-09-12__13:30:54  ./haha 3663 snowfla+ 98.8 % 0.0 %
2018-09-12__13:30:54  ./1 12664 snowfla+ 98.7 % 0.0 %
2018-09-12__13:31:30  ./haha 3663 snowfla+ 98.8 % 0.0 %
2018-09-12__13:31:30  ./1 12664 snowfla+ 98.8 % 0.0 %
2018-09-12__13:32:05  ./haha 3663 snowfla+ 98.8 % 0.0 %
2018-09-12__13:32:05  ./1 12664 snowfla+ 98.8 % 0.0 %
2018-09-12__13:32:40  ./haha 3663 snowfla+ 98.8 % 0.0 %
2018-09-12__13:32:40  ./1 12664 snowfla+ 98.8 % 0.0 %
2018-09-12__13:33:16  ./haha 3663 snowfla+ 98.8 % 0.0 %
2018-09-12__13:33:16  ./1 12664 snowfla+ 98.8 % 0.0 %
2018-09-12__13:33:51  ./haha 3663 snowfla+ 98.8 % 0.0 %
2018-09-12__13:33:51  ./1 12664 snowfla+ 98.8 % 0.0 %
2018-09-12__13:34:27  ./haha 3663 snowfla+ 98.8 % 0.0 %
2018-09-12__13:34:27  ./1 12664 snowfla+ 98.8 % 0.0 %
2018-09-12__13:35:02  ./haha 3663 snowfla+ 98.8 % 0.0 %
2018-09-12__13:35:02  ./1 12664 snowfla+ 98.8 % 0.0 %
2018-09-12__13:35:37  ./haha 3663 snowfla+ 98.8 % 0.0 %
2018-09-12__13:35:37  ./1 12664 snowfla+ 98.8 % 0.0 %
2018-09-12__13:36:13  ./haha 3663 snowfla+ 98.8 % 0.0 %
2018-09-12__13:36:13  ./1 12664 snowfla+ 98.8 % 0.0 %
2018-09-12__13:36:48  ./haha 3663 snowfla+ 98.8 % 0.0 %
2018-09-12__13:36:48  ./1 12664 snowfla+ 98.8 % 0.0 %
2018-09-12__13:37:24  ./haha 3663 snowfla+ 98.8 % 0.0 %
2018-09-12__13:37:24  ./1 12664 snowfla+ 98.8 % 0.0 %
2018-09-12__13:37:59  ./haha 3663 snowfla+ 98.8 % 0.0 %
2018-09-12__13:37:59  ./1 12664 snowfla+ 98.8 % 0.0 %
2018-09-12__13:38:34  ./haha 3663 snowfla+ 98.8 % 0.0 %
2018-09-12__13:38:34  ./1 12664 snowfla+ 98.8 % 0.0 %
2018-09-12__13:39:10  ./haha 3663 snowfla+ 98.8 % 0.0 %
2018-09-12__13:39:10  ./1 12664 snowfla+ 98.8 % 0.0 %
2018-09-12__13:39:45  ./haha 3663 snowfla+ 98.8 % 0.0 %
2018-09-12__13:39:45  ./1 12664 snowfla+ 98.8 % 0.0 %
2018-09-12__13:40:20  ./haha 3663 snowfla+ 98.8 % 0.0 %
2018-09-12__13:40:20  ./1 12664 snowfla+ 98.8 % 0.0 %
2018-09-12__13:40:56  ./haha 3663 snowfla+ 98.8 % 0.0 %
2018-09-12__13:40:56  ./1 12664 snowfla+ 98.8 % 0.0 %
2018-09-12__13:41:31  ./haha 3663 snowfla+ 98.8 % 0.0 %
2018-09-12__13:41:31  ./1 12664 snowfla+ 98.8 % 0.0 %
2018-09-12__13:42:07  ./haha 3663 snowfla+ 98.8 % 0.0 %
2018-09-12__13:42:07  ./1 12664 snowfla+ 98.8 % 0.0 %
2018-09-12__13:42:42  ./haha 3663 snowfla+ 98.8 % 0.0 %
2018-09-12__13:42:42  ./1 12664 snowfla+ 98.8 % 0.0 %
2018-09-12__13:43:17  ./haha 3663 snowfla+ 98.8 % 0.0 %
2018-09-12__13:43:17  ./1 12664 snowfla+ 98.8 % 0.0 %
2018-09-12__13:43:53  ./haha 3663 snowfla+ 98.8 % 0.0 %
2018-09-12__13:43:53  ./1 12664 snowfla+ 98.8 % 0.0 %
2018-09-12__13:44:28  ./haha 3663 snowfla+ 98.8 % 0.0 %
2018-09-12__13:44:28  ./1 12664 snowfla+ 98.8 % 0.0 %
2018-09-12__13:45:03  ./haha 3663 snowfla+ 98.8 % 0.0 %
2018-09-12__13:45:03  ./1 12664 snowfla+ 98.8 % 0.0 %
2018-09-12__13:45:39  ./haha 3663 snowfla+ 98.8 % 0.0 %
2018-09-12__13:45:39  ./1 12664 snowfla+ 98.8 % 0.0 %
2018-09-12__13:46:14  ./haha 3663 snowfla+ 98.8 % 0.0 %
2018-09-12__13:46:14  ./1 12664 snowfla+ 98.8 % 0.0 %
2018-09-12__13:29:08  ./haha 3663 snowfla+ 98.8 % 0.0 %
2018-09-12__13:29:08  ./1 12664 snowfla+ 98.7 % 0.0 %
2018-09-12__13:29:43  ./haha 3663 snowfla+ 98.8 % 0.0 %
2018-09-12__13:29:43  ./1 12664 snowfla+ 98.7 % 0.0 %
2018-09-12__13:30:19  ./haha 3663 snowfla+ 98.8 % 0.0 %
2018-09-12__13:30:19  ./1 12664 snowfla+ 98.7 % 0.0 %
2018-09-12__13:30:54  ./haha 3663 snowfla+ 98.8 % 0.0 %
2018-09-12__13:30:54  ./1 12664 snowfla+ 98.7 % 0.0 %
2018-09-12__13:31:30  ./haha 3663 snowfla+ 98.8 % 0.0 %
2018-09-12__13:31:30  ./1 12664 snowfla+ 98.8 % 0.0 %
2018-09-12__13:32:05  ./haha 3663 snowfla+ 98.8 % 0.0 %
2018-09-12__13:32:05  ./1 12664 snowfla+ 98.8 % 0.0 %
2018-09-12__13:32:40  ./haha 3663 snowfla+ 98.8 % 0.0 %
2018-09-12__13:32:40  ./1 12664 snowfla+ 98.8 % 0.0 %
2018-09-12__13:33:16  ./haha 3663 snowfla+ 98.8 % 0.0 %
2018-09-12__13:33:16  ./1 12664 snowfla+ 98.8 % 0.0 %
2018-09-12__13:33:51  ./haha 3663 snowfla+ 98.8 % 0.0 %
2018-09-12__13:33:51  ./1 12664 snowfla+ 98.8 % 0.0 %
2018-09-12__13:34:27  ./haha 3663 snowfla+ 98.8 % 0.0 %
2018-09-12__13:34:27  ./1 12664 snowfla+ 98.8 % 0.0 %
2018-09-12__13:35:02  ./haha 3663 snowfla+ 98.8 % 0.0 %
2018-09-12__13:35:02  ./1 12664 snowfla+ 98.8 % 0.0 %
2018-09-12__13:35:37  ./haha 3663 snowfla+ 98.8 % 0.0 %
2018-09-12__13:35:37  ./1 12664 snowfla+ 98.8 % 0.0 %
2018-09-12__13:36:13  ./haha 3663 snowfla+ 98.8 % 0.0 %
2018-09-12__13:36:13  ./1 12664 snowfla+ 98.8 % 0.0 %
2018-09-12__13:36:48  ./haha 3663 snowfla+ 98.8 % 0.0 %
2018-09-12__13:36:48  ./1 12664 snowfla+ 98.8 % 0.0 %
2018-09-12__13:37:24  ./haha 3663 snowfla+ 98.8 % 0.0 %
2018-09-12__13:37:24  ./1 12664 snowfla+ 98.8 % 0.0 %
2018-09-12__13:37:59  ./haha 3663 snowfla+ 98.8 % 0.0 %
2018-09-12__13:37:59  ./1 12664 snowfla+ 98.8 % 0.0 %
2018-09-12__13:38:34  ./haha 3663 snowfla+ 98.8 % 0.0 %
2018-09-12__13:38:34  ./1 12664 snowfla+ 98.8 % 0.0 %
2018-09-12__13:39:10  ./haha 3663 snowfla+ 98.8 % 0.0 %
2018-09-12__13:39:10  ./1 12664 snowfla+ 98.8 % 0.0 %
2018-09-12__13:39:45  ./haha 3663 snowfla+ 98.8 % 0.0 %
2018-09-12__13:39:45  ./1 12664 snowfla+ 98.8 % 0.0 %
2018-09-12__13:40:20  ./haha 3663 snowfla+ 98.8 % 0.0 %
2018-09-12__13:40:20  ./1 12664 snowfla+ 98.8 % 0.0 %
2018-09-12__13:40:56  ./haha 3663 snowfla+ 98.8 % 0.0 %
2018-09-12__13:40:56  ./1 12664 snowfla+ 98.8 % 0.0 %
2018-09-12__13:41:31  ./haha 3663 snowfla+ 98.8 % 0.0 %
2018-09-12__13:41:31  ./1 12664 snowfla+ 98.8 % 0.0 %
2018-09-12__13:42:07  ./haha 3663 snowfla+ 98.8 % 0.0 %
2018-09-12__13:42:07  ./1 12664 snowfla+ 98.8 % 0.0 %
2018-09-12__13:42:42  ./haha 3663 snowfla+ 98.8 % 0.0 %
2018-09-12__13:42:42  ./1 12664 snowfla+ 98.8 % 0.0 %
2018-09-12__13:43:17  ./haha 3663 snowfla+ 98.8 % 0.0 %
2018-09-12__13:43:17  ./1 12664 snowfla+ 98.8 % 0.0 %
2018-09-12__13:43:53  ./haha 3663 snowfla+ 98.8 % 0.0 %
2018-09-12__13:43:53  ./1 12664 snowfla+ 98.8 % 0.0 %
2018-09-12__13:44:28  ./haha 3663 snowfla+ 98.8 % 0.0 %
2018-09-12__13:44:28  ./1 12664 snowfla+ 98.8 % 0.0 %
2018-09-12__13:45:03  ./haha 3663 snowfla+ 98.8 % 0.0 %
2018-09-12__13:45:03  ./1 12664 snowfla+ 98.8 % 0.0 %
2018-09-12__13:45:39  ./haha 3663 snowfla+ 98.8 % 0.0 %
2018-09-12__13:45:39  ./1 12664 snowfla+ 98.8 % 0.0 %
2018-09-12__13:46:14  ./haha 3663 snowfla+ 98.8 % 0.0 %
2018-09-12__13:46:14  ./1 12664 snowfla+ 98.8 % 0.0 %
2018-09-12__13:46:49  ./haha 3663 snowfla+ 98.8 % 0.0 %
2018-09-12__13:46:49  ./1 12664 snowfla+ 98.8 % 0.0 %
2018-09-12__13:47:25  ./haha 3663 snowfla+ 98.8 % 0.0 %
2018-09-12__13:47:25  ./1 12664 snowfla+ 98.8 % 0.0 %
2018-09-12__13:48:00  ./haha 3663 snowfla+ 98.8 % 0.0 %
2018-09-12__13:48:00  ./1 12664 snowfla+ 98.8 % 0.0 %
2018-09-12__13:48:36  ./haha 3663 snowfla+ 98.8 % 0.0 %
2018-09-12__13:48:36  ./1 12664 snowfla+ 98.8 % 0.0 %
2018-09-12__13:49:11  ./haha 3663 snowfla+ 98.8 % 0.0 %
2018-09-12__13:49:11  ./1 12664 snowfla+ 98.8 % 0.0 %
2018-09-12__13:49:47  ./haha 3663 snowfla+ 98.8 % 0.0 %
2018-09-12__13:49:47  ./1 12664 snowfla+ 98.8 % 0.0 %
2018-09-12__13:50:22  ./haha 3663 snowfla+ 98.9 % 0.0 %
2018-09-12__13:50:22  ./1 12664 snowfla+ 98.8 % 0.0 %
2018-09-12__13:50:58  ./haha 3663 snowfla+ 98.9 % 0.0 %
2018-09-12__13:50:58  ./1 12664 snowfla+ 98.8 % 0.0 %
2018-09-12__13:51:33  ./haha 3663 snowfla+ 98.9 % 0.0 %
2018-09-12__13:51:33  ./1 12664 snowfla+ 98.8 % 0.0 %
2018-09-12__13:52:08  ./haha 3663 snowfla+ 98.9 % 0.0 %
2018-09-12__13:52:08  ./1 12664 snowfla+ 98.8 % 0.0 %
2018-09-12__14:21:03  ./haha 3663 snowfla+ 98.9 % 0.0 %
2018-09-12__14:21:03  ./1 12664 snowfla+ 98.9 % 0.0 %
2018-09-12__14:21:39  ./haha 3663 snowfla+ 98.9 % 0.0 %
2018-09-12__14:21:39  ./1 12664 snowfla+ 98.9 % 0.0 %
2018-09-12__14:22:14  ./haha 3663 snowfla+ 98.9 % 0.0 %
2018-09-12__14:22:14  ./1 12664 snowfla+ 98.9 % 0.0 %
2018-09-12__14:22:49  ./haha 3663 snowfla+ 98.9 % 0.0 %
2018-09-12__14:22:49  ./1 12664 snowfla+ 98.9 % 0.0 %
2018-09-12__14:23:25  ./haha 3663 snowfla+ 98.9 % 0.0 %
2018-09-12__14:23:25  ./1 12664 snowfla+ 98.9 % 0.0 %
2018-09-12__14:24:00  ./haha 3663 snowfla+ 98.9 % 0.0 %
2018-09-12__14:24:00  ./1 12664 snowfla+ 98.9 % 0.0 %
2018-09-12__14:24:36  ./haha 3663 snowfla+ 98.9 % 0.0 %
2018-09-12__14:24:36  ./1 12664 snowfla+ 98.9 % 0.0 %
2018-09-12__14:25:11  ./haha 3663 snowfla+ 98.9 % 0.0 %
2018-09-12__14:25:11  ./1 12664 snowfla+ 98.9 % 0.0 %
2018-09-12__14:25:46  ./haha 3663 snowfla+ 98.9 % 0.0 %
2018-09-12__14:26:22  ./haha 3663 snowfla+ 98.9 % 0.0 %
2018-09-12__14:26:22  ./1 12664 snowfla+ 98.9 % 0.0 %
