2018-09-10__16:49:53 pi1 Linux 4.9.41-v7+ up_3_days,_8_hours,_51_minutes  8.80, 5.11, 2.40  70% 927 11% 56 normal normal note
2018-09-10__16:51:02 pi1 Linux 4.9.41-v7+ up_3_days,_8_hours,_52_minutes  12.04, 6.87, 3.20  71% 927 11% 57 normal normal note
2018-09-10__16:52:04 pi1 Linux 4.9.41-v7+ up_3_days,_8_hours,_53_minutes  9.90, 7.35, 3.61  71% 927 11% 57 normal normal note
2018-09-10__16:53:04 pi1 Linux 4.9.41-v7+ up_3_days,_8_hours,_54_minutes  7.81, 7.36, 3.86  72% 927 11% 60 normal normal note
2018-09-10__16:54:04 pi1 Linux 4.9.41-v7+ up_3_days,_8_hours,_55_minutes  8.39, 7.72, 4.21  73% 927 11% 58 normal normal note
2018-09-10__16:55:04 pi1 Linux 4.9.41-v7+ up_3_days,_8_hours,_56_minutes  14.66, 9.69, 5.11  73% 927 11% 59 normal normal note
2018-09-10__16:56:04 pi1 Linux 4.9.41-v7+ up_3_days,_8_hours,_57_minutes  8.74, 9.23, 5.26  73% 927 11% 57 normal normal note
2018-09-10__16:57:04 pi1 Linux 4.9.41-v7+ up_3_days,_8_hours,_58_minutes  3.51, 7.65, 4.97  73% 927 11% 56 normal normal note
2018-09-10__16:58:04 pi1 Linux 4.9.41-v7+ up_3_days,_8_hours,_59_minutes  1.68, 6.39, 4.70  73% 927 11% 56 normal normal note
2018-09-10__16:59:04 pi1 Linux 4.9.41-v7+ up_3_days,_9_hours  0.85, 5.31, 4.43  73% 927 11% 57 normal normal note
2018-09-10__16:49:53 pi1 Linux 4.9.41-v7+ up_3_days,_8_hours,_51_minutes  8.80, 5.11, 2.40  70% 927 11% 56 normal normal note
2018-09-10__16:51:02 pi1 Linux 4.9.41-v7+ up_3_days,_8_hours,_52_minutes  12.04, 6.87, 3.20  71% 927 11% 57 normal normal note
2018-09-10__16:52:04 pi1 Linux 4.9.41-v7+ up_3_days,_8_hours,_53_minutes  9.90, 7.35, 3.61  71% 927 11% 57 normal normal note
2018-09-10__16:53:04 pi1 Linux 4.9.41-v7+ up_3_days,_8_hours,_54_minutes  7.81, 7.36, 3.86  72% 927 11% 60 normal normal note
2018-09-10__16:54:04 pi1 Linux 4.9.41-v7+ up_3_days,_8_hours,_55_minutes  8.39, 7.72, 4.21  73% 927 11% 58 normal normal note
2018-09-10__16:55:04 pi1 Linux 4.9.41-v7+ up_3_days,_8_hours,_56_minutes  14.66, 9.69, 5.11  73% 927 11% 59 normal normal note
2018-09-10__16:56:04 pi1 Linux 4.9.41-v7+ up_3_days,_8_hours,_57_minutes  8.74, 9.23, 5.26  73% 927 11% 57 normal normal note
2018-09-10__16:57:04 pi1 Linux 4.9.41-v7+ up_3_days,_8_hours,_58_minutes  3.51, 7.65, 4.97  73% 927 11% 56 normal normal note
2018-09-10__16:58:04 pi1 Linux 4.9.41-v7+ up_3_days,_8_hours,_59_minutes  1.68, 6.39, 4.70  73% 927 11% 56 normal normal note
2018-09-10__16:59:04 pi1 Linux 4.9.41-v7+ up_3_days,_9_hours  0.85, 5.31, 4.43  73% 927 11% 57 normal normal note
2018-09-10__17:00:04 pi1 Linux 4.9.41-v7+ up_3_days,_9_hours,_1_minute  0.48, 4.40, 4.17  73% 927 11% 56 normal normal note
2018-09-10__17:01:04 pi1 Linux 4.9.41-v7+ up_3_days,_9_hours,_2_minutes  0.27, 3.64, 3.93  73% 927 11% 56 normal normal note
2018-09-10__17:02:05 pi1 Linux 4.9.41-v7+ up_3_days,_9_hours,_3_minutes  0.47, 3.10, 3.72  73% 927 11% 55 normal normal note
2018-09-10__17:03:05 pi1 Linux 4.9.41-v7+ up_3_days,_9_hours,_4_minutes  1.74, 2.87, 3.60  73% 927 17% 63 normal normal note
2018-09-10__17:04:06 pi1 Linux 4.9.41-v7+ up_3_days,_9_hours,_5_minutes  1.25, 2.56, 3.45  73% 927 12% 65 normal normal note
2018-09-10__17:05:06 pi1 Linux 4.9.41-v7+ up_3_days,_9_hours,_6_minutes  0.62, 2.14, 3.24  73% 927 11% 57 normal normal note
2018-09-10__17:06:06 pi1 Linux 4.9.41-v7+ up_3_days,_9_hours,_7_minutes  0.27, 1.76, 3.04  73% 927 11% 56 normal normal note
2018-09-10__17:07:06 pi1 Linux 4.9.41-v7+ up_3_days,_9_hours,_8_minutes  0.25, 1.48, 2.87  73% 927 11% 56 normal normal note
2018-09-10__17:08:06 pi1 Linux 4.9.41-v7+ up_3_days,_9_hours,_9_minutes  0.26, 1.27, 2.70  73% 927 11% 55 normal normal note
2018-09-10__17:09:06 pi1 Linux 4.9.41-v7+ up_3_days,_9_hours,_10_minutes  0.09, 1.04, 2.53  73% 927 10% 54 normal normal note
2018-09-10__16:49:53 pi1 Linux 4.9.41-v7+ up_3_days,_8_hours,_51_minutes  8.80, 5.11, 2.40  70% 927 11% 56 normal normal note
2018-09-10__16:51:02 pi1 Linux 4.9.41-v7+ up_3_days,_8_hours,_52_minutes  12.04, 6.87, 3.20  71% 927 11% 57 normal normal note
2018-09-10__16:52:04 pi1 Linux 4.9.41-v7+ up_3_days,_8_hours,_53_minutes  9.90, 7.35, 3.61  71% 927 11% 57 normal normal note
2018-09-10__16:53:04 pi1 Linux 4.9.41-v7+ up_3_days,_8_hours,_54_minutes  7.81, 7.36, 3.86  72% 927 11% 60 normal normal note
2018-09-10__16:54:04 pi1 Linux 4.9.41-v7+ up_3_days,_8_hours,_55_minutes  8.39, 7.72, 4.21  73% 927 11% 58 normal normal note
2018-09-10__16:55:04 pi1 Linux 4.9.41-v7+ up_3_days,_8_hours,_56_minutes  14.66, 9.69, 5.11  73% 927 11% 59 normal normal note
2018-09-10__16:56:04 pi1 Linux 4.9.41-v7+ up_3_days,_8_hours,_57_minutes  8.74, 9.23, 5.26  73% 927 11% 57 normal normal note
2018-09-10__16:57:04 pi1 Linux 4.9.41-v7+ up_3_days,_8_hours,_58_minutes  3.51, 7.65, 4.97  73% 927 11% 56 normal normal note
2018-09-10__16:58:04 pi1 Linux 4.9.41-v7+ up_3_days,_8_hours,_59_minutes  1.68, 6.39, 4.70  73% 927 11% 56 normal normal note
2018-09-10__16:59:04 pi1 Linux 4.9.41-v7+ up_3_days,_9_hours  0.85, 5.31, 4.43  73% 927 11% 57 normal normal note
2018-09-10__17:00:04 pi1 Linux 4.9.41-v7+ up_3_days,_9_hours,_1_minute  0.48, 4.40, 4.17  73% 927 11% 56 normal normal note
2018-09-10__17:01:04 pi1 Linux 4.9.41-v7+ up_3_days,_9_hours,_2_minutes  0.27, 3.64, 3.93  73% 927 11% 56 normal normal note
2018-09-10__17:02:05 pi1 Linux 4.9.41-v7+ up_3_days,_9_hours,_3_minutes  0.47, 3.10, 3.72  73% 927 11% 55 normal normal note
2018-09-10__17:03:05 pi1 Linux 4.9.41-v7+ up_3_days,_9_hours,_4_minutes  1.74, 2.87, 3.60  73% 927 17% 63 normal normal note
2018-09-10__17:04:06 pi1 Linux 4.9.41-v7+ up_3_days,_9_hours,_5_minutes  1.25, 2.56, 3.45  73% 927 12% 65 normal normal note
2018-09-10__17:05:06 pi1 Linux 4.9.41-v7+ up_3_days,_9_hours,_6_minutes  0.62, 2.14, 3.24  73% 927 11% 57 normal normal note
2018-09-10__17:06:06 pi1 Linux 4.9.41-v7+ up_3_days,_9_hours,_7_minutes  0.27, 1.76, 3.04  73% 927 11% 56 normal normal note
2018-09-10__17:07:06 pi1 Linux 4.9.41-v7+ up_3_days,_9_hours,_8_minutes  0.25, 1.48, 2.87  73% 927 11% 56 normal normal note
2018-09-10__17:08:06 pi1 Linux 4.9.41-v7+ up_3_days,_9_hours,_9_minutes  0.26, 1.27, 2.70  73% 927 11% 55 normal normal note
2018-09-10__17:09:06 pi1 Linux 4.9.41-v7+ up_3_days,_9_hours,_10_minutes  0.09, 1.04, 2.53  73% 927 10% 54 normal normal note
2018-09-10__17:10:06 pi1 Linux 4.9.41-v7+ up_3_days,_9_hours,_11_minutes  0.17, 0.89, 2.39  73% 927 11% 54 normal normal note
2018-09-10__17:11:06 pi1 Linux 4.9.41-v7+ up_3_days,_9_hours,_12_minutes  0.06, 0.73, 2.23  73% 927 10% 54 normal normal note
2018-09-10__17:12:07 pi1 Linux 4.9.41-v7+ up_3_days,_9_hours,_13_minutes  0.36, 0.67, 2.12  73% 927 10% 54 normal normal note
2018-09-10__17:13:07 pi1 Linux 4.9.41-v7+ up_3_days,_9_hours,_14_minutes  0.32, 0.60, 2.00  73% 927 10% 53 normal normal note
2018-09-10__17:14:07 pi1 Linux 4.9.41-v7+ up_3_days,_9_hours,_15_minutes  0.12, 0.49, 1.87  73% 927 11% 54 normal normal note
2018-09-10__17:15:07 pi1 Linux 4.9.41-v7+ up_3_days,_9_hours,_16_minutes  0.04, 0.39, 1.75  73% 927 10% 53 normal normal note
2018-09-10__17:16:07 pi1 Linux 4.9.41-v7+ up_3_days,_9_hours,_17_minutes  0.21, 0.38, 1.66  73% 927 11% 53 normal normal note
2018-09-10__17:17:07 pi1 Linux 4.9.41-v7+ up_3_days,_9_hours,_18_minutes  3.53, 1.14, 1.83  73% 927 16% 62 normal normal note
2018-09-10__17:18:11 pi1 Linux 4.9.41-v7+ up_3_days,_9_hours,_19_minutes  6.62, 2.48, 2.25  74% 927 11% 56 normal normal note
2018-09-10__17:19:12 pi1 Linux 4.9.41-v7+ up_3_days,_9_hours,_20_minutes  13.11, 5.05, 3.15  75% 927 11% 56 normal normal note
2018-09-10__18:12:42 pi1 Linux 4.9.41-v7+ up_3_days,_10_hours,_14_minutes  0.27, 0.28, 0.42  75% 927 12% 55 normal normal note
2018-09-10__18:13:42 pi1 Linux 4.9.41-v7+ up_3_days,_10_hours,_15_minutes  0.51, 0.33, 0.43  75% 927 12% 54 normal normal note
2018-09-10__18:14:42 pi1 Linux 4.9.41-v7+ up_3_days,_10_hours,_16_minutes  0.58, 0.37, 0.44  75% 927 12% 55 normal normal note
2018-09-10__18:15:43 pi1 Linux 4.9.41-v7+ up_3_days,_10_hours,_17_minutes  0.84, 0.46, 0.46  75% 927 12% 55 normal normal note
2018-09-10__18:16:43 pi1 Linux 4.9.41-v7+ up_3_days,_10_hours,_18_minutes  0.62, 0.47, 0.46  75% 927 12% 54 normal normal note
2018-09-10__18:17:43 pi1 Linux 4.9.41-v7+ up_3_days,_10_hours,_19_minutes  0.30, 0.40, 0.44  75% 927 12% 55 normal normal note
2018-09-10__18:18:43 pi1 Linux 4.9.41-v7+ up_3_days,_10_hours,_20_minutes  0.52, 0.43, 0.45  75% 927 12% 54 normal normal note
2018-09-10__18:19:43 pi1 Linux 4.9.41-v7+ up_3_days,_10_hours,_21_minutes  0.42, 0.43, 0.44  75% 927 12% 54 normal normal note
2018-09-10__18:20:43 pi1 Linux 4.9.41-v7+ up_3_days,_10_hours,_22_minutes  0.55, 0.46, 0.45  75% 927 12% 54 normal normal note
2018-09-10__18:21:43 pi1 Linux 4.9.41-v7+ up_3_days,_10_hours,_23_minutes  0.95, 0.60, 0.50  75% 927 12% 55 normal normal note
2018-09-10__19:54:53 pi1 Linux 4.9.41-v7+ up_3_days,_11_hours,_56_minutes  0.18, 0.29, 0.28  75% 927 11% 54 normal normal note
2018-09-10__19:55:53 pi1 Linux 4.9.41-v7+ up_3_days,_11_hours,_57_minutes  0.38, 0.32, 0.29  75% 927 11% 55 normal normal note
2018-09-10__19:56:53 pi1 Linux 4.9.41-v7+ up_3_days,_11_hours,_58_minutes  0.68, 0.42, 0.32  75% 927 12% 56 normal normal note
2018-09-10__19:57:53 pi1 Linux 4.9.41-v7+ up_3_days,_11_hours,_59_minutes  0.92, 0.53, 0.36  75% 927 11% 55 normal normal note
2018-09-10__19:58:53 pi1 Linux 4.9.41-v7+ up_3_days,_12_hours  0.41, 0.44, 0.34  75% 927 11% 54 normal normal note
2018-09-10__19:59:53 pi1 Linux 4.9.41-v7+ up_3_days,_12_hours,_1_minute  0.33, 0.42, 0.34  75% 927 11% 55 normal normal note
2018-09-10__20:00:53 pi1 Linux 4.9.41-v7+ up_3_days,_12_hours,_2_minutes  0.67, 0.47, 0.36  75% 927 12% 55 normal normal note
2018-09-10__20:01:53 pi1 Linux 4.9.41-v7+ up_3_days,_12_hours,_3_minutes  0.77, 0.54, 0.39  75% 927 12% 55 normal normal note
2018-09-10__20:02:54 pi1 Linux 4.9.41-v7+ up_3_days,_12_hours,_4_minutes  0.68, 0.55, 0.40  75% 927 11% 54 normal normal note
2018-09-10__20:03:54 pi1 Linux 4.9.41-v7+ up_3_days,_12_hours,_5_minutes  0.95, 0.68, 0.46  75% 927 11% 55 normal normal note
2018-09-10__19:54:53 pi1 Linux 4.9.41-v7+ up_3_days,_11_hours,_56_minutes  0.18, 0.29, 0.28  75% 927 11% 54 normal normal note
2018-09-10__19:55:53 pi1 Linux 4.9.41-v7+ up_3_days,_11_hours,_57_minutes  0.38, 0.32, 0.29  75% 927 11% 55 normal normal note
2018-09-10__19:56:53 pi1 Linux 4.9.41-v7+ up_3_days,_11_hours,_58_minutes  0.68, 0.42, 0.32  75% 927 12% 56 normal normal note
2018-09-10__19:57:53 pi1 Linux 4.9.41-v7+ up_3_days,_11_hours,_59_minutes  0.92, 0.53, 0.36  75% 927 11% 55 normal normal note
2018-09-10__19:58:53 pi1 Linux 4.9.41-v7+ up_3_days,_12_hours  0.41, 0.44, 0.34  75% 927 11% 54 normal normal note
2018-09-10__19:59:53 pi1 Linux 4.9.41-v7+ up_3_days,_12_hours,_1_minute  0.33, 0.42, 0.34  75% 927 11% 55 normal normal note
2018-09-10__20:00:53 pi1 Linux 4.9.41-v7+ up_3_days,_12_hours,_2_minutes  0.67, 0.47, 0.36  75% 927 12% 55 normal normal note
2018-09-10__20:01:53 pi1 Linux 4.9.41-v7+ up_3_days,_12_hours,_3_minutes  0.77, 0.54, 0.39  75% 927 12% 55 normal normal note
2018-09-10__20:02:54 pi1 Linux 4.9.41-v7+ up_3_days,_12_hours,_4_minutes  0.68, 0.55, 0.40  75% 927 11% 54 normal normal note
2018-09-10__20:03:54 pi1 Linux 4.9.41-v7+ up_3_days,_12_hours,_5_minutes  0.95, 0.68, 0.46  75% 927 11% 55 normal normal note
2018-09-10__20:04:54 pi1 Linux 4.9.41-v7+ up_3_days,_12_hours,_6_minutes  0.51, 0.59, 0.44  75% 927 11% 54 normal normal note
2018-09-10__20:05:54 pi1 Linux 4.9.41-v7+ up_3_days,_12_hours,_7_minutes  0.78, 0.66, 0.47  75% 927 11% 54 normal normal note
2018-09-10__20:06:54 pi1 Linux 4.9.41-v7+ up_3_days,_12_hours,_8_minutes  0.70, 0.65, 0.48  75% 927 11% 54 normal normal note
2018-09-10__20:07:54 pi1 Linux 4.9.41-v7+ up_3_days,_12_hours,_9_minutes  0.51, 0.59, 0.47  75% 927 12% 54 normal normal note
2018-09-10__20:08:54 pi1 Linux 4.9.41-v7+ up_3_days,_12_hours,_10_minutes  0.81, 0.64, 0.49  75% 927 11% 55 normal normal note
2018-09-10__20:09:54 pi1 Linux 4.9.41-v7+ up_3_days,_12_hours,_11_minutes  0.47, 0.59, 0.48  75% 927 12% 55 normal normal note
2018-09-10__20:10:55 pi1 Linux 4.9.41-v7+ up_3_days,_12_hours,_12_minutes  0.67, 0.62, 0.50  75% 927 12% 56 normal normal note
2018-09-10__20:11:55 pi1 Linux 4.9.41-v7+ up_3_days,_12_hours,_13_minutes  0.75, 0.68, 0.53  75% 927 11% 55 normal normal note
2018-09-10__20:12:55 pi1 Linux 4.9.41-v7+ up_3_days,_12_hours,_14_minutes  0.79, 0.72, 0.55  75% 927 12% 55 normal normal note
2018-09-10__20:13:55 pi1 Linux 4.9.41-v7+ up_3_days,_12_hours,_15_minutes  0.42, 0.62, 0.53  75% 927 11% 55 normal normal note
2018-09-10__19:54:53 pi1 Linux 4.9.41-v7+ up_3_days,_11_hours,_56_minutes  0.18, 0.29, 0.28  75% 927 11% 54 normal normal note
2018-09-10__19:55:53 pi1 Linux 4.9.41-v7+ up_3_days,_11_hours,_57_minutes  0.38, 0.32, 0.29  75% 927 11% 55 normal normal note
2018-09-10__19:56:53 pi1 Linux 4.9.41-v7+ up_3_days,_11_hours,_58_minutes  0.68, 0.42, 0.32  75% 927 12% 56 normal normal note
2018-09-10__19:57:53 pi1 Linux 4.9.41-v7+ up_3_days,_11_hours,_59_minutes  0.92, 0.53, 0.36  75% 927 11% 55 normal normal note
2018-09-10__19:58:53 pi1 Linux 4.9.41-v7+ up_3_days,_12_hours  0.41, 0.44, 0.34  75% 927 11% 54 normal normal note
2018-09-10__19:59:53 pi1 Linux 4.9.41-v7+ up_3_days,_12_hours,_1_minute  0.33, 0.42, 0.34  75% 927 11% 55 normal normal note
2018-09-10__20:00:53 pi1 Linux 4.9.41-v7+ up_3_days,_12_hours,_2_minutes  0.67, 0.47, 0.36  75% 927 12% 55 normal normal note
2018-09-10__20:01:53 pi1 Linux 4.9.41-v7+ up_3_days,_12_hours,_3_minutes  0.77, 0.54, 0.39  75% 927 12% 55 normal normal note
2018-09-10__20:02:54 pi1 Linux 4.9.41-v7+ up_3_days,_12_hours,_4_minutes  0.68, 0.55, 0.40  75% 927 11% 54 normal normal note
2018-09-10__20:03:54 pi1 Linux 4.9.41-v7+ up_3_days,_12_hours,_5_minutes  0.95, 0.68, 0.46  75% 927 11% 55 normal normal note
2018-09-10__20:04:54 pi1 Linux 4.9.41-v7+ up_3_days,_12_hours,_6_minutes  0.51, 0.59, 0.44  75% 927 11% 54 normal normal note
2018-09-10__20:05:54 pi1 Linux 4.9.41-v7+ up_3_days,_12_hours,_7_minutes  0.78, 0.66, 0.47  75% 927 11% 54 normal normal note
2018-09-10__20:06:54 pi1 Linux 4.9.41-v7+ up_3_days,_12_hours,_8_minutes  0.70, 0.65, 0.48  75% 927 11% 54 normal normal note
2018-09-10__20:07:54 pi1 Linux 4.9.41-v7+ up_3_days,_12_hours,_9_minutes  0.51, 0.59, 0.47  75% 927 12% 54 normal normal note
2018-09-10__20:08:54 pi1 Linux 4.9.41-v7+ up_3_days,_12_hours,_10_minutes  0.81, 0.64, 0.49  75% 927 11% 55 normal normal note
2018-09-10__20:09:54 pi1 Linux 4.9.41-v7+ up_3_days,_12_hours,_11_minutes  0.47, 0.59, 0.48  75% 927 12% 55 normal normal note
2018-09-10__20:10:55 pi1 Linux 4.9.41-v7+ up_3_days,_12_hours,_12_minutes  0.67, 0.62, 0.50  75% 927 12% 56 normal normal note
2018-09-10__20:11:55 pi1 Linux 4.9.41-v7+ up_3_days,_12_hours,_13_minutes  0.75, 0.68, 0.53  75% 927 11% 55 normal normal note
2018-09-10__20:12:55 pi1 Linux 4.9.41-v7+ up_3_days,_12_hours,_14_minutes  0.79, 0.72, 0.55  75% 927 12% 55 normal normal note
2018-09-10__20:13:55 pi1 Linux 4.9.41-v7+ up_3_days,_12_hours,_15_minutes  0.42, 0.62, 0.53  75% 927 11% 55 normal normal note
2018-09-10__20:14:55 pi1 Linux 4.9.41-v7+ up_3_days,_12_hours,_16_minutes  0.46, 0.58, 0.52  75% 927 11% 54 normal normal note
2018-09-10__20:15:55 pi1 Linux 4.9.41-v7+ up_3_days,_12_hours,_17_minutes  0.39, 0.54, 0.51  75% 927 11% 55 normal normal note
2018-09-10__20:16:55 pi1 Linux 4.9.41-v7+ up_3_days,_12_hours,_18_minutes  0.33, 0.49, 0.49  75% 927 11% 54 normal normal note
2018-09-10__20:17:55 pi1 Linux 4.9.41-v7+ up_3_days,_12_hours,_19_minutes  0.73, 0.57, 0.52  75% 927 12% 55 normal normal note
2018-09-10__20:18:55 pi1 Linux 4.9.41-v7+ up_3_days,_12_hours,_20_minutes  1.07, 0.67, 0.55  75% 927 12% 55 normal normal note
2018-09-10__20:19:55 pi1 Linux 4.9.41-v7+ up_3_days,_12_hours,_21_minutes  0.69, 0.64, 0.55  75% 927 12% 55 normal normal note
2018-09-10__20:20:56 pi1 Linux 4.9.41-v7+ up_3_days,_12_hours,_22_minutes  0.53, 0.61, 0.54  75% 927 11% 55 normal normal note
2018-09-10__20:21:56 pi1 Linux 4.9.41-v7+ up_3_days,_12_hours,_23_minutes  0.65, 0.62, 0.55  75% 927 11% 54 normal normal note
2018-09-10__20:22:56 pi1 Linux 4.9.41-v7+ up_3_days,_12_hours,_24_minutes  0.27, 0.52, 0.52  75% 927 12% 55 normal normal note
2018-09-10__20:23:56 pi1 Linux 4.9.41-v7+ up_3_days,_12_hours,_25_minutes  0.10, 0.42, 0.48  75% 927 11% 55 normal normal note
2018-09-10__19:54:53 pi1 Linux 4.9.41-v7+ up_3_days,_11_hours,_56_minutes  0.18, 0.29, 0.28  75% 927 11% 54 normal normal note
2018-09-10__19:55:53 pi1 Linux 4.9.41-v7+ up_3_days,_11_hours,_57_minutes  0.38, 0.32, 0.29  75% 927 11% 55 normal normal note
2018-09-10__19:56:53 pi1 Linux 4.9.41-v7+ up_3_days,_11_hours,_58_minutes  0.68, 0.42, 0.32  75% 927 12% 56 normal normal note
2018-09-10__19:57:53 pi1 Linux 4.9.41-v7+ up_3_days,_11_hours,_59_minutes  0.92, 0.53, 0.36  75% 927 11% 55 normal normal note
2018-09-10__19:58:53 pi1 Linux 4.9.41-v7+ up_3_days,_12_hours  0.41, 0.44, 0.34  75% 927 11% 54 normal normal note
2018-09-10__19:59:53 pi1 Linux 4.9.41-v7+ up_3_days,_12_hours,_1_minute  0.33, 0.42, 0.34  75% 927 11% 55 normal normal note
2018-09-10__20:00:53 pi1 Linux 4.9.41-v7+ up_3_days,_12_hours,_2_minutes  0.67, 0.47, 0.36  75% 927 12% 55 normal normal note
2018-09-10__20:01:53 pi1 Linux 4.9.41-v7+ up_3_days,_12_hours,_3_minutes  0.77, 0.54, 0.39  75% 927 12% 55 normal normal note
2018-09-10__20:02:54 pi1 Linux 4.9.41-v7+ up_3_days,_12_hours,_4_minutes  0.68, 0.55, 0.40  75% 927 11% 54 normal normal note
2018-09-10__20:03:54 pi1 Linux 4.9.41-v7+ up_3_days,_12_hours,_5_minutes  0.95, 0.68, 0.46  75% 927 11% 55 normal normal note
2018-09-10__20:04:54 pi1 Linux 4.9.41-v7+ up_3_days,_12_hours,_6_minutes  0.51, 0.59, 0.44  75% 927 11% 54 normal normal note
2018-09-10__20:05:54 pi1 Linux 4.9.41-v7+ up_3_days,_12_hours,_7_minutes  0.78, 0.66, 0.47  75% 927 11% 54 normal normal note
2018-09-10__20:06:54 pi1 Linux 4.9.41-v7+ up_3_days,_12_hours,_8_minutes  0.70, 0.65, 0.48  75% 927 11% 54 normal normal note
2018-09-10__20:07:54 pi1 Linux 4.9.41-v7+ up_3_days,_12_hours,_9_minutes  0.51, 0.59, 0.47  75% 927 12% 54 normal normal note
2018-09-10__20:08:54 pi1 Linux 4.9.41-v7+ up_3_days,_12_hours,_10_minutes  0.81, 0.64, 0.49  75% 927 11% 55 normal normal note
2018-09-10__20:09:54 pi1 Linux 4.9.41-v7+ up_3_days,_12_hours,_11_minutes  0.47, 0.59, 0.48  75% 927 12% 55 normal normal note
2018-09-10__20:10:55 pi1 Linux 4.9.41-v7+ up_3_days,_12_hours,_12_minutes  0.67, 0.62, 0.50  75% 927 12% 56 normal normal note
2018-09-10__20:11:55 pi1 Linux 4.9.41-v7+ up_3_days,_12_hours,_13_minutes  0.75, 0.68, 0.53  75% 927 11% 55 normal normal note
2018-09-10__20:12:55 pi1 Linux 4.9.41-v7+ up_3_days,_12_hours,_14_minutes  0.79, 0.72, 0.55  75% 927 12% 55 normal normal note
2018-09-10__20:13:55 pi1 Linux 4.9.41-v7+ up_3_days,_12_hours,_15_minutes  0.42, 0.62, 0.53  75% 927 11% 55 normal normal note
2018-09-10__20:14:55 pi1 Linux 4.9.41-v7+ up_3_days,_12_hours,_16_minutes  0.46, 0.58, 0.52  75% 927 11% 54 normal normal note
2018-09-10__20:15:55 pi1 Linux 4.9.41-v7+ up_3_days,_12_hours,_17_minutes  0.39, 0.54, 0.51  75% 927 11% 55 normal normal note
2018-09-10__20:16:55 pi1 Linux 4.9.41-v7+ up_3_days,_12_hours,_18_minutes  0.33, 0.49, 0.49  75% 927 11% 54 normal normal note
2018-09-10__20:17:55 pi1 Linux 4.9.41-v7+ up_3_days,_12_hours,_19_minutes  0.73, 0.57, 0.52  75% 927 12% 55 normal normal note
2018-09-10__20:18:55 pi1 Linux 4.9.41-v7+ up_3_days,_12_hours,_20_minutes  1.07, 0.67, 0.55  75% 927 12% 55 normal normal note
2018-09-10__20:19:55 pi1 Linux 4.9.41-v7+ up_3_days,_12_hours,_21_minutes  0.69, 0.64, 0.55  75% 927 12% 55 normal normal note
2018-09-10__20:20:56 pi1 Linux 4.9.41-v7+ up_3_days,_12_hours,_22_minutes  0.53, 0.61, 0.54  75% 927 11% 55 normal normal note
2018-09-10__20:21:56 pi1 Linux 4.9.41-v7+ up_3_days,_12_hours,_23_minutes  0.65, 0.62, 0.55  75% 927 11% 54 normal normal note
2018-09-10__20:22:56 pi1 Linux 4.9.41-v7+ up_3_days,_12_hours,_24_minutes  0.27, 0.52, 0.52  75% 927 12% 55 normal normal note
2018-09-10__20:23:56 pi1 Linux 4.9.41-v7+ up_3_days,_12_hours,_25_minutes  0.10, 0.42, 0.48  75% 927 11% 55 normal normal note
2018-09-10__20:24:56 pi1 Linux 4.9.41-v7+ up_3_days,_12_hours,_26_minutes  0.23, 0.40, 0.47  75% 927 12% 55 normal normal note
2018-09-10__20:25:56 pi1 Linux 4.9.41-v7+ up_3_days,_12_hours,_27_minutes  1.71, 0.74, 0.58  75% 927 11% 55 normal normal note
2018-09-10__20:26:56 pi1 Linux 4.9.41-v7+ up_3_days,_12_hours,_28_minutes  0.76, 0.65, 0.56  75% 927 11% 55 normal normal note
2018-09-10__20:27:56 pi1 Linux 4.9.41-v7+ up_3_days,_12_hours,_29_minutes  0.28, 0.53, 0.52  75% 927 11% 55 normal normal note
2018-09-10__20:28:56 pi1 Linux 4.9.41-v7+ up_3_days,_12_hours,_30_minutes  0.51, 0.56, 0.53  75% 927 11% 55 normal normal note
2018-09-10__20:29:57 pi1 Linux 4.9.41-v7+ up_3_days,_12_hours,_31_minutes  0.66, 0.61, 0.55  75% 927 11% 56 normal normal note
2018-09-10__20:30:57 pi1 Linux 4.9.41-v7+ up_3_days,_12_hours,_32_minutes  0.65, 0.60, 0.55  75% 927 11% 55 normal normal note
2018-09-10__20:31:57 pi1 Linux 4.9.41-v7+ up_3_days,_12_hours,_33_minutes  0.28, 0.51, 0.52  75% 927 12% 56 normal normal note
2018-09-10__20:32:57 pi1 Linux 4.9.41-v7+ up_3_days,_12_hours,_34_minutes  0.16, 0.43, 0.49  75% 927 11% 55 normal normal note
2018-09-10__20:33:57 pi1 Linux 4.9.41-v7+ up_3_days,_12_hours,_35_minutes  0.36, 0.43, 0.48  75% 927 11% 55 normal normal note
2018-09-10__19:54:53 pi1 Linux 4.9.41-v7+ up_3_days,_11_hours,_56_minutes  0.18, 0.29, 0.28  75% 927 11% 54 normal normal note
2018-09-10__19:55:53 pi1 Linux 4.9.41-v7+ up_3_days,_11_hours,_57_minutes  0.38, 0.32, 0.29  75% 927 11% 55 normal normal note
2018-09-10__19:56:53 pi1 Linux 4.9.41-v7+ up_3_days,_11_hours,_58_minutes  0.68, 0.42, 0.32  75% 927 12% 56 normal normal note
2018-09-10__19:57:53 pi1 Linux 4.9.41-v7+ up_3_days,_11_hours,_59_minutes  0.92, 0.53, 0.36  75% 927 11% 55 normal normal note
2018-09-10__19:58:53 pi1 Linux 4.9.41-v7+ up_3_days,_12_hours  0.41, 0.44, 0.34  75% 927 11% 54 normal normal note
2018-09-10__19:59:53 pi1 Linux 4.9.41-v7+ up_3_days,_12_hours,_1_minute  0.33, 0.42, 0.34  75% 927 11% 55 normal normal note
2018-09-10__20:00:53 pi1 Linux 4.9.41-v7+ up_3_days,_12_hours,_2_minutes  0.67, 0.47, 0.36  75% 927 12% 55 normal normal note
2018-09-10__20:01:53 pi1 Linux 4.9.41-v7+ up_3_days,_12_hours,_3_minutes  0.77, 0.54, 0.39  75% 927 12% 55 normal normal note
2018-09-10__20:02:54 pi1 Linux 4.9.41-v7+ up_3_days,_12_hours,_4_minutes  0.68, 0.55, 0.40  75% 927 11% 54 normal normal note
2018-09-10__20:03:54 pi1 Linux 4.9.41-v7+ up_3_days,_12_hours,_5_minutes  0.95, 0.68, 0.46  75% 927 11% 55 normal normal note
2018-09-10__20:04:54 pi1 Linux 4.9.41-v7+ up_3_days,_12_hours,_6_minutes  0.51, 0.59, 0.44  75% 927 11% 54 normal normal note
2018-09-10__20:05:54 pi1 Linux 4.9.41-v7+ up_3_days,_12_hours,_7_minutes  0.78, 0.66, 0.47  75% 927 11% 54 normal normal note
2018-09-10__20:06:54 pi1 Linux 4.9.41-v7+ up_3_days,_12_hours,_8_minutes  0.70, 0.65, 0.48  75% 927 11% 54 normal normal note
2018-09-10__20:07:54 pi1 Linux 4.9.41-v7+ up_3_days,_12_hours,_9_minutes  0.51, 0.59, 0.47  75% 927 12% 54 normal normal note
2018-09-10__20:08:54 pi1 Linux 4.9.41-v7+ up_3_days,_12_hours,_10_minutes  0.81, 0.64, 0.49  75% 927 11% 55 normal normal note
2018-09-10__20:09:54 pi1 Linux 4.9.41-v7+ up_3_days,_12_hours,_11_minutes  0.47, 0.59, 0.48  75% 927 12% 55 normal normal note
2018-09-10__20:10:55 pi1 Linux 4.9.41-v7+ up_3_days,_12_hours,_12_minutes  0.67, 0.62, 0.50  75% 927 12% 56 normal normal note
2018-09-10__20:11:55 pi1 Linux 4.9.41-v7+ up_3_days,_12_hours,_13_minutes  0.75, 0.68, 0.53  75% 927 11% 55 normal normal note
2018-09-10__20:12:55 pi1 Linux 4.9.41-v7+ up_3_days,_12_hours,_14_minutes  0.79, 0.72, 0.55  75% 927 12% 55 normal normal note
2018-09-10__20:13:55 pi1 Linux 4.9.41-v7+ up_3_days,_12_hours,_15_minutes  0.42, 0.62, 0.53  75% 927 11% 55 normal normal note
2018-09-10__20:14:55 pi1 Linux 4.9.41-v7+ up_3_days,_12_hours,_16_minutes  0.46, 0.58, 0.52  75% 927 11% 54 normal normal note
2018-09-10__20:15:55 pi1 Linux 4.9.41-v7+ up_3_days,_12_hours,_17_minutes  0.39, 0.54, 0.51  75% 927 11% 55 normal normal note
2018-09-10__20:16:55 pi1 Linux 4.9.41-v7+ up_3_days,_12_hours,_18_minutes  0.33, 0.49, 0.49  75% 927 11% 54 normal normal note
2018-09-10__20:17:55 pi1 Linux 4.9.41-v7+ up_3_days,_12_hours,_19_minutes  0.73, 0.57, 0.52  75% 927 12% 55 normal normal note
2018-09-10__20:18:55 pi1 Linux 4.9.41-v7+ up_3_days,_12_hours,_20_minutes  1.07, 0.67, 0.55  75% 927 12% 55 normal normal note
2018-09-10__20:19:55 pi1 Linux 4.9.41-v7+ up_3_days,_12_hours,_21_minutes  0.69, 0.64, 0.55  75% 927 12% 55 normal normal note
2018-09-10__20:20:56 pi1 Linux 4.9.41-v7+ up_3_days,_12_hours,_22_minutes  0.53, 0.61, 0.54  75% 927 11% 55 normal normal note
2018-09-10__20:21:56 pi1 Linux 4.9.41-v7+ up_3_days,_12_hours,_23_minutes  0.65, 0.62, 0.55  75% 927 11% 54 normal normal note
2018-09-10__20:22:56 pi1 Linux 4.9.41-v7+ up_3_days,_12_hours,_24_minutes  0.27, 0.52, 0.52  75% 927 12% 55 normal normal note
2018-09-10__20:23:56 pi1 Linux 4.9.41-v7+ up_3_days,_12_hours,_25_minutes  0.10, 0.42, 0.48  75% 927 11% 55 normal normal note
2018-09-10__20:24:56 pi1 Linux 4.9.41-v7+ up_3_days,_12_hours,_26_minutes  0.23, 0.40, 0.47  75% 927 12% 55 normal normal note
2018-09-10__20:25:56 pi1 Linux 4.9.41-v7+ up_3_days,_12_hours,_27_minutes  1.71, 0.74, 0.58  75% 927 11% 55 normal normal note
2018-09-10__20:26:56 pi1 Linux 4.9.41-v7+ up_3_days,_12_hours,_28_minutes  0.76, 0.65, 0.56  75% 927 11% 55 normal normal note
2018-09-10__20:27:56 pi1 Linux 4.9.41-v7+ up_3_days,_12_hours,_29_minutes  0.28, 0.53, 0.52  75% 927 11% 55 normal normal note
2018-09-10__20:28:56 pi1 Linux 4.9.41-v7+ up_3_days,_12_hours,_30_minutes  0.51, 0.56, 0.53  75% 927 11% 55 normal normal note
2018-09-10__20:29:57 pi1 Linux 4.9.41-v7+ up_3_days,_12_hours,_31_minutes  0.66, 0.61, 0.55  75% 927 11% 56 normal normal note
2018-09-10__20:30:57 pi1 Linux 4.9.41-v7+ up_3_days,_12_hours,_32_minutes  0.65, 0.60, 0.55  75% 927 11% 55 normal normal note
2018-09-10__20:31:57 pi1 Linux 4.9.41-v7+ up_3_days,_12_hours,_33_minutes  0.28, 0.51, 0.52  75% 927 12% 56 normal normal note
2018-09-10__20:32:57 pi1 Linux 4.9.41-v7+ up_3_days,_12_hours,_34_minutes  0.16, 0.43, 0.49  75% 927 11% 55 normal normal note
2018-09-10__20:33:57 pi1 Linux 4.9.41-v7+ up_3_days,_12_hours,_35_minutes  0.36, 0.43, 0.48  75% 927 11% 55 normal normal note
2018-09-10__20:34:57 pi1 Linux 4.9.41-v7+ up_3_days,_12_hours,_36_minutes  0.47, 0.44, 0.48  75% 927 11% 55 normal normal note
2018-09-10__20:35:57 pi1 Linux 4.9.41-v7+ up_3_days,_12_hours,_37_minutes  0.39, 0.42, 0.47  75% 927 11% 55 normal normal note
2018-09-10__20:36:57 pi1 Linux 4.9.41-v7+ up_3_days,_12_hours,_38_minutes  0.59, 0.48, 0.49  75% 927 11% 54 normal normal note
2018-09-10__20:37:57 pi1 Linux 4.9.41-v7+ up_3_days,_12_hours,_39_minutes  0.37, 0.43, 0.47  75% 927 11% 55 normal normal note
2018-09-10__20:38:58 pi1 Linux 4.9.41-v7+ up_3_days,_12_hours,_40_minutes  0.26, 0.38, 0.45  75% 927 11% 55 normal normal note
2018-09-10__20:39:58 pi1 Linux 4.9.41-v7+ up_3_days,_12_hours,_41_minutes  1.16, 0.61, 0.52  75% 927 11% 55 normal normal note
2018-09-10__20:40:58 pi1 Linux 4.9.41-v7+ up_3_days,_12_hours,_42_minutes  0.47, 0.51, 0.49  75% 927 11% 55 normal normal note
2018-09-10__20:41:58 pi1 Linux 4.9.41-v7+ up_3_days,_12_hours,_43_minutes  0.63, 0.55, 0.50  75% 927 11% 55 normal normal note
2018-09-10__20:42:58 pi1 Linux 4.9.41-v7+ up_3_days,_12_hours,_44_minutes  0.31, 0.48, 0.48  75% 927 11% 55 normal normal note
2018-09-10__20:43:58 pi1 Linux 4.9.41-v7+ up_3_days,_12_hours,_45_minutes  0.36, 0.48, 0.48  75% 927 12% 54 normal normal note
2018-09-10__19:54:53 pi1 Linux 4.9.41-v7+ up_3_days,_11_hours,_56_minutes  0.18, 0.29, 0.28  75% 927 11% 54 normal normal note
2018-09-10__19:55:53 pi1 Linux 4.9.41-v7+ up_3_days,_11_hours,_57_minutes  0.38, 0.32, 0.29  75% 927 11% 55 normal normal note
2018-09-10__19:56:53 pi1 Linux 4.9.41-v7+ up_3_days,_11_hours,_58_minutes  0.68, 0.42, 0.32  75% 927 12% 56 normal normal note
2018-09-10__19:57:53 pi1 Linux 4.9.41-v7+ up_3_days,_11_hours,_59_minutes  0.92, 0.53, 0.36  75% 927 11% 55 normal normal note
2018-09-10__19:58:53 pi1 Linux 4.9.41-v7+ up_3_days,_12_hours  0.41, 0.44, 0.34  75% 927 11% 54 normal normal note
2018-09-10__19:59:53 pi1 Linux 4.9.41-v7+ up_3_days,_12_hours,_1_minute  0.33, 0.42, 0.34  75% 927 11% 55 normal normal note
2018-09-10__20:00:53 pi1 Linux 4.9.41-v7+ up_3_days,_12_hours,_2_minutes  0.67, 0.47, 0.36  75% 927 12% 55 normal normal note
2018-09-10__20:01:53 pi1 Linux 4.9.41-v7+ up_3_days,_12_hours,_3_minutes  0.77, 0.54, 0.39  75% 927 12% 55 normal normal note
2018-09-10__20:02:54 pi1 Linux 4.9.41-v7+ up_3_days,_12_hours,_4_minutes  0.68, 0.55, 0.40  75% 927 11% 54 normal normal note
2018-09-10__20:03:54 pi1 Linux 4.9.41-v7+ up_3_days,_12_hours,_5_minutes  0.95, 0.68, 0.46  75% 927 11% 55 normal normal note
2018-09-10__20:04:54 pi1 Linux 4.9.41-v7+ up_3_days,_12_hours,_6_minutes  0.51, 0.59, 0.44  75% 927 11% 54 normal normal note
2018-09-10__20:05:54 pi1 Linux 4.9.41-v7+ up_3_days,_12_hours,_7_minutes  0.78, 0.66, 0.47  75% 927 11% 54 normal normal note
2018-09-10__20:06:54 pi1 Linux 4.9.41-v7+ up_3_days,_12_hours,_8_minutes  0.70, 0.65, 0.48  75% 927 11% 54 normal normal note
2018-09-10__20:07:54 pi1 Linux 4.9.41-v7+ up_3_days,_12_hours,_9_minutes  0.51, 0.59, 0.47  75% 927 12% 54 normal normal note
2018-09-10__20:08:54 pi1 Linux 4.9.41-v7+ up_3_days,_12_hours,_10_minutes  0.81, 0.64, 0.49  75% 927 11% 55 normal normal note
2018-09-10__20:09:54 pi1 Linux 4.9.41-v7+ up_3_days,_12_hours,_11_minutes  0.47, 0.59, 0.48  75% 927 12% 55 normal normal note
2018-09-10__20:10:55 pi1 Linux 4.9.41-v7+ up_3_days,_12_hours,_12_minutes  0.67, 0.62, 0.50  75% 927 12% 56 normal normal note
2018-09-10__20:11:55 pi1 Linux 4.9.41-v7+ up_3_days,_12_hours,_13_minutes  0.75, 0.68, 0.53  75% 927 11% 55 normal normal note
2018-09-10__20:12:55 pi1 Linux 4.9.41-v7+ up_3_days,_12_hours,_14_minutes  0.79, 0.72, 0.55  75% 927 12% 55 normal normal note
2018-09-10__20:13:55 pi1 Linux 4.9.41-v7+ up_3_days,_12_hours,_15_minutes  0.42, 0.62, 0.53  75% 927 11% 55 normal normal note
2018-09-10__20:14:55 pi1 Linux 4.9.41-v7+ up_3_days,_12_hours,_16_minutes  0.46, 0.58, 0.52  75% 927 11% 54 normal normal note
2018-09-10__20:15:55 pi1 Linux 4.9.41-v7+ up_3_days,_12_hours,_17_minutes  0.39, 0.54, 0.51  75% 927 11% 55 normal normal note
2018-09-10__20:16:55 pi1 Linux 4.9.41-v7+ up_3_days,_12_hours,_18_minutes  0.33, 0.49, 0.49  75% 927 11% 54 normal normal note
2018-09-10__20:17:55 pi1 Linux 4.9.41-v7+ up_3_days,_12_hours,_19_minutes  0.73, 0.57, 0.52  75% 927 12% 55 normal normal note
2018-09-10__20:18:55 pi1 Linux 4.9.41-v7+ up_3_days,_12_hours,_20_minutes  1.07, 0.67, 0.55  75% 927 12% 55 normal normal note
2018-09-10__20:19:55 pi1 Linux 4.9.41-v7+ up_3_days,_12_hours,_21_minutes  0.69, 0.64, 0.55  75% 927 12% 55 normal normal note
2018-09-10__20:20:56 pi1 Linux 4.9.41-v7+ up_3_days,_12_hours,_22_minutes  0.53, 0.61, 0.54  75% 927 11% 55 normal normal note
2018-09-10__20:21:56 pi1 Linux 4.9.41-v7+ up_3_days,_12_hours,_23_minutes  0.65, 0.62, 0.55  75% 927 11% 54 normal normal note
2018-09-10__20:22:56 pi1 Linux 4.9.41-v7+ up_3_days,_12_hours,_24_minutes  0.27, 0.52, 0.52  75% 927 12% 55 normal normal note
2018-09-10__20:23:56 pi1 Linux 4.9.41-v7+ up_3_days,_12_hours,_25_minutes  0.10, 0.42, 0.48  75% 927 11% 55 normal normal note
2018-09-10__20:24:56 pi1 Linux 4.9.41-v7+ up_3_days,_12_hours,_26_minutes  0.23, 0.40, 0.47  75% 927 12% 55 normal normal note
2018-09-10__20:25:56 pi1 Linux 4.9.41-v7+ up_3_days,_12_hours,_27_minutes  1.71, 0.74, 0.58  75% 927 11% 55 normal normal note
2018-09-10__20:26:56 pi1 Linux 4.9.41-v7+ up_3_days,_12018-09-12__10:28:58 pi1 Linux 4.9.41-v7+ up_4_hours,_17_minutes  2.53, 2.55, 2.46  75% 927 13% 70 normal normal warning
2018-09-12__10:29:58 pi1 Linux 4.9.41-v7+ up_4_hours,_18_minutes  2.81, 2.62, 2.48  75% 927 13% 69 normal normal note
2018-09-12__10:30:59 pi1 Linux 4.9.41-v7+ up_4_hours,_19_minutes  2.44, 2.55, 2.47  75% 927 13% 70 normal normal warning
2018-09-12__10:31:59 pi1 Linux 4.9.41-v7+ up_4_hours,_20_minutes  2.40, 2.53, 2.46  75% 927 13% 70 normal normal warning
2018-09-12__10:32:59 pi1 Linux 4.9.41-v7+ up_4_hours,_21_minutes  2.62, 2.57, 2.48  75% 927 13% 71 normal normal warning
2018-09-12__10:33:59 pi1 Linux 4.9.41-v7+ up_4_hours,_22_minutes  2.54, 2.56, 2.48  75% 927 13% 70 normal normal warning
2018-09-12__10:34:59 pi1 Linux 4.9.41-v7+ up_4_hours,_23_minutes  2.68, 2.59, 2.49  75% 927 13% 73 normal normal warning
2018-09-12__10:35:59 pi1 Linux 4.9.41-v7+ up_4_hours,_24_minutes  2.93, 2.72, 2.55  75% 927 13% 73 normal normal warning
2018-09-12__10:36:59 pi1 Linux 4.9.41-v7+ up_4_hours,_25_minutes  2.90, 2.74, 2.56  75% 927 13% 73 normal normal warning
2018-09-12__10:38:00 pi1 Linux 4.9.41-v7+ up_4_hours,_26_minutes  2.65, 2.71, 2.56  75% 927 13% 70 normal normal warning
2018-09-12__10:28:58 pi1 Linux 4.9.41-v7+ up_4_hours,_17_minutes  2.53, 2.55, 2.46  75% 927 13% 70 normal normal warning
2018-09-12__10:29:58 pi1 Linux 4.9.41-v7+ up_4_hours,_18_minutes  2.81, 2.62, 2.48  75% 927 13% 69 normal normal note
2018-09-12__10:30:59 pi1 Linux 4.9.41-v7+ up_4_hours,_19_minutes  2.44, 2.55, 2.47  75% 927 13% 70 normal normal warning
2018-09-12__10:31:59 pi1 Linux 4.9.41-v7+ up_4_hours,_20_minutes  2.40, 2.53, 2.46  75% 927 13% 70 normal normal warning
2018-09-12__10:32:59 pi1 Linux 4.9.41-v7+ up_4_hours,_21_minutes  2.62, 2.57, 2.48  75% 927 13% 71 normal normal warning
2018-09-12__10:33:59 pi1 Linux 4.9.41-v7+ up_4_hours,_22_minutes  2.54, 2.56, 2.48  75% 927 13% 70 normal normal warning
2018-09-12__10:34:59 pi1 Linux 4.9.41-v7+ up_4_hours,_23_minutes  2.68, 2.59, 2.49  75% 927 13% 73 normal normal warning
2018-09-12__10:35:59 pi1 Linux 4.9.41-v7+ up_4_hours,_24_minutes  2.93, 2.72, 2.55  75% 927 13% 73 normal normal warning
2018-09-12__10:36:59 pi1 Linux 4.9.41-v7+ up_4_hours,_25_minutes  2.90, 2.74, 2.56  75% 927 13% 73 normal normal warning
2018-09-12__10:38:00 pi1 Linux 4.9.41-v7+ up_4_hours,_26_minutes  2.65, 2.71, 2.56  75% 927 13% 70 normal normal warning
2018-09-12__10:39:00 pi1 Linux 4.9.41-v7+ up_4_hours,_27_minutes  2.67, 2.72, 2.58  75% 927 13% 72 normal normal warning
2018-09-12__10:40:00 pi1 Linux 4.9.41-v7+ up_4_hours,_28_minutes  2.98, 2.77, 2.60  75% 927 12% 73 normal normal warning
2018-09-12__10:41:00 pi1 Linux 4.9.41-v7+ up_4_hours,_29_minutes  2.92, 2.77, 2.61  75% 927 13% 73 normal normal warning
2018-09-12__10:42:00 pi1 Linux 4.9.41-v7+ up_4_hours,_30_minutes  2.41, 2.64, 2.57  75% 927 13% 72 normal normal warning
2018-09-12__10:43:00 pi1 Linux 4.9.41-v7+ up_4_hours,_31_minutes  2.36, 2.57, 2.55  75% 927 13% 70 normal normal warning
2018-09-12__10:44:01 pi1 Linux 4.9.41-v7+ up_4_hours,_32_minutes  2.75, 2.64, 2.57  75% 927 13% 71 normal normal warning
2018-09-12__10:45:01 pi1 Linux 4.9.41-v7+ up_4_hours,_33_minutes  2.53, 2.61, 2.56  75% 927 14% 75 normal normal warning
2018-09-12__10:46:01 pi1 Linux 4.9.41-v7+ up_4_hours,_34_minutes  2.26, 2.51, 2.53  75% 927 13% 71 normal normal warning
2018-09-12__10:47:01 pi1 Linux 4.9.41-v7+ up_4_hours,_35_minutes  2.29, 2.46, 2.51  75% 927 13% 73 normal normal warning
2018-09-12__10:48:01 pi1 Linux 4.9.41-v7+ up_4_hours,_36_minutes  2.44, 2.49, 2.52  75% 927 13% 74 normal normal warning
2018-09-12__11:35:17 pi1 Linux 4.9.41-v7+ up_5_hours,_24_minutes  3.01, 3.05, 3.00  76% 927 14% 71 normal normal warning
2018-09-12__11:36:18 pi1 Linux 4.9.41-v7+ up_5_hours,_25_minutes  3.25, 3.08, 3.01  76% 927 13% 70 normal normal warning
2018-09-12__11:37:18 pi1 Linux 4.9.41-v7+ up_5_hours,_26_minutes  3.37, 3.13, 3.03  76% 927 13% 70 normal normal warning
2018-09-12__11:38:18 pi1 Linux 4.9.41-v7+ up_5_hours,_27_minutes  3.18, 3.12, 3.03  76% 927 14% 71 normal normal warning
2018-09-12__11:39:18 pi1 Linux 4.9.41-v7+ up_5_hours,_28_minutes  3.28, 3.16, 3.05  76% 927 13% 70 normal normal warning
2018-09-12__11:40:19 pi1 Linux 4.9.41-v7+ up_5_hours,_29_minutes  3.24, 3.16, 3.06  76% 927 13% 74 normal normal warning
2018-09-12__11:41:19 pi1 Linux 4.9.41-v7+ up_5_hours,_30_minutes  3.20, 3.15, 3.06  76% 927 14% 72 normal normal warning
2018-09-12__11:42:19 pi1 Linux 4.9.41-v7+ up_5_hours,_31_minutes  3.03, 3.12, 3.05  76% 927 14% 71 normal normal warning
2018-09-12__11:43:19 pi1 Linux 4.9.41-v7+ up_5_hours,_32_minutes  3.12, 3.15, 3.07  76% 927 14% 74 normal normal warning
2018-09-12__11:44:19 pi1 Linux 4.9.41-v7+ up_5_hours,_33_minutes  3.08, 3.11, 3.06  76% 927 14% 72 normal normal warning
2018-09-12__11:35:17 pi1 Linux 4.9.41-v7+ up_5_hours,_24_minutes  3.01, 3.05, 3.00  76% 927 14% 71 normal normal warning
2018-09-12__11:36:18 pi1 Linux 4.9.41-v7+ up_5_hours,_25_minutes  3.25, 3.08, 3.01  76% 927 13% 70 normal normal warning
2018-09-12__11:37:18 pi1 Linux 4.9.41-v7+ up_5_hours,_26_minutes  3.37, 3.13, 3.03  76% 927 13% 70 normal normal warning
2018-09-12__11:38:18 pi1 Linux 4.9.41-v7+ up_5_hours,_27_minutes  3.18, 3.12, 3.03  76% 927 14% 71 normal normal warning
2018-09-12__11:39:18 pi1 Linux 4.9.41-v7+ up_5_hours,_28_minutes  3.28, 3.16, 3.05  76% 927 13% 70 normal normal warning
2018-09-12__11:40:19 pi1 Linux 4.9.41-v7+ up_5_hours,_29_minutes  3.24, 3.16, 3.06  76% 927 13% 74 normal normal warning
2018-09-12__11:41:19 pi1 Linux 4.9.41-v7+ up_5_hours,_30_minutes  3.20, 3.15, 3.06  76% 927 14% 72 normal normal warning
2018-09-12__11:42:19 pi1 Linux 4.9.41-v7+ up_5_hours,_31_minutes  3.03, 3.12, 3.05  76% 927 14% 71 normal normal warning
2018-09-12__11:43:19 pi1 Linux 4.9.41-v7+ up_5_hours,_32_minutes  3.12, 3.15, 3.07  76% 927 14% 74 normal normal warning
2018-09-12__11:44:19 pi1 Linux 4.9.41-v7+ up_5_hours,_33_minutes  3.08, 3.11, 3.06  76% 927 14% 72 normal normal warning
2018-09-12__11:45:20 pi1 Linux 4.9.41-v7+ up_5_hours,_34_minutes  2.93, 3.06, 3.04  76% 927 13% 73 normal normal warning
2018-09-12__11:46:20 pi1 Linux 4.9.41-v7+ up_5_hours,_35_minutes  5.58, 3.76, 3.28  76% 927 14% 70 normal normal warning
2018-09-12__11:47:20 pi1 Linux 4.9.41-v7+ up_5_hours,_36_minutes  3.91, 3.61, 3.26  76% 927 14% 70 normal normal warning
2018-09-12__11:48:20 pi1 Linux 4.9.41-v7+ up_5_hours,_37_minutes  3.51, 3.55, 3.26  76% 927 14% 73 normal normal warning
2018-09-12__11:49:20 pi1 Linux 4.9.41-v7+ up_5_hours,_38_minutes  3.36, 3.51, 3.27  77% 927 14% 71 normal normal warning
2018-09-12__11:50:21 pi1 Linux 4.9.41-v7+ up_5_hours,_39_minutes  3.28, 3.45, 3.27  77% 927 14% 72 normal normal warning
2018-09-12__11:51:21 pi1 Linux 4.9.41-v7+ up_5_hours,_40_minutes  2.90, 3.30, 3.22  77% 927 14% 74 normal normal warning
2018-09-12__11:52:21 pi1 Linux 4.9.41-v7+ up_5_hours,_41_minutes  2.84, 3.19, 3.18  77% 927 14% 71 normal normal warning
2018-09-12__11:53:21 pi1 Linux 4.9.41-v7+ up_5_hours,_42_minutes  2.60, 3.06, 3.14  77% 927 13% 73 normal normal warning
2018-09-12__11:54:21 pi1 Linux 4.9.41-v7+ up_5_hours,_43_minutes  2.53, 2.93, 3.09  77% 927 14% 71 normal normal warning
2018-09-12__11:35:17 pi1 Linux 4.9.41-v7+ up_5_hours,_24_minutes  3.01, 3.05, 3.00  76% 927 14% 71 normal normal warning
2018-09-12__11:36:18 pi1 Linux 4.9.41-v7+ up_5_hours,_25_minutes  3.25, 3.08, 3.01  76% 927 13% 70 normal normal warning
2018-09-12__11:37:18 pi1 Linux 4.9.41-v7+ up_5_hours,_26_minutes  3.37, 3.13, 3.03  76% 927 13% 70 normal normal warning
2018-09-12__11:38:18 pi1 Linux 4.9.41-v7+ up_5_hours,_27_minutes  3.18, 3.12, 3.03  76% 927 14% 71 normal normal warning
2018-09-12__11:39:18 pi1 Linux 4.9.41-v7+ up_5_hours,_28_minutes  3.28, 3.16, 3.05  76% 927 13% 70 normal normal warning
2018-09-12__11:40:19 pi1 Linux 4.9.41-v7+ up_5_hours,_29_minutes  3.24, 3.16, 3.06  76% 927 13% 74 normal normal warning
2018-09-12__11:41:19 pi1 Linux 4.9.41-v7+ up_5_hours,_30_minutes  3.20, 3.15, 3.06  76% 927 14% 72 normal normal warning
2018-09-12__11:42:19 pi1 Linux 4.9.41-v7+ up_5_hours,_31_minutes  3.03, 3.12, 3.05  76% 927 14% 71 normal normal warning
2018-09-12__11:43:19 pi1 Linux 4.9.41-v7+ up_5_hours,_32_minutes  3.12, 3.15, 3.07  76% 927 14% 74 normal normal warning
2018-09-12__11:44:19 pi1 Linux 4.9.41-v7+ up_5_hours,_33_minutes  3.08, 3.11, 3.06  76% 927 14% 72 normal normal warning
2018-09-12__11:45:20 pi1 Linux 4.9.41-v7+ up_5_hours,_34_minutes  2.93, 3.06, 3.04  76% 927 13% 73 normal normal warning
2018-09-12__11:46:20 pi1 Linux 4.9.41-v7+ up_5_hours,_35_minutes  5.58, 3.76, 3.28  76% 927 14% 70 normal normal warning
2018-09-12__11:47:20 pi1 Linux 4.9.41-v7+ up_5_hours,_36_minutes  3.91, 3.61, 3.26  76% 927 14% 70 normal normal warning
2018-09-12__11:48:20 pi1 Linux 4.9.41-v7+ up_5_hours,_37_minutes  3.51, 3.55, 3.26  76% 927 14% 73 normal normal warning
2018-09-12__11:49:20 pi1 Linux 4.9.41-v7+ up_5_hours,_38_minutes  3.36, 3.51, 3.27  77% 927 14% 71 normal normal warning
2018-09-12__11:50:21 pi1 Linux 4.9.41-v7+ up_5_hours,_39_minutes  3.28, 3.45, 3.27  77% 927 14% 72 normal normal warning
2018-09-12__11:51:21 pi1 Linux 4.9.41-v7+ up_5_hours,_40_minutes  2.90, 3.30, 3.22  77% 927 14% 74 normal normal warning
2018-09-12__11:52:21 pi1 Linux 4.9.41-v7+ up_5_hours,_41_minutes  2.84, 3.19, 3.18  77% 927 14% 71 normal normal warning
2018-09-12__11:53:21 pi1 Linux 4.9.41-v7+ up_5_hours,_42_minutes  2.60, 3.06, 3.14  77% 927 13% 73 normal normal warning
2018-09-12__11:54:21 pi1 Linux 4.9.41-v7+ up_5_hours,_43_minutes  2.53, 2.93, 3.09  77% 927 14% 71 normal normal warning
2018-09-12__11:55:22 pi1 Linux 4.9.41-v7+ up_5_hours,_44_minutes  2.54, 2.84, 3.05  77% 927 13% 71 normal normal warning
2018-09-12__11:56:22 pi1 Linux 4.9.41-v7+ up_5_hours,_45_minutes  2.79, 2.82, 3.02  77% 927 13% 72 normal normal warning
2018-09-12__11:57:22 pi1 Linux 4.9.41-v7+ up_5_hours,_46_minutes  7.00, 3.75, 3.31  77% 927 13% 70 normal normal warning
2018-09-12__11:58:22 pi1 Linux 4.9.41-v7+ up_5_hours,_47_minutes  9.90, 5.07, 3.79  77% 927 14% 70 normal normal warning
2018-09-12__11:59:23 pi1 Linux 4.9.41-v7+ up_5_hours,_48_minutes  6.02, 4.80, 3.78  77% 927 13% 71 normal normal warning
2018-09-12__12:00:23 pi1 Linux 4.9.41-v7+ up_5_hours,_49_minutes  4.19, 4.49, 3.73  77% 927 14% 73 normal normal warning
2018-09-12__12:01:23 pi1 Linux 4.9.41-v7+ up_5_hours,_50_minutes  3.51, 4.25, 3.70  77% 927 14% 71 normal normal warning
2018-09-12__12:02:23 pi1 Linux 4.9.41-v7+ up_5_hours,_51_minutes  2.70, 3.88, 3.60  77% 927 13% 73 normal normal warning
2018-09-12__12:03:23 pi1 Linux 4.9.41-v7+ up_5_hours,_52_minutes  3.23, 3.77, 3.58  77% 927 13% 74 normal normal warning
2018-09-12__12:04:23 pi1 Linux 4.9.41-v7+ up_5_hours,_53_minutes  2.89, 3.58, 3.52  77% 927 14% 75 normal normal warning
2018-09-12__12:57:50 pi1 Linux 4.9.41-v7+ up_6_hours,_46_minutes  2.67, 3.32, 3.21  80% 927 14% 76 note normal warning
2018-09-12__12:58:50 pi1 Linux 4.9.41-v7+ up_6_hours,_47_minutes  2.93, 3.26, 3.19  80% 927 13% 74 note normal warning
2018-09-12__12:59:50 pi1 Linux 4.9.41-v7+ up_6_hours,_48_minutes  2.55, 3.08, 3.13  80% 927 13% 71 note normal warning
2018-09-12__13:00:51 pi1 Linux 4.9.41-v7+ up_6_hours,_49_minutes  2.58, 3.00, 3.10  81% 927 13% 72 note normal warning
2018-09-12__13:01:51 pi1 Linux 4.9.41-v7+ up_6_hours,_50_minutes  2.48, 2.90, 3.06  81% 927 13% 75 note normal warning
2018-09-12__13:02:51 pi1 Linux 4.9.41-v7+ up_6_hours,_51_minutes  2.51, 2.84, 3.02  81% 927 13% 73 note normal warning
2018-09-12__13:03:51 pi1 Linux 4.9.41-v7+ up_6_hours,_52_minutes  3.06, 2.92, 3.04  81% 927 13% 71 note normal warning
2018-09-12__13:04:51 pi1 Linux 4.9.41-v7+ up_6_hours,_53_minutes  3.48, 3.03, 3.06  81% 927 13% 74 note normal warning
2018-09-12__13:05:51 pi1 Linux 4.9.41-v7+ up_6_hours,_54_minutes  5.81, 3.87, 3.36  81% 927 13% 73 note normal warning
2018-09-12__13:06:51 pi1 Linux 4.9.41-v7+ up_6_hours,_55_minutes  3.87, 3.67, 3.32  81% 927 13% 75 note normal warning
2018-09-12__12:57:50 pi1 Linux 4.9.41-v7+ up_6_hours,_46_minutes  2.67, 3.32, 3.21  80% 927 14% 76 note normal warning
2018-09-12__12:58:50 pi1 Linux 4.9.41-v7+ up_6_hours,_47_minutes  2.93, 3.26, 3.19  80% 927 13% 74 note normal warning
2018-09-12__12:59:50 pi1 Linux 4.9.41-v7+ up_6_hours,_48_minutes  2.55, 3.08, 3.13  80% 927 13% 71 note normal warning
2018-09-12__13:00:51 pi1 Linux 4.9.41-v7+ up_6_hours,_49_minutes  2.58, 3.00, 3.10  81% 927 13% 72 note normal warning
2018-09-12__13:01:51 pi1 Linux 4.9.41-v7+ up_6_hours,_50_minutes  2.48, 2.90, 3.06  81% 927 13% 75 note normal warning
2018-09-12__13:02:51 pi1 Linux 4.9.41-v7+ up_6_hours,_51_minutes  2.51, 2.84, 3.02  81% 927 13% 73 note normal warning
2018-09-12__13:03:51 pi1 Linux 4.9.41-v7+ up_6_hours,_52_minutes  3.06, 2.92, 3.04  81% 927 13% 71 note normal warning
2018-09-12__13:04:51 pi1 Linux 4.9.41-v7+ up_6_hours,_53_minutes  3.48, 3.03, 3.06  81% 927 13% 74 note normal warning
2018-09-12__13:05:51 pi1 Linux 4.9.41-v7+ up_6_hours,_54_minutes  5.81, 3.87, 3.36  81% 927 13% 73 note normal warning
2018-09-12__13:06:51 pi1 Linux 4.9.41-v7+ up_6_hours,_55_minutes  3.87, 3.67, 3.32  81% 927 13% 75 note normal warning
2018-09-12__13:07:52 pi1 Linux 4.9.41-v7+ up_6_hours,_56_minutes  3.16, 3.50, 3.28  81% 927 13% 74 note normal warning
2018-09-12__13:08:52 pi1 Linux 4.9.41-v7+ up_6_hours,_57_minutes  2.56, 3.27, 3.21  81% 927 13% 73 note normal warning
2018-09-12__13:09:52 pi1 Linux 4.9.41-v7+ up_6_hours,_58_minutes  2.52, 3.13, 3.17  81% 927 13% 70 note normal warning
2018-09-12__13:10:52 pi1 Linux 4.9.41-v7+ up_6_hours,_59_minutes  3.02, 3.15, 3.17  81% 927 13% 73 note normal warning
2018-09-12__13:11:52 pi1 Linux 4.9.41-v7+ up_7_hours  2.87, 3.10, 3.15  81% 927 13% 73 note normal warning
2018-09-12__13:12:52 pi1 Linux 4.9.41-v7+ up_7_hours,_1_minute  2.51, 2.96, 3.10  81% 927 13% 73 note normal warning
2018-09-12__13:13:53 pi1 Linux 4.9.41-v7+ up_7_hours,_2_minutes  2.41, 2.84, 3.05  82% 927 13% 72 note normal warning
2018-09-12__13:14:53 pi1 Linux 4.9.41-v7+ up_7_hours,_3_minutes  2.51, 2.80, 3.02  82% 927 13% 69 note normal note
2018-09-12__13:15:53 pi1 Linux 4.9.41-v7+ up_7_hours,_4_minutes  2.50, 2.74, 2.98  82% 927 13% 71 note normal warning
2018-09-12__13:16:53 pi1 Linux 4.9.41-v7+ up_7_hours,_5_minutes  2.64, 2.75, 2.97  82% 927 13% 69 note normal note
2018-09-12__13:29:08 pi1 Linux 4.9.41-v7+ up_7_hours,_17_minutes  2.02, 2.13, 2.49  82% 927 13% 71 note normal warning
2018-09-12__13:30:08 pi1 Linux 4.9.41-v7+ up_7_hours,_18_minutes  2.21, 2.17, 2.48  82% 927 13% 73 note normal warning
2018-09-12__13:31:08 pi1 Linux 4.9.41-v7+ up_7_hours,_19_minutes  2.21, 2.18, 2.46  82% 927 13% 73 note normal warning
2018-09-12__13:32:08 pi1 Linux 4.9.41-v7+ up_7_hours,_20_minutes  2.07, 2.14, 2.43  82% 927 13% 73 note normal warning
2018-09-12__13:33:09 pi1 Linux 4.9.41-v7+ up_7_hours,_21_minutes  2.27, 2.18, 2.42  82% 927 13% 73 note normal warning
2018-09-12__13:34:09 pi1 Linux 4.9.41-v7+ up_7_hours,_22_minutes  2.10, 2.14, 2.39  82% 927 13% 72 note normal warning
2018-09-12__13:35:09 pi1 Linux 4.9.41-v7+ up_7_hours,_23_minutes  2.03, 2.12, 2.36  82% 927 13% 73 note normal warning
2018-09-12__13:36:09 pi1 Linux 4.9.41-v7+ up_7_hours,_24_minutes  2.32, 2.18, 2.37  82% 927 13% 70 note normal warning
2018-09-12__13:37:09 pi1 Linux 4.9.41-v7+ up_7_hours,_25_minutes  2.32, 2.20, 2.36  82% 927 13% 73 note normal warning
2018-09-12__13:38:09 pi1 Linux 4.9.41-v7+ up_7_hours,_26_minutes  2.20, 2.18, 2.34  82% 927 13% 70 note normal warning
2018-09-12__13:29:08 pi1 Linux 4.9.41-v7+ up_7_hours,_17_minutes  2.02, 2.13, 2.49  82% 927 13% 71 note normal warning
2018-09-12__13:30:08 pi1 Linux 4.9.41-v7+ up_7_hours,_18_minutes  2.21, 2.17, 2.48  82% 927 13% 73 note normal warning
2018-09-12__13:31:08 pi1 Linux 4.9.41-v7+ up_7_hours,_19_minutes  2.21, 2.18, 2.46  82% 927 13% 73 note normal warning
2018-09-12__13:32:08 pi1 Linux 4.9.41-v7+ up_7_hours,_20_minutes  2.07, 2.14, 2.43  82% 927 13% 73 note normal warning
2018-09-12__13:33:09 pi1 Linux 4.9.41-v7+ up_7_hours,_21_minutes  2.27, 2.18, 2.42  82% 927 13% 73 note normal warning
2018-09-12__13:34:09 pi1 Linux 4.9.41-v7+ up_7_hours,_22_minutes  2.10, 2.14, 2.39  82% 927 13% 72 note normal warning
2018-09-12__13:35:09 pi1 Linux 4.9.41-v7+ up_7_hours,_23_minutes  2.03, 2.12, 2.36  82% 927 13% 73 note normal warning
2018-09-12__13:36:09 pi1 Linux 4.9.41-v7+ up_7_hours,_24_minutes  2.32, 2.18, 2.37  82% 927 13% 70 note normal warning
2018-09-12__13:37:09 pi1 Linux 4.9.41-v7+ up_7_hours,_25_minutes  2.32, 2.20, 2.36  82% 927 13% 73 note normal warning
2018-09-12__13:38:09 pi1 Linux 4.9.41-v7+ up_7_hours,_26_minutes  2.20, 2.18, 2.34  82% 927 13% 70 note normal warning
2018-09-12__13:39:09 pi1 Linux 4.9.41-v7+ up_7_hours,_27_minutes  2.25, 2.20, 2.34  82% 927 13% 72 note normal warning
2018-09-12__13:40:10 pi1 Linux 4.9.41-v7+ up_7_hours,_28_minutes  2.22, 2.19, 2.33  82% 927 13% 74 note normal warning
2018-09-12__13:41:10 pi1 Linux 4.9.41-v7+ up_7_hours,_29_minutes  2.45, 2.26, 2.35  82% 927 13% 73 note normal warning
2018-09-12__13:42:10 pi1 Linux 4.9.41-v7+ up_7_hours,_30_minutes  2.27, 2.24, 2.33  82% 927 13% 74 note normal warning
2018-09-12__13:43:10 pi1 Linux 4.9.41-v7+ up_7_hours,_31_minutes  2.46, 2.31, 2.35  82% 927 13% 73 note normal warning
2018-09-12__13:44:10 pi1 Linux 4.9.41-v7+ up_7_hours,_32_minutes  2.24, 2.26, 2.33  82% 927 13% 73 note normal warning
2018-09-12__13:45:10 pi1 Linux 4.9.41-v7+ up_7_hours,_33_minutes  2.43, 2.31, 2.34  82% 927 13% 74 note normal warning
2018-09-12__13:46:10 pi1 Linux 4.9.41-v7+ up_7_hours,_34_minutes  2.22, 2.28, 2.33  82% 927 13% 74 note normal warning
2018-09-12__13:47:11 pi1 Linux 4.9.41-v7+ up_7_hours,_35_minutes  2.27, 2.28, 2.33  82% 927 13% 73 note normal warning
2018-09-12__13:48:11 pi1 Linux 4.9.41-v7+ up_7_hours,_36_minutes  2.78, 2.45, 2.39  82% 927 13% 70 note normal warning
