2018-09-10__16:52:03 1  /  29899  11791  42% 
2018-09-10__16:52:03 1  /boot  42  21  51% 
2018-09-10__16:52:03  0 disk 29941 11812 39.45%
2018-09-10__16:53:03 1  /  29899  11791  42% 
2018-09-10__16:53:03 1  /boot  42  21  51% 
2018-09-10__16:53:03  0 disk 29941 11812 39.45%
2018-09-10__16:54:03 1  /  29899  11791  42% 
2018-09-10__16:54:03 1  /boot  42  21  51% 
2018-09-10__16:54:03  0 disk 29941 11812 39.45%
2018-09-10__16:55:03 1  /  29899  11791  42% 
2018-09-10__16:55:03 1  /boot  42  21  51% 
2018-09-10__16:55:03  0 disk 29941 11812 39.45%
2018-09-10__16:56:03 1  /  29899  11791  42% 
2018-09-10__16:56:03 1  /boot  42  21  51% 
2018-09-10__16:56:03  0 disk 29941 11812 39.45%
2018-09-10__16:57:03 1  /  29899  11791  42% 
2018-09-10__16:57:03 1  /boot  42  21  51% 
2018-09-10__16:57:03  0 disk 29941 11812 39.45%
2018-09-10__16:58:04 1  /  29899  11791  42% 
2018-09-10__16:58:04 1  /boot  42  21  51% 
2018-09-10__16:58:04  0 disk 29941 11812 39.45%
2018-09-10__16:59:04 1  /  29899  11791  42% 
2018-09-10__16:59:04 1  /boot  42  21  51% 
2018-09-10__16:59:04  0 disk 29941 11812 39.45%
2018-09-10__17:00:04 1  /  29899  11791  42% 
2018-09-10__17:00:04 1  /boot  42  21  51% 
2018-09-10__17:00:04  0 disk 29941 11812 39.45%
2018-09-10__17:01:04 1  /  29899  11791  42% 
2018-09-10__17:01:04 1  /boot  42  21  51% 
2018-09-10__17:01:04  0 disk 29941 11812 39.45%
2018-09-10__17:02:04 1  /  29899  11791  42% 
2018-09-10__17:02:04 1  /boot  42  21  51% 
2018-09-10__17:02:04  0 disk 29941 11812 39.45%
2018-09-10__17:03:04 1  /  29899  11791  42% 
2018-09-10__17:03:04 1  /boot  42  21  51% 
2018-09-10__17:03:04  0 disk 29941 11812 39.45%
2018-09-10__17:04:04 1  /  29899  11791  42% 
2018-09-10__17:04:04 1  /boot  42  21  51% 
2018-09-10__17:04:04  0 disk 29941 11812 39.45%
2018-09-10__17:05:04 1  /  29899  11791  42% 
2018-09-10__17:05:04 1  /boot  42  21  51% 
2018-09-10__17:05:04  0 disk 29941 11812 39.45%
2018-09-10__17:06:04 1  /  29899  11791  42% 
2018-09-10__17:06:04 1  /boot  42  21  51% 
2018-09-10__17:06:04  0 disk 29941 11812 39.45%
2018-09-10__17:07:04 1  /  29899  11791  42% 
2018-09-10__17:07:04 1  /boot  42  21  51% 
2018-09-10__17:07:04  0 disk 29941 11812 39.45%
2018-09-10__17:08:04 1  /  29899  11791  42% 
2018-09-10__17:08:04 1  /boot  42  21  51% 
2018-09-10__17:08:04  0 disk 29941 11812 39.45%
2018-09-10__17:09:04 1  /  29899  11791  42% 
2018-09-10__17:09:04 1  /boot  42  21  51% 
2018-09-10__17:09:04  0 disk 29941 11812 39.45%
2018-09-10__17:10:04 1  /  29899  11961  42% 
2018-09-10__17:10:04 1  /boot  42  21  51% 
2018-09-10__17:10:04  0 disk 29941 11982 40.01%
2018-09-10__17:11:04 1  /  29899  11982  42% 
2018-09-10__17:11:04 1  /boot  42  21  51% 
2018-09-10__17:11:04  0 disk 29941 12003 40.08%
2018-09-10__16:50:49 1  /  29899  13939  49% 
2018-09-10__16:50:49 1  /boot  42  21  51% 
2018-09-10__16:50:49  0 disk 29941 13960 46.62%
2018-09-10__16:51:50 1  /  29899  13939  49% 
2018-09-10__16:51:50 1  /boot  42  21  51% 
2018-09-10__16:51:50  0 disk 29941 13960 46.62%
2018-09-10__16:52:50 1  /  29899  13939  49% 
2018-09-10__16:52:50 1  /boot  42  21  51% 
2018-09-10__16:52:50  0 disk 29941 13960 46.62%
2018-09-10__16:53:50 1  /  29899  13939  49% 
2018-09-10__16:53:50 1  /boot  42  21  51% 
2018-09-10__16:53:50  0 disk 29941 13960 46.62%
2018-09-10__16:54:50 1  /  29899  13939  49% 
2018-09-10__16:54:50 1  /boot  42  21  51% 
2018-09-10__16:54:50  0 disk 29941 13960 46.62%
2018-09-10__16:55:50 1  /  29899  13939  49% 
2018-09-10__16:55:50 1  /boot  42  21  51% 
2018-09-10__16:55:50  0 disk 29941 13960 46.62%
2018-09-10__16:56:50 1  /  29899  13939  49% 
2018-09-10__16:56:50 1  /boot  42  21  51% 
2018-09-10__16:56:50  0 disk 29941 13960 46.62%
2018-09-10__16:57:50 1  /  29899  13939  49% 
2018-09-10__16:57:50 1  /boot  42  21  51% 
2018-09-10__16:57:50  0 disk 29941 13960 46.62%
2018-09-10__16:58:50 1  /  29899  13939  49% 
2018-09-10__16:58:50 1  /boot  42  21  51% 
2018-09-10__16:58:50  0 disk 29941 13960 46.62%
2018-09-10__16:59:50 1  /  29899  13939  49% 
2018-09-10__16:59:50 1  /boot  42  21  51% 
2018-09-10__16:59:50  0 disk 29941 13960 46.62%
2018-09-10__17:00:50 1  /  29899  13939  49% 
2018-09-10__17:00:50 1  /boot  42  21  51% 
2018-09-10__17:00:50  0 disk 29941 13960 46.62%
2018-09-10__17:01:50 1  /  29899  13939  49% 
2018-09-10__17:01:50 1  /boot  42  21  51% 
2018-09-10__17:01:50  0 disk 29941 13960 46.62%
2018-09-10__17:02:50 1  /  29899  13939  49% 
2018-09-10__17:02:50 1  /boot  42  21  51% 
2018-09-10__17:02:50  0 disk 29941 13960 46.62%
2018-09-10__17:03:50 1  /  29899  13939  49% 
2018-09-10__17:03:50 1  /boot  42  21  51% 
2018-09-10__17:03:50  0 disk 29941 13960 46.62%
2018-09-10__17:04:50 1  /  29899  13939  49% 
2018-09-10__17:04:50 1  /boot  42  21  51% 
2018-09-10__17:04:50  0 disk 29941 13960 46.62%
2018-09-10__17:05:50 1  /  29899  13939  49% 
2018-09-10__17:05:50 1  /boot  42  21  51% 
2018-09-10__17:05:50  0 disk 29941 13960 46.62%
2018-09-10__17:06:50 1  /  29899  13939  49% 
2018-09-10__17:06:50 1  /boot  42  21  51% 
2018-09-10__17:06:50  0 disk 29941 13960 46.62%
2018-09-10__17:07:50 1  /  29899  13939  49% 
2018-09-10__17:07:50 1  /boot  42  21  51% 
2018-09-10__17:07:50  0 disk 29941 13960 46.62%
2018-09-10__17:08:50 1  /  29899  13939  49% 
2018-09-10__17:08:50 1  /boot  42  21  51% 
2018-09-10__17:08:50  0 disk 29941 13960 46.62%
2018-09-10__17:09:51 1  /  29899  14129  50% 
2018-09-10__17:09:51 1  /boot  42  21  51% 
2018-09-10__17:09:51  0 disk 29941 14150 47.25%
2018-09-10__17:10:51 1  /  29899  14129  50% 
2018-09-10__17:10:51 1  /boot  42  21  51% 
2018-09-10__17:10:51  0 disk 29941 14150 47.25%
2018-09-10__17:11:51 1  /  29899  14129  50% 
2018-09-10__17:11:51 1  /boot  42  21  51% 
2018-09-10__17:11:51  0 disk 29941 14150 47.25%
2018-09-10__17:12:51 1  /  29899  14129  50% 
2018-09-10__17:12:51 1  /boot  42  21  51% 
2018-09-10__17:12:51  0 disk 29941 14150 47.25%
2018-09-10__17:13:51 1  /  29899  14129  50% 
2018-09-10__17:13:51 1  /boot  42  21  51% 
2018-09-10__17:13:51  0 disk 29941 14150 47.25%
2018-09-10__17:14:51 1  /  29899  14129  50% 
2018-09-10__17:14:51 1  /boot  42  21  51% 
2018-09-10__17:14:51  0 disk 29941 14150 47.25%
2018-09-10__17:15:51 1  /  29899  14129  50% 
2018-09-10__17:15:51 1  /boot  42  21  51% 
2018-09-10__17:15:51  0 disk 29941 14150 47.25%
2018-09-10__17:16:51 1  /  29899  14129  50% 
2018-09-10__17:16:51 1  /boot  42  21  51% 
2018-09-10__17:16:51  0 disk 29941 14150 47.25%
2018-09-10__17:17:51 1  /  29899  14129  50% 
2018-09-10__17:17:51 1  /boot  42  21  51% 
2018-09-10__17:17:51  0 disk 29941 14150 47.25%
2018-09-10__17:18:51 1  /  29899  14129  50% 
2018-09-10__17:18:51 1  /boot  42  21  51% 
2018-09-10__17:18:51  0 disk 29941 14150 47.25%
2018-09-10__17:19:51 1  /  29899  14462  51% 
2018-09-10__17:19:51 1  /boot  42  21  51% 
2018-09-10__17:19:51  0 disk 29941 14483 48.37%
2018-09-10__20:12:03 1  /  29899  15084  53% 
2018-09-10__20:12:03 1  /boot  42  21  51% 
2018-09-10__20:12:03  0 disk 29941 15105 50.44%
2018-09-10__20:13:04 1  /  29899  15084  53% 
2018-09-10__20:13:04 1  /boot  42  21  51% 
2018-09-10__20:13:04  0 disk 29941 15105 50.44%
2018-09-10__20:14:04 1  /  29899  15084  53% 
2018-09-10__20:14:04 1  /boot  42  21  51% 
2018-09-10__20:14:04  0 disk 29941 15105 50.44%
2018-09-10__20:15:04 1  /  29899  15084  53% 
2018-09-10__20:15:04 1  /boot  42  21  51% 
2018-09-10__20:15:04  0 disk 29941 15105 50.44%
2018-09-10__20:16:04 1  /  29899  15084  53% 
2018-09-10__20:16:04 1  /boot  42  21  51% 
2018-09-10__20:16:04  0 disk 29941 15105 50.44%
2018-09-10__20:17:04 1  /  29899  15084  53% 
2018-09-10__20:17:04 1  /boot  42  21  51% 
2018-09-10__20:17:04  0 disk 29941 15105 50.44%
2018-09-10__20:18:04 1  /  29899  15084  53% 
2018-09-10__20:18:04 1  /boot  42  21  51% 
2018-09-10__20:18:04  0 disk 29941 15105 50.44%
2018-09-10__20:19:04 1  /  29899  15084  53% 
2018-09-10__20:19:04 1  /boot  42  21  51% 
2018-09-10__20:19:04  0 disk 29941 15105 50.44%
2018-09-10__20:20:04 1  /  29899  15084  53% 
2018-09-10__20:20:04 1  /boot  42  21  51% 
2018-09-10__20:20:04  0 disk 29941 15105 50.44%
2018-09-10__20:21:04 1  /  29899  15084  53% 
2018-09-10__20:21:04 1  /boot  42  21  51% 
2018-09-10__20:21:04  0 disk 29941 15105 50.44%
2018-09-10__20:12:03 1  /  29899  15084  53% 
2018-09-10__20:12:03 1  /boot  42  21  51% 
2018-09-10__20:12:03  0 disk 29941 15105 50.44%
2018-09-10__20:13:04 1  /  29899  15084  53% 
2018-09-10__20:13:04 1  /boot  42  21  51% 
2018-09-10__20:13:04  0 disk 29941 15105 50.44%
2018-09-10__20:14:04 1  /  29899  15084  53% 
2018-09-10__20:14:04 1  /boot  42  21  51% 
2018-09-10__20:14:04  0 disk 29941 15105 50.44%
2018-09-10__20:15:04 1  /  29899  15084  53% 
2018-09-10__20:15:04 1  /boot  42  21  51% 
2018-09-10__20:15:04  0 disk 29941 15105 50.44%
2018-09-10__20:16:04 1  /  29899  15084  53% 
2018-09-10__20:16:04 1  /boot  42  21  51% 
2018-09-10__20:16:04  0 disk 29941 15105 50.44%
2018-09-10__20:17:04 1  /  29899  15084  53% 
2018-09-10__20:17:04 1  /boot  42  21  51% 
2018-09-10__20:17:04  0 disk 29941 15105 50.44%
2018-09-10__20:18:04 1  /  29899  15084  53% 
2018-09-10__20:18:04 1  /boot  42  21  51% 
2018-09-10__20:18:04  0 disk 29941 15105 50.44%
2018-09-10__20:19:04 1  /  29899  15084  53% 
2018-09-10__20:19:04 1  /boot  42  21  51% 
2018-09-10__20:19:04  0 disk 29941 15105 50.44%
2018-09-10__20:20:04 1  /  29899  15084  53% 
2018-09-10__20:20:04 1  /boot  42  21  51% 
2018-09-10__20:20:04  0 disk 29941 15105 50.44%
2018-09-10__20:21:04 1  /  29899  15084  53% 
2018-09-10__20:21:04 1  /boot  42  21  51% 
2018-09-10__20:21:04  0 disk 29941 15105 50.44%
2018-09-10__20:22:04 1  /  29899  15084  53% 
2018-09-10__20:22:04 1  /boot  42  21  51% 
2018-09-10__20:22:04  0 disk 29941 15105 50.44%
2018-09-10__20:23:04 1  /  29899  15084  53% 
2018-09-10__20:23:04 1  /boot  42  21  51% 
2018-09-10__20:23:04  0 disk 29941 15105 50.44%
2018-09-10__20:24:04 1  /  29899  15084  53% 
2018-09-10__20:24:04 1  /boot  42  21  51% 
2018-09-10__20:24:04  0 disk 29941 15105 50.44%
2018-09-10__20:25:04 1  /  29899  15084  53% 
2018-09-10__20:25:04 1  /boot  42  21  51% 
2018-09-10__20:25:04  0 disk 29941 15105 50.44%
2018-09-10__20:26:04 1  /  29899  15084  53% 
2018-09-10__20:26:04 1  /boot  42  21  51% 
2018-09-10__20:26:04  0 disk 29941 15105 50.44%
2018-09-10__20:27:04 1  /  29899  15084  53% 
2018-09-10__20:27:04 1  /boot  42  21  51% 
2018-09-10__20:27:04  0 disk 29941 15105 50.44%
2018-09-10__20:28:04 1  /  29899  15084  53% 
2018-09-10__20:28:04 1  /boot  42  21  51% 
2018-09-10__20:28:04  0 disk 29941 15105 50.44%
2018-09-10__20:29:04 1  /  29899  15084  53% 
2018-09-10__20:29:04 1  /boot  42  21  51% 
2018-09-10__20:29:04  0 disk 29941 15105 50.44%
2018-09-10__20:30:04 1  /  29899  15084  53% 
2018-09-10__20:30:04 1  /boot  42  21  51% 
2018-09-10__20:30:04  0 disk 29941 15105 50.44%
2018-09-10__20:31:04 1  /  29899  15084  53% 
2018-09-10__20:31:04 1  /boot  42  21  51% 
2018-09-10__20:31:04  0 disk 29941 15105 50.44%
2018-09-10__20:12:03 1  /  29899  15084  53% 
2018-09-10__20:12:03 1  /boot  42  21  51% 
2018-09-10__20:12:03  0 disk 29941 15105 50.44%
2018-09-10__20:13:04 1  /  29899  15084  53% 
2018-09-10__20:13:04 1  /boot  42  21  51% 
2018-09-10__20:13:04  0 disk 29941 15105 50.44%
2018-09-10__20:14:04 1  /  29899  15084  53% 
2018-09-10__20:14:04 1  /boot  42  21  51% 
2018-09-10__20:14:04  0 disk 29941 15105 50.44%
2018-09-10__20:15:04 1  /  29899  15084  53% 
2018-09-10__20:15:04 1  /boot  42  21  51% 
2018-09-10__20:15:04  0 disk 29941 15105 50.44%
2018-09-10__20:16:04 1  /  29899  15084  53% 
2018-09-10__20:16:04 1  /boot  42  21  51% 
2018-09-10__20:16:04  0 disk 29941 15105 50.44%
2018-09-10__20:17:04 1  /  29899  15084  53% 
2018-09-10__20:17:04 1  /boot  42  21  51% 
2018-09-10__20:17:04  0 disk 29941 15105 50.44%
2018-09-10__20:18:04 1  /  29899  15084  53% 
2018-09-10__20:18:04 1  /boot  42  21  51% 
2018-09-10__20:18:04  0 disk 29941 15105 50.44%
2018-09-10__20:19:04 1  /  29899  15084  53% 
2018-09-10__20:19:04 1  /boot  42  21  51% 
2018-09-10__20:19:04  0 disk 29941 15105 50.44%
2018-09-10__20:20:04 1  /  29899  15084  53% 
2018-09-10__20:20:04 1  /boot  42  21  51% 
2018-09-10__20:20:04  0 disk 29941 15105 50.44%
2018-09-10__20:21:04 1  /  29899  15084  53% 
2018-09-10__20:21:04 1  /boot  42  21  51% 
2018-09-10__20:21:04  0 disk 29941 15105 50.44%
2018-09-10__20:22:04 1  /  29899  15084  53% 
2018-09-10__20:22:04 1  /boot  42  21  51% 
2018-09-10__20:22:04  0 disk 29941 15105 50.44%
2018-09-10__20:23:04 1  /  29899  15084  53% 
2018-09-10__20:23:04 1  /boot  42  21  51% 
2018-09-10__20:23:04  0 disk 29941 15105 50.44%
2018-09-10__20:24:04 1  /  29899  15084  53% 
2018-09-10__20:24:04 1  /boot  42  21  51% 
2018-09-10__20:24:04  0 disk 29941 15105 50.44%
2018-09-10__20:25:04 1  /  29899  15084  53% 
2018-09-10__20:25:04 1  /boot  42  21  51% 
2018-09-10__20:25:04  0 disk 29941 15105 50.44%
2018-09-10__20:26:04 1  /  29899  15084  53% 
2018-09-10__20:26:04 1  /boot  42  21  51% 
2018-09-10__20:26:04  0 disk 29941 15105 50.44%
2018-09-10__20:27:04 1  /  29899  15084  53% 
2018-09-10__20:27:04 1  /boot  42  21  51% 
2018-09-10__20:27:04  0 disk 29941 15105 50.44%
2018-09-10__20:28:04 1  /  29899  15084  53% 
2018-09-10__20:28:04 1  /boot  42  21  51% 
2018-09-10__20:28:04  0 disk 29941 15105 50.44%
2018-09-10__20:29:04 1  /  29899  15084  53% 
2018-09-10__20:29:04 1  /boot  42  21  51% 
2018-09-10__20:29:04  0 disk 29941 15105 50.44%
2018-09-10__20:30:04 1  /  29899  15084  53% 
2018-09-10__20:30:04 1  /boot  42  21  51% 
2018-09-10__20:30:04  0 disk 29941 15105 50.44%
2018-09-10__20:31:04 1  /  29899  15084  53% 
2018-09-10__20:31:04 1  /boot  42  21  51% 
2018-09-10__20:31:04  0 disk 29941 15105 50.44%
2018-09-10__20:32:04 1  /  29899  15084  53% 
2018-09-10__20:32:04 1  /boot  42  21  51% 
2018-09-10__20:32:04  0 disk 29941 15105 50.44%
2018-09-10__20:33:04 1  /  29899  15084  53% 
2018-09-10__20:33:04 1  /boot  42  21  51% 
2018-09-10__20:33:04  0 disk 29941 15105 50.44%
2018-09-10__20:34:05 1  /  29899  15084  53% 
2018-09-10__20:34:05 1  /boot  42  21  51% 
2018-09-10__20:34:05  0 disk 29941 15105 50.44%
2018-09-10__20:35:05 1  /  29899  15084  53% 
2018-09-10__20:35:05 1  /boot  42  21  51% 
2018-09-10__20:35:05  0 disk 29941 15105 50.44%
2018-09-10__20:36:05 1  /  29899  15084  53% 
2018-09-10__20:36:05 1  /boot  42  21  51% 
2018-09-10__20:36:05  0 disk 29941 15105 50.44%
2018-09-10__20:37:05 1  /  29899  15084  53% 
2018-09-10__20:37:05 1  /boot  42  21  51% 
2018-09-10__20:37:05  0 disk 29941 15105 50.44%
2018-09-10__20:38:05 1  /  29899  15084  53% 
2018-09-10__20:38:05 1  /boot  42  21  51% 
2018-09-10__20:38:05  0 disk 29941 15105 50.44%
2018-09-10__20:39:05 1  /  29899  15084  53% 
2018-09-10__20:39:05 1  /boot  42  21  51% 
2018-09-10__20:39:05  0 disk 29941 15105 50.44%
2018-09-10__20:40:05 1  /  29899  15084  53% 
2018-09-10__20:40:05 1  /boot  42  21  51% 
2018-09-10__20:40:05  0 disk 29941 15105 50.44%
2018-09-10__20:41:05 1  /  29899  15084  53% 
2018-09-10__20:41:05 1  /boot  42  21  51% 
2018-09-10__20:41:05  0 disk 29941 15105 50.44%
2018-09-10__20:12:03 1  /  29899  15084  53% 
2018-09-10__20:12:03 1  /boot  42  21  51% 
2018-09-10__20:12:03  0 disk 29941 15105 50.44%
2018-09-10__20:13:04 1  /  29899  15084  53% 
2018-09-10__20:13:04 1  /boot  42  21  51% 
2018-09-10__20:13:04  0 disk 29941 15105 50.44%
2018-09-10__20:14:04 1  /  29899  15084  53% 
2018-09-10__20:14:04 1  /boot  42  21  51% 
2018-09-10__20:14:04  0 disk 29941 15105 50.44%
2018-09-10__20:15:04 1  /  29899  15084  53% 
2018-09-10__20:15:04 1  /boot  42  21  51% 
2018-09-10__20:15:04  0 disk 29941 15105 50.44%
2018-09-10__20:16:04 1  /  29899  15084  53% 
2018-09-10__20:16:04 1  /boot  42  21  51% 
2018-09-10__20:16:04  0 disk 29941 15105 50.44%
2018-09-10__20:17:04 1  /  29899  15084  53% 
2018-09-10__20:17:04 1  /boot  42  21  51% 
2018-09-10__20:17:04  0 disk 29941 15105 50.44%
2018-09-10__20:18:04 1  /  29899  15084  53% 
2018-09-10__20:18:04 1  /boot  42  21  51% 
2018-09-10__20:18:04  0 disk 29941 15105 50.44%
2018-09-10__20:19:04 1  /  29899  15084  53% 
2018-09-10__20:19:04 1  /boot  42  21  51% 
2018-09-10__20:19:04  0 disk 29941 15105 50.44%
2018-09-10__20:20:04 1  /  29899  15084  53% 
2018-09-10__20:20:04 1  /boot  42  21  51% 
2018-09-10__20:20:04  0 disk 29941 15105 50.44%
2018-09-10__20:21:04 1  /  29899  15084  53% 
2018-09-10__20:21:04 1  /boot  42  21  51% 
2018-09-10__20:21:04  0 disk 29941 15105 50.44%
2018-09-10__20:22:04 1  /  29899  15084  53% 
2018-09-10__20:22:04 1  /boot  42  21  51% 
2018-09-10__20:22:04  0 disk 29941 15105 50.44%
2018-09-10__20:23:04 1  /  29899  15084  53% 
2018-09-10__20:23:04 1  /boot  42  21  51% 
2018-09-10__20:23:04  0 disk 29941 15105 50.44%
2018-09-10__20:24:04 1  /  29899  15084  53% 
2018-09-10__20:24:04 1  /boot  42  21  51% 
2018-09-10__20:24:04  0 disk 29941 15105 50.44%
2018-09-10__20:25:04 1  /  29899  15084  53% 
2018-09-10__20:25:04 1  /boot  42  21  51% 
2018-09-10__20:25:04  0 disk 29941 15105 50.44%
2018-09-10__20:26:04 1  /  29899  15084  53% 
2018-09-10__20:26:04 1  /boot  42  21  51% 
2018-09-10__20:26:04  0 disk 29941 15105 50.44%
2018-09-10__20:27:04 1  /  29899  15084  53% 
2018-09-10__20:27:04 1  /boot  42  21  51% 
2018-09-10__20:27:04  0 disk 29941 15105 50.44%
2018-09-10__20:28:04 1  /  29899  15084  53% 
2018-09-10__20:28:04 1  /boot  42  21  51% 
2018-09-10__20:28:04  0 disk 29941 15105 50.44%
2018-09-10__20:29:04 1  /  29899  15084  53% 
2018-09-10__20:29:04 1  /boot  42  21  51% 
2018-09-10__20:29:04  0 disk 29941 15105 50.44%
2018-09-10__20:30:04 1  /  29899  15084  53% 
2018-09-10__20:30:04 1  /boot  42  21  51% 
2018-09-10__20:30:04  0 disk 29941 15105 50.44%
2018-09-10__20:31:04 1  /  29899  15084  53% 
2018-09-10__20:31:04 1  /boot  42  21  51% 
2018-09-10__20:31:04  0 disk 29941 15105 50.44%
2018-09-10__20:32:04 1  /  29899  15084  53% 
2018-09-10__20:32:04 1  /boot  42  21  51% 
2018-09-10__20:32:04  0 disk 29941 15105 50.44%
2018-09-10__20:33:04 1  /  29899  15084  53% 
2018-09-10__20:33:04 1  /boot  42  21  51% 
2018-09-10__20:33:04  0 disk 29941 15105 50.44%
2018-09-10__20:34:05 1  /  29899  15084  53% 
2018-09-10__20:34:05 1  /boot  42  21  51% 
2018-09-10__20:34:05  0 disk 29941 15105 50.44%
2018-09-10__20:35:05 1  /  29899  15084  53% 
2018-09-10__20:35:05 1  /boot  42  21  51% 
2018-09-10__20:35:05  0 disk 29941 15105 50.44%
2018-09-10__20:36:05 1  /  29899  15084  53% 
2018-09-10__20:36:05 1  /boot  42  21  51% 
2018-09-10__20:36:05  0 disk 29941 15105 50.44%
2018-09-10__20:37:05 1  /  29899  15084  53% 
2018-09-10__20:37:05 1  /boot  42  21  51% 
2018-09-10__20:37:05  0 disk 29941 15105 50.44%
2018-09-10__20:38:05 1  /  29899  15084  53% 
2018-09-10__20:38:05 1  /boot  42  21  51% 
2018-09-10__20:38:05  0 disk 29941 15105 50.44%
2018-09-10__20:39:05 1  /  29899  15084  53% 
2018-09-10__20:39:05 1  /boot  42  21  51% 
2018-09-10__20:39:05  0 disk 29941 15105 50.44%
2018-09-10__20:40:05 1  /  29899  15084  53% 
2018-09-10__20:40:05 1  /boot  42  21  51% 
2018-09-10__20:40:05  0 disk 29941 15105 50.44%
2018-09-10__20:41:05 1  /  29899  15084  53% 
2018-09-10__20:41:05 1  /boot  42  21  51% 
2018-09-10__20:41:05  0 disk 29941 15105 50.44%
2018-09-10__20:42:05 1  /  29899  15084  53% 
2018-09-10__20:42:05 1  /boot  42  21  51% 
2018-09-10__20:42:05  0 disk 29941 15105 50.44%
2018-09-10__20:43:05 1  /  29899  15084  53% 
2018-09-10__20:43:05 1  /boot  42  21  51% 
2018-09-10__20:43:05  0 disk 29941 15105 50.44%
2018-09-10__20:44:05 1  /  29899  15084  53% 
2018-09-10__20:44:05 1  /boot  42  21  51% 
2018-09-10__20:44:05  0 disk 29941 15105 50.44%
2018-09-10__20:45:05 1  /  29899  15084  53% 
2018-09-10__20:45:05 1  /boot  42  21  51% 
2018-09-10__20:45:05  0 disk 29941 15105 50.44%
2018-09-10__20:46:05 1  /  29899  15084  53% 
2018-09-10__20:46:05 1  /boot  42  21  51% 
2018-09-10__20:46:05  0 disk 29941 15105 50.44%
2018-09-10__20:47:05 1  /  29899  15084  53% 
2018-09-10__20:47:05 1  /boot  42  21  51% 
2018-09-10__20:47:05  0 disk 29941 15105 50.44%
2018-09-10__20:48:05 1  /  29899  15084  53% 
2018-09-10__20:48:05 1  /boot  42  21  51% 
2018-09-10__20:48:05  0 disk 29941 15105 50.44%
2018-09-10__20:49:05 1  /  29899  15084  53% 
2018-09-10__20:49:05 1  /boot  42  21  51% 
2018-09-10__20:49:05  0 disk 29941 15105 50.44%
2018-09-10__20:50:05 1  /  29899  15084  53% 
2018-09-10__20:50:05 1  /boot  42  21  51% 
2018-09-10__20:50:05  0 disk 29941 15105 50.44%
2018-09-10__20:51:05 1  /  29899  15084  53% 
2018-09-10__20:51:05 1  /boot  42  21  51% 
2018-09-10__20:51:05  0 disk 29941 15105 50.44%
2018-09-10__20:12:03 1  /  29899  15084  53% 
2018-09-10__20:12:03 1  /boot  42  21  51% 
2018-09-10__20:12:03  0 disk 29941 15105 50.44%
2018-09-10__20:13:04 1  /  29899  15084  53% 
2018-09-10__20:13:04 1  /boot  42  21  51% 
2018-09-10__20:13:04  0 disk 29941 15105 50.44%
2018-09-10__20:14:04 1  /  29899  15084  53% 
2018-09-10__20:14:04 1  /boot  42  21  51% 
2018-09-10__20:14:04  0 disk 29941 15105 50.44%
2018-09-10__20:15:04 1  /  29899  15084  53% 
2018-09-10__20:15:04 1  /boot  42  21  51% 
2018-09-10__20:15:04  0 disk 29941 15105 50.44%
2018-09-10__20:16:04 1  /  29899  15084  53% 
2018-09-10__20:16:04 1  /boot  42  21  51% 
2018-09-10__20:16:04  0 disk 29941 15105 50.44%
2018-09-10__20:17:04 1  /  29899  15084  53% 
2018-09-10__20:17:04 1  /boot  42  21  51% 
2018-09-10__20:17:04  0 disk 29941 15105 50.44%
2018-09-10__20:18:04 1  /  29899  15084  53% 
2018-09-10__20:18:04 1  /boot  42  21  51% 
2018-09-10__20:18:04  0 disk 29941 15105 50.44%
2018-09-10__20:19:04 1  /  29899  15084  53% 
2018-09-10__20:19:04 1  /boot  42  21  51% 
2018-09-10__20:19:04  0 disk 29941 15105 50.44%
2018-09-10__20:20:04 1  /  29899  15084  53% 
2018-09-10__20:20:04 1  /boot  42  21  51% 
2018-09-10__20:20:04  0 disk 29941 15105 50.44%
2018-09-10__20:21:04 1  /  29899  15084  53% 
2018-09-10__20:21:04 1  /boot  42  21  51% 
2018-09-10__20:21:04  0 disk 29941 15105 50.44%
2018-09-10__20:22:04 1  /  29899  15084  53% 
2018-09-10__20:22:04 1  /boot  42  21  51% 
2018-09-10__20:22:04  0 disk 29941 15105 50.44%
2018-09-10__20:23:04 1  /  29899  15084  53% 
2018-09-10__20:23:04 1  /boot  42  21  51% 
2018-09-10__20:23:04  0 disk 29941 15105 50.44%
2018-09-10__20:24:04 1  /  29899  15084  53% 
2018-09-10__20:24:04 1  /boot  42  21  51% 
2018-09-10__20:24:04  0 disk 29941 15105 50.44%
2018-09-10__20:25:04 1  /  29899  15084  53% 
2018-09-10__20:25:04 1  /boot  42  21  51% 
2018-09-10__20:25:04  0 disk 29941 15105 50.44%
2018-09-10__20:26:04 1  /  29899  15084  53% 
2018-09-10__20:26:04 1  /boot  42  21  51% 
2018-09-10__20:26:04  0 disk 29941 15105 50.44%
2018-09-10__20:27:04 1  /  29899  15084  53% 
2018-09-10__20:27:04 1  /boot  42  21  51% 
2018-09-10__20:27:04  0 disk 29941 15105 50.44%
2018-09-10__20:28:04 1  /  29899  15084  53% 
2018-09-10__20:28:04 1  /boot  42  21  51% 
2018-09-10__20:28:04  0 disk 29941 15105 50.44%
2018-09-10__20:29:04 1  /  29899  15084  53% 
2018-09-10__20:29:04 1  /boot  42  21  51% 
2018-09-10__20:29:04  0 disk 29941 15105 50.44%
2018-09-10__20:30:04 1  /  29899  15084  53% 
2018-09-10__20:30:04 1  /boot  42  21  51% 
2018-09-10__20:30:04  0 disk 29941 15105 50.44%
2018-09-10__20:31:04 1  /  29899  15084  53% 
2018-09-10__20:31:04 1  /boot  42  21  51% 
2018-09-10__20:31:04  0 disk 29941 15105 50.44%
2018-09-10__20:32:04 1  /  29899  15084  53% 
2018-09-10__20:32:04 1  /boot  42  21  51% 
2018-09-10__20:32:04  0 disk 29941 15105 50.44%
2018-09-10__20:33:04 1  /  29899  15084  53% 
2018-09-10__20:33:04 1  /boot  42  21  51% 
2018-09-10__20:33:04  0 disk 29941 15105 50.44%
2018-09-10__20:34:05 1  /  29899  15084  53% 
2018-09-10__20:34:05 1  /boot  42  21  51% 
2018-09-10__20:34:05  0 disk 29941 15105 50.44%
2018-09-10__20:35:05 1  /  29899  15084  53% 
2018-09-10__20:35:05 1  /boot  42  21  51% 
2018-09-10__20:35:05  0 disk 29941 15105 50.44%
2018-09-10__20:36:05 1  /  29899  15084  53% 
2018-09-10__20:36:05 1  /boot  42  21  51% 
2018-09-10__20:36:05  0 disk 29941 15105 50.44%
2018-09-10__20:37:05 1  /  29899  15084  53% 
2018-09-10__20:37:05 1  /boot  42  21  51% 
2018-09-10__20:37:05  0 disk 29941 15105 50.44%
2018-09-10__20:38:05 1  /  29899  15084  53% 
2018-09-10__20:38:05 1  /boot  42  21  51% 
2018-09-10__20:38:05  0 disk 29941 15105 50.44%
2018-09-10__20:39:05 1  /  29899  15084  53% 
2018-09-10__20:39:05 1  /boot  42  21  51% 
2018-09-10__20:39:05  0 disk 29941 15105 50.44%
2018-09-10__20:40:05 1  /  29899  15084  53% 
2018-09-10__20:40:05 1  /boot  42  21  51% 
2018-09-10__20:40:05  0 disk 29941 15105 50.44%
2018-09-10__20:41:05 1  /  29899  15084  53% 
2018-09-10__20:41:05 1  /boot  42  21  51% 
2018-09-10__20:41:05  0 disk 29941 15105 50.44%
2018-09-10__20:42:05 1  /  29899  15084  53% 
2018-09-10__20:42:05 1  /boot  42  21  51% 
2018-09-10__20:42:05  0 disk 29941 15105 50.44%
2018-09-10__20:43:05 1  /  29899  15084  53% 
2018-09-10__20:43:05 1  /boot  42  21  51% 
2018-09-10__20:43:05  0 disk 29941 15105 50.44%
2018-09-10__20:44:05 1  /  29899  15084  53% 
2018-09-10__20:44:05 1  /boot  42  21  51% 
2018-09-10__20:44:05  0 disk 29941 15105 50.44%
2018-09-10__20:45:05 1  /  29899  15084  53% 
2018-09-10__20:45:05 1  /boot  42  21  51% 
2018-09-10__20:45:05  0 disk 29941 15105 50.44%
2018-09-10__20:46:05 1  /  29899  15084  53% 
2018-09-10__20:46:05 1  /boot  42  21  51% 
2018-09-10__20:46:05  0 disk 29941 15105 50.44%
2018-09-10__20:47:05 1  /  29899  15084  53% 
2018-09-10__20:47:05 1  /boot  42  21  51% 
2018-09-10__20:47:05  0 disk 29941 15105 50.44%
2018-09-10__20:48:05 1  /  29899  15084  53% 
2018-09-10__20:48:05 1  /boot  42  21  51% 
2018-09-10__20:48:05  0 disk 29941 15105 50.44%
2018-09-10__20:49:05 1  /  29899  15084  53% 
2018-09-10__20:49:05 1  /boot  42  21  51% 
2018-09-10__20:49:05  0 disk 29941 15105 50.44%
2018-09-10__20:50:05 1  /  29899  15084  53% 
2018-09-10__20:50:05 1  /boot  42  21  51% 
2018-09-10__20:50:05  0 disk 29941 15105 50.44%
2018-09-10__20:51:05 1  /  29899  15084  53% 
2018-09-10__20:51:05 1  /boot  42  21  51% 
2018-09-10__20:51:05  0 disk 29941 15105 50.44%
2018-09-10__20:52:05 1  /  29899  15084  53% 
2018-09-10__20:52:05 1  /boot  42  21  51% 
2018-09-10__20:52:05  0 disk 29941 15105 50.44%
2018-09-10__20:53:06 1  /  29899  15084  53% 
2018-09-10__20:53:06 1  /boot  42  21  51% 
2018-09-10__20:53:06  0 disk 29941 15105 50.44%
2018-09-10__20:54:06 1  /  29899  15084  53% 
2018-09-10__20:54:06 1  /boot  42  21  51% 
2018-09-10__20:54:06  0 disk 29941 15105 50.44%
2018-09-10__20:55:06 1  /  29899  15084  53% 
2018-09-10__20:55:06 1  /boot  42  21  51% 
2018-09-10__20:55:06  0 disk 29941 15105 50.44%
2018-09-10__20:56:06 1  /  29899  15084  53% 
2018-09-10__20:56:06 1  /boot  42  21  51% 
2018-09-10__20:56:06  0 disk 29941 15105 50.44%
2018-09-10__20:57:06 1  /  29899  15084  53% 
2018-09-10__20:57:06 1  /boot  42  21  51% 
2018-09-10__20:57:06  0 disk 29941 15105 50.44%
2018-09-10__20:58:06 1  /  29899  15084  53% 
2018-09-10__20:58:06 1  /boot  42  21  51% 
2018-09-10__20:58:06  0 disk 29941 15105 50.44%
2018-09-10__20:59:06 1  /  29899  15084  53% 
2018-09-10__20:59:06 1  /boot  42  21  51% 
2018-09-10__20:59:06  0 disk 29941 15105 50.44%
2018-09-10__21:00:06 1  /  29899  15084  53% 
2018-09-10__21:00:06 1  /boot  42  21  51% 
2018-09-10__21:00:06  0 disk 29941 15105 50.44%
2018-09-10__21:01:06 1  /  29899  15084  53% 
2018-09-10__21:01:06 1  /boot  42  21  51% 
2018-09-10__21:01:06  0 disk 29941 15105 50.44%
2018-09-12__09:40:40 1  /  29899  15026  53% 
2018-09-12__09:40:40 1  /boot  42  21  51% 
2018-09-12__09:40:40  0 disk 29941 15047 50.25%
2018-09-12__09:41:40 1  /  29899  15026  53% 
2018-09-12__09:41:40 1  /boot  42  21  51% 
2018-09-12__09:41:40  0 disk 29941 15047 50.25%
2018-09-12__09:42:40 1  /  29899  15026  53% 
2018-09-12__09:42:40 1  /boot  42  21  51% 
2018-09-12__09:42:40  0 disk 29941 15047 50.25%
2018-09-12__09:43:40 1  /  29899  15026  53% 
2018-09-12__09:43:40 1  /boot  42  21  51% 
2018-09-12__09:43:40  0 disk 29941 15047 50.25%
2018-09-12__09:44:41 1  /  29899  15026  53% 
2018-09-12__09:44:41 1  /boot  42  21  51% 
2018-09-12__09:44:41  0 disk 29941 15047 50.25%
2018-09-12__09:45:41 1  /  29899  15026  53% 
2018-09-12__09:45:41 1  /boot  42  21  51% 
2018-09-12__09:45:41  0 disk 29941 15047 50.25%
2018-09-12__09:46:41 1  /  29899  15026  53% 
2018-09-12__09:46:41 1  /boot  42  21  51% 
2018-09-12__09:46:41  0 disk 29941 15047 50.25%
2018-09-12__09:47:41 1  /  29899  15026  53% 
2018-09-12__09:47:41 1  /boot  42  21  51% 
2018-09-12__09:47:41  0 disk 29941 15047 50.25%
2018-09-12__09:48:41 1  /  29899  15026  53% 
2018-09-12__09:48:41 1  /boot  42  21  51% 
2018-09-12__09:48:41  0 disk 29941 15047 50.25%
2018-09-12__09:49:41 1  /  29899  15026  53% 
2018-09-12__09:49:41 1  /boot  42  21  51% 
2018-09-12__09:49:41  0 disk 29941 15047 50.25%
