2018-09-10__15:41:21 pi3 Linux 4.9.41-v7+ up_3_days,_7_hours,_43_minutes  0.77, 0.93, 0.75  43% 927 9% 45 normal normal normal
2018-09-10__15:42:21 pi3 Linux 4.9.41-v7+ up_3_days,_7_hours,_44_minutes  0.43, 0.81, 0.72  43% 927 9% 45 normal normal normal
2018-09-10__15:43:21 pi3 Linux 4.9.41-v7+ up_3_days,_7_hours,_45_minutes  0.73, 0.81, 0.73  43% 927 9% 45 normal normal normal
2018-09-10__15:44:21 pi3 Linux 4.9.41-v7+ up_3_days,_7_hours,_46_minutes  0.41, 0.72, 0.70  43% 927 9% 45 normal normal normal
2018-09-10__15:45:22 pi3 Linux 4.9.41-v7+ up_3_days,_7_hours,_47_minutes  0.40, 0.66, 0.68  43% 927 9% 45 normal normal normal
2018-09-10__15:46:22 pi3 Linux 4.9.41-v7+ up_3_days,_7_hours,_48_minutes  0.98, 0.80, 0.73  43% 927 9% 45 normal normal normal
2018-09-10__15:47:22 pi3 Linux 4.9.41-v7+ up_3_days,_7_hours,_49_minutes  0.68, 0.73, 0.71  43% 927 9% 46 normal normal normal
2018-09-10__15:48:22 pi3 Linux 4.9.41-v7+ up_3_days,_7_hours,_50_minutes  0.52, 0.68, 0.70  43% 927 9% 47 normal normal normal
2018-09-10__15:49:22 pi3 Linux 4.9.41-v7+ up_3_days,_7_hours,_51_minutes  0.84, 0.74, 0.72  43% 927 9% 47 normal normal normal
2018-09-10__15:50:22 pi3 Linux 4.9.41-v7+ up_3_days,_7_hours,_52_minutes  1.13, 0.82, 0.75  43% 927 9% 47 normal normal normal
2018-09-10__15:51:22 pi3 Linux 4.9.41-v7+ up_3_days,_7_hours,_53_minutes  0.74, 0.76, 0.73  43% 927 9% 47 normal normal normal
2018-09-10__15:52:22 pi3 Linux 4.9.41-v7+ up_3_days,_7_hours,_54_minutes  1.54, 1.00, 0.81  43% 927 9% 48 normal normal normal
2018-09-10__15:53:22 pi3 Linux 4.9.41-v7+ up_3_days,_7_hours,_55_minutes  1.52, 1.07, 0.85  43% 927 9% 47 normal normal normal
2018-09-10__15:54:23 pi3 Linux 4.9.41-v7+ up_3_days,_7_hours,_56_minutes  1.01, 1.00, 0.83  43% 927 9% 48 normal normal normal
2018-09-10__15:55:23 pi3 Linux 4.9.41-v7+ up_3_days,_7_hours,_57_minutes  1.47, 1.08, 0.87  43% 927 9% 47 normal normal normal
2018-09-10__15:56:23 pi3 Linux 4.9.41-v7+ up_3_days,_7_hours,_58_minutes  1.08, 1.02, 0.86  43% 927 9% 48 normal normal normal
2018-09-10__15:57:23 pi3 Linux 4.9.41-v7+ up_3_days,_7_hours,_59_minutes  0.95, 0.99, 0.86  43% 927 9% 49 normal normal normal
2018-09-10__15:58:23 pi3 Linux 4.9.41-v7+ up_3_days,_8_hours  1.40, 1.09, 0.90  43% 927 9% 47 normal normal normal
2018-09-10__15:59:23 pi3 Linux 4.9.41-v7+ up_3_days,_8_hours,_1_minute  1.21, 1.12, 0.93  43% 927 9% 46 normal normal normal
2018-09-10__16:00:23 pi3 Linux 4.9.41-v7+ up_3_days,_8_hours,_2_minutes  0.70, 1.00, 0.90  43% 927 9% 47 normal normal normal
2018-09-10__16:01:23 pi3 Linux 4.9.41-v7+ up_3_days,_8_hours,_3_minutes  0.52, 0.92, 0.88  43% 927 8% 44 normal normal normal
2018-09-10__16:02:24 pi3 Linux 4.9.41-v7+ up_3_days,_8_hours,_4_minutes  0.36, 0.81, 0.84  43% 927 8% 43 normal normal normal
2018-09-10__16:03:24 pi3 Linux 4.9.41-v7+ up_3_days,_8_hours,_5_minutes  0.19, 0.67, 0.79  43% 927 8% 43 normal normal normal
2018-09-10__16:04:24 pi3 Linux 4.9.41-v7+ up_3_days,_8_hours,_6_minutes  0.47, 0.66, 0.78  43% 927 8% 44 normal normal normal
2018-09-10__16:05:24 pi3 Linux 4.9.41-v7+ up_3_days,_8_hours,_7_minutes  0.37, 0.58, 0.74  43% 927 9% 44 normal normal normal
2018-09-10__16:06:24 pi3 Linux 4.9.41-v7+ up_3_days,_8_hours,_8_minutes  0.30, 0.52, 0.71  43% 927 8% 44 normal normal normal
2018-09-10__16:07:24 pi3 Linux 4.9.41-v7+ up_3_days,_8_hours,_9_minutes  0.19, 0.44, 0.67  43% 927 9% 43 normal normal normal
2018-09-10__16:08:24 pi3 Linux 4.9.41-v7+ up_3_days,_8_hours,_10_minutes  0.25, 0.42, 0.65  43% 927 9% 44 normal normal normal
2018-09-10__16:09:25 pi3 Linux 4.9.41-v7+ up_3_days,_8_hours,_11_minutes  0.14, 0.36, 0.61  43% 927 9% 45 normal normal normal
2018-09-10__16:10:25 pi3 Linux 4.9.41-v7+ up_3_days,_8_hours,_12_minutes  0.17, 0.33, 0.58  43% 927 9% 45 normal normal normal
2018-09-10__16:11:25 pi3 Linux 4.9.41-v7+ up_3_days,_8_hours,_13_minutes  0.31, 0.35, 0.57  43% 927 9% 46 normal normal normal
2018-09-10__16:12:25 pi3 Linux 4.9.41-v7+ up_3_days,_8_hours,_14_minutes  0.21, 0.31, 0.54  43% 927 9% 45 normal normal normal
2018-09-10__16:13:25 pi3 Linux 4.9.41-v7+ up_3_days,_8_hours,_15_minutes  0.21, 0.30, 0.52  43% 927 9% 44 normal normal normal
2018-09-10__16:14:25 pi3 Linux 4.9.41-v7+ up_3_days,_8_hours,_16_minutes  0.19, 0.28, 0.51  43% 927 9% 43 normal normal normal
2018-09-10__16:15:25 pi3 Linux 4.9.41-v7+ up_3_days,_8_hours,_17_minutes  0.31, 0.29, 0.49  43% 927 9% 44 normal normal normal
2018-09-10__16:16:26 pi3 Linux 4.9.41-v7+ up_3_days,_8_hours,_18_minutes  0.18, 0.27, 0.47  43% 927 9% 43 normal normal normal
2018-09-10__16:17:26 pi3 Linux 4.9.41-v7+ up_3_days,_8_hours,_19_minutes  0.23, 0.26, 0.45  43% 927 9% 43 normal normal normal
2018-09-10__16:18:26 pi3 Linux 4.9.41-v7+ up_3_days,_8_hours,_20_minutes  0.15, 0.23, 0.43  43% 927 9% 43 normal normal normal
2018-09-10__16:19:26 pi3 Linux 4.9.41-v7+ up_3_days,_8_hours,_21_minutes  0.48, 0.31, 0.45  43% 927 9% 44 normal normal normal
2018-09-10__16:20:26 pi3 Linux 4.9.41-v7+ up_3_days,_8_hours,_22_minutes  0.37, 0.30, 0.43  43% 927 9% 45 normal normal normal
2018-09-10__16:21:26 pi3 Linux 4.9.41-v7+ up_3_days,_8_hours,_23_minutes  0.13, 0.24, 0.40  43% 927 9% 43 normal normal normal
2018-09-10__16:22:26 pi3 Linux 4.9.41-v7+ up_3_days,_8_hours,_24_minutes  0.36, 0.29, 0.41  43% 927 9% 43 normal normal normal
2018-09-10__16:23:27 pi3 Linux 4.9.41-v7+ up_3_days,_8_hours,_25_minutes  0.20, 0.26, 0.39  43% 927 9% 44 normal normal normal
2018-09-10__16:24:27 pi3 Linux 4.9.41-v7+ up_3_days,_8_hours,_26_minutes  0.24, 0.26, 0.38  43% 927 9% 44 normal normal normal
2018-09-10__16:25:27 pi3 Linux 4.9.41-v7+ up_3_days,_8_hours,_27_minutes  0.14, 0.22, 0.36  43% 927 9% 45 normal normal normal
2018-09-10__16:26:27 pi3 Linux 4.9.41-v7+ up_3_days,_8_hours,_28_minutes  0.17, 0.21, 0.35  43% 927 9% 44 normal normal normal
2018-09-10__16:27:27 pi3 Linux 4.9.41-v7+ up_3_days,_8_hours,_29_minutes  0.30, 0.23, 0.34  43% 927 9% 43 normal normal normal
2018-09-10__16:28:27 pi3 Linux 4.9.41-v7+ up_3_days,_8_hours,_30_minutes  0.25, 0.23, 0.34  43% 927 9% 44 normal normal normal
2018-09-10__16:29:27 pi3 Linux 4.9.41-v7+ up_3_days,_8_hours,_31_minutes  0.28, 0.26, 0.34  43% 927 9% 44 normal normal normal
2018-09-10__16:30:28 pi3 Linux 4.9.41-v7+ up_3_days,_8_hours,_32_minutes  0.22, 0.26, 0.34  43% 927 9% 43 normal normal normal
2018-09-10__16:31:28 pi3 Linux 4.9.41-v7+ up_3_days,_8_hours,_33_minutes  0.29, 0.26, 0.33  43% 927 9% 46 normal normal normal
2018-09-10__16:32:28 pi3 Linux 4.9.41-v7+ up_3_days,_8_hours,_34_minutes  0.17, 0.22, 0.31  43% 927 9% 43 normal normal normal
2018-09-10__16:33:28 pi3 Linux 4.9.41-v7+ up_3_days,_8_hours,_35_minutes  0.28, 0.24, 0.31  43% 927 9% 45 normal normal normal
2018-09-10__16:34:28 pi3 Linux 4.9.41-v7+ up_3_days,_8_hours,_36_minutes  0.28, 0.24, 0.31  43% 927 9% 45 normal normal normal
2018-09-10__16:35:28 pi3 Linux 4.9.41-v7+ up_3_days,_8_hours,_37_minutes  0.37, 0.27, 0.31  43% 927 9% 44 normal normal normal
2018-09-10__16:36:28 pi3 Linux 4.9.41-v7+ up_3_days,_8_hours,_38_minutes  0.93, 0.41, 0.35  43% 927 9% 45 normal normal normal
2018-09-10__16:37:29 pi3 Linux 4.9.41-v7+ up_3_days,_8_hours,_39_minutes  0.63, 0.42, 0.36  43% 927 9% 45 normal normal normal
2018-09-10__16:38:29 pi3 Linux 4.9.41-v7+ up_3_days,_8_hours,_40_minutes  0.28, 0.35, 0.34  43% 927 9% 45 normal normal normal
2018-09-10__16:39:29 pi3 Linux 4.9.41-v7+ up_3_days,_8_hours,_41_minutes  0.39, 0.36, 0.35  43% 927 10% 48 normal normal normal
2018-09-10__16:40:29 pi3 Linux 4.9.41-v7+ up_3_days,_8_hours,_42_minutes  0.71, 0.45, 0.38  43% 927 10% 46 normal normal normal
2018-09-10__16:41:29 pi3 Linux 4.9.41-v7+ up_3_days,_8_hours,_43_minutes  0.98, 0.56, 0.42  43% 927 9% 47 normal normal normal
2018-09-10__16:42:29 pi3 Linux 4.9.41-v7+ up_3_days,_8_hours,_44_minutes  0.89, 0.59, 0.44  43% 927 9% 45 normal normal normal
2018-09-10__16:43:29 pi3 Linux 4.9.41-v7+ up_3_days,_8_hours,_45_minutes  0.37, 0.50, 0.41  43% 927 9% 45 normal normal normal
2018-09-10__16:44:30 pi3 Linux 4.9.41-v7+ up_3_days,_8_hours,_46_minutes  0.69, 0.57, 0.45  43% 927 9% 45 normal normal normal
2018-09-10__16:45:30 pi3 Linux 4.9.41-v7+ up_3_days,_8_hours,_47_minutes  0.47, 0.54, 0.45  43% 927 9% 44 normal normal normal
2018-09-10__16:46:30 pi3 Linux 4.9.41-v7+ up_3_days,_8_hours,_48_minutes  0.22, 0.45, 0.42  43% 927 9% 44 normal normal normal
2018-09-10__16:47:30 pi3 Linux 4.9.41-v7+ up_3_days,_8_hours,_49_minutes  0.13, 0.38, 0.40  43% 927 9% 44 normal normal normal
2018-09-10__16:48:30 pi3 Linux 4.9.41-v7+ up_3_days,_8_hours,_50_minutes  0.29, 0.38, 0.39  43% 927 9% 45 normal normal normal
2018-09-10__16:49:30 pi3 Linux 4.9.41-v7+ up_3_days,_8_hours,_51_minutes  0.20, 0.34, 0.37  43% 927 8% 42 normal normal normal
2018-09-10__16:50:30 pi3 Linux 4.9.41-v7+ up_3_days,_8_hours,_52_minutes  0.07, 0.27, 0.35  43% 927 9% 44 normal normal normal
2018-09-10__16:51:31 pi3 Linux 4.9.41-v7+ up_3_days,_8_hours,_53_minutes  0.29, 0.31, 0.36  43% 927 8% 44 normal normal normal
2018-09-10__16:52:31 pi3 Linux 4.9.41-v7+ up_3_days,_8_hours,_54_minutes  0.39, 0.35, 0.37  43% 927 8% 45 normal normal normal
2018-09-10__16:53:31 pi3 Linux 4.9.41-v7+ up_3_days,_8_hours,_55_minutes  0.23, 0.32, 0.35  43% 927 9% 45 normal normal normal
2018-09-10__16:54:31 pi3 Linux 4.9.41-v7+ up_3_days,_8_hours,_56_minutes  0.23, 0.30, 0.35  43% 927 8% 44 normal normal normal
2018-09-10__16:55:31 pi3 Linux 4.9.41-v7+ up_3_days,_8_hours,_57_minutes  0.37, 0.32, 0.35  43% 927 8% 44 normal normal normal
2018-09-10__16:56:31 pi3 Linux 4.9.41-v7+ up_3_days,_8_hours,_58_minutes  0.45, 0.36, 0.36  43% 927 8% 45 normal normal normal
2018-09-10__16:57:31 pi3 Linux 4.9.41-v7+ up_3_days,_8_hours,_59_minutes  0.58, 0.41, 0.38  43% 927 8% 47 normal normal normal
2018-09-10__16:58:32 pi3 Linux 4.9.41-v7+ up_3_days,_9_hours  0.51, 0.42, 0.38  43% 927 9% 45 normal normal normal
2018-09-10__16:59:32 pi3 Linux 4.9.41-v7+ up_3_days,_9_hours,_1_minute  0.35, 0.39, 0.37  43% 927 8% 44 normal normal normal
2018-09-10__17:00:32 pi3 Linux 4.9.41-v7+ up_3_days,_9_hours,_2_minutes  0.70, 0.49, 0.40  43% 927 8% 43 normal normal normal
2018-09-10__16:52:03 pi5 Linux 4.9.41-v7+ up_3_days,_8_hours,_53_minutes  1.21, 0.62, 0.39  39% 927 9% 54 normal normal note
2018-09-10__16:53:03 pi5 Linux 4.9.41-v7+ up_3_days,_8_hours,_54_minutes  1.30, 0.76, 0.46  39% 927 8% 53 normal normal note
2018-09-10__16:54:04 pi5 Linux 4.9.41-v7+ up_3_days,_8_hours,_55_minutes  0.68, 0.68, 0.45  39% 927 9% 53 normal normal note
2018-09-10__16:55:04 pi5 Linux 4.9.41-v7+ up_3_days,_8_hours,_56_minutes  0.45, 0.62, 0.44  39% 927 9% 54 normal normal note
2018-09-10__16:56:04 pi5 Linux 4.9.41-v7+ up_3_days,_8_hours,_57_minutes  0.39, 0.57, 0.44  39% 927 9% 54 normal normal note
2018-09-10__16:57:04 pi5 Linux 4.9.41-v7+ up_3_days,_8_hours,_58_minutes  0.22, 0.49, 0.42  39% 927 9% 52 normal normal note
2018-09-10__16:58:04 pi5 Linux 4.9.41-v7+ up_3_days,_8_hours,_59_minutes  0.91, 0.62, 0.47  39% 927 8% 54 normal normal note
2018-09-10__16:59:04 pi5 Linux 4.9.41-v7+ up_3_days,_9_hours  1.08, 0.72, 0.51  39% 927 8% 54 normal normal note
2018-09-10__17:00:04 pi5 Linux 4.9.41-v7+ up_3_days,_9_hours,_1_minute  0.82, 0.70, 0.51  39% 927 8% 54 normal normal note
2018-09-10__17:01:04 pi5 Linux 4.9.41-v7+ up_3_days,_9_hours,_2_minutes  0.36, 0.58, 0.49  39% 927 9% 54 normal normal note
2018-09-10__17:02:04 pi5 Linux 4.9.41-v7+ up_3_days,_9_hours,_3_minutes  0.56, 0.61, 0.50  39% 927 8% 54 normal normal note
2018-09-10__17:03:05 pi5 Linux 4.9.41-v7+ up_3_days,_9_hours,_4_minutes  0.68, 0.63, 0.52  39% 927 9% 54 normal normal note
2018-09-10__17:04:05 pi5 Linux 4.9.41-v7+ up_3_days,_9_hours,_5_minutes  0.88, 0.70, 0.55  39% 927 9% 55 normal normal note
2018-09-10__17:05:05 pi5 Linux 4.9.41-v7+ up_3_days,_9_hours,_6_minutes  0.70, 0.70, 0.56  39% 927 8% 54 normal normal note
2018-09-10__17:06:05 pi5 Linux 4.9.41-v7+ up_3_days,_9_hours,_7_minutes  0.60, 0.65, 0.55  39% 927 8% 53 normal normal note
2018-09-10__17:07:05 pi5 Linux 4.9.41-v7+ up_3_days,_9_hours,_8_minutes  0.77, 0.67, 0.56  39% 927 9% 54 normal normal note
2018-09-10__17:08:05 pi5 Linux 4.9.41-v7+ up_3_days,_9_hours,_9_minutes  0.62, 0.66, 0.56  39% 927 9% 54 normal normal note
2018-09-10__17:09:05 pi5 Linux 4.9.41-v7+ up_3_days,_9_hours,_10_minutes  0.44, 0.58, 0.54  39% 927 9% 53 normal normal note
2018-09-10__17:10:05 pi5 Linux 4.9.41-v7+ up_3_days,_9_hours,_11_minutes  0.48, 0.54, 0.53  40% 927 9% 53 normal normal note
2018-09-10__17:11:05 pi5 Linux 4.9.41-v7+ up_3_days,_9_hours,_12_minutes  0.44, 0.53, 0.52  40% 927 9% 51 normal normal note
2018-09-10__16:50:49 pi2 Linux 4.9.41-v7+ up_3_days,_8_hours,_52_minutes  0.73, 0.52, 0.52  46% 927 8% 49 normal normal normal
2018-09-10__16:51:50 pi2 Linux 4.9.41-v7+ up_3_days,_8_hours,_53_minutes  0.61, 0.53, 0.52  46% 927 8% 49 normal normal normal
2018-09-10__16:52:50 pi2 Linux 4.9.41-v7+ up_3_days,_8_hours,_54_minutes  0.58, 0.54, 0.53  46% 927 8% 51 normal normal note
2018-09-10__16:53:50 pi2 Linux 4.9.41-v7+ up_3_days,_8_hours,_55_minutes  0.44, 0.52, 0.52  46% 927 8% 51 normal normal note
2018-09-10__16:54:50 pi2 Linux 4.9.41-v7+ up_3_days,_8_hours,_56_minutes  0.27, 0.45, 0.50  46% 927 8% 48 normal normal normal
2018-09-10__16:55:50 pi2 Linux 4.9.41-v7+ up_3_days,_8_hours,_57_minutes  0.39, 0.47, 0.50  46% 927 8% 49 normal normal normal
2018-09-10__16:56:50 pi2 Linux 4.9.41-v7+ up_3_days,_8_hours,_58_minutes  0.65, 0.51, 0.51  46% 927 8% 49 normal normal normal
2018-09-10__16:57:50 pi2 Linux 4.9.41-v7+ up_3_days,_8_hours,_59_minutes  0.52, 0.49, 0.51  46% 927 8% 49 normal normal normal
2018-09-10__16:58:50 pi2 Linux 4.9.41-v7+ up_3_days,_9_hours  0.62, 0.54, 0.52  46% 927 8% 49 normal normal normal
2018-09-10__16:59:50 pi2 Linux 4.9.41-v7+ up_3_days,_9_hours,_1_minute  0.81, 0.62, 0.55  46% 927 8% 49 normal normal normal
2018-09-10__17:00:51 pi2 Linux 4.9.41-v7+ up_3_days,_9_hours,_2_minutes  0.42, 0.54, 0.53  46% 927 8% 48 normal normal normal
2018-09-10__17:01:51 pi2 Linux 4.9.41-v7+ up_3_days,_9_hours,_3_minutes  0.60, 0.55, 0.53  46% 927 8% 48 normal normal normal
2018-09-10__17:02:51 pi2 Linux 4.9.41-v7+ up_3_days,_9_hours,_4_minutes  0.70, 0.57, 0.54  46% 927 8% 49 normal normal normal
2018-09-10__17:03:51 pi2 Linux 4.9.41-v7+ up_3_days,_9_hours,_5_minutes  0.69, 0.59, 0.55  46% 927 9% 51 normal normal note
2018-09-10__17:04:51 pi2 Linux 4.9.41-v7+ up_3_days,_9_hours,_6_minutes  0.33, 0.51, 0.53  46% 927 8% 49 normal normal normal
2018-09-10__17:05:51 pi2 Linux 4.9.41-v7+ up_3_days,_9_hours,_7_minutes  0.47, 0.51, 0.52  46% 927 9% 49 normal normal normal
2018-09-10__17:06:52 pi2 Linux 4.9.41-v7+ up_3_days,_9_hours,_8_minutes  0.39, 0.49, 0.52  46% 927 9% 49 normal normal normal
2018-09-10__17:07:52 pi2 Linux 4.9.41-v7+ up_3_days,_9_hours,_9_minutes  0.64, 0.54, 0.53  46% 927 9% 50 normal normal note
2018-09-10__17:08:52 pi2 Linux 4.9.41-v7+ up_3_days,_9_hours,_10_minutes  0.40, 0.49, 0.52  46% 927 9% 47 normal normal normal
2018-09-10__17:09:52 pi2 Linux 4.9.41-v7+ up_3_days,_9_hours,_11_minutes  0.78, 0.57, 0.55  47% 927 8% 47 normal normal normal
2018-09-10__17:10:52 pi2 Linux 4.9.41-v7+ up_3_days,_9_hours,_12_minutes  0.74, 0.58, 0.55  47% 927 8% 49 normal normal normal
2018-09-10__17:11:52 pi2 Linux 4.9.41-v7+ up_3_days,_9_hours,_13_minutes  0.61, 0.56, 0.54  47% 927 9% 48 normal normal normal
2018-09-10__17:12:52 pi2 Linux 4.9.41-v7+ up_3_days,_9_hours,_14_minutes  0.28, 0.47, 0.52  47% 927 8% 47 normal normal normal
2018-09-10__17:13:52 pi2 Linux 4.9.41-v7+ up_3_days,_9_hours,_15_minutes  0.36, 0.45, 0.50  47% 927 9% 48 normal normal normal
2018-09-10__17:14:52 pi2 Linux 4.9.41-v7+ up_3_days,_9_hours,_16_minutes  0.40, 0.46, 0.50  47% 927 9% 47 normal normal normal
2018-09-10__17:15:53 pi2 Linux 4.9.41-v7+ up_3_days,_9_hours,_17_minutes  0.19, 0.38, 0.47  47% 927 9% 47 normal normal normal
2018-09-10__17:16:53 pi2 Linux 4.9.41-v7+ up_3_days,_9_hours,_18_minutes  0.20, 0.36, 0.45  47% 927 9% 48 normal normal normal
2018-09-10__17:17:53 pi2 Linux 4.9.41-v7+ up_3_days,_9_hours,_19_minutes  0.42, 0.41, 0.47  47% 927 9% 47 normal normal normal
2018-09-10__17:18:53 pi2 Linux 4.9.41-v7+ up_3_days,_9_hours,_20_minutes  0.25, 0.36, 0.44  47% 927 9% 48 normal normal normal
2018-09-10__17:19:53 pi2 Linux 4.9.41-v7+ up_3_days,_9_hours,_21_minutes  1.59, 0.65, 0.53  48% 927 9% 49 normal normal normal
2018-09-10__20:12:03 pi2 Linux 4.9.41-v7+ up_3_days,_12_hours,_13_minutes  1.15, 0.74, 0.68  50% 927 11% 49 normal normal normal
2018-09-10__20:13:04 pi2 Linux 4.9.41-v7+ up_3_days,_12_hours,_14_minutes  0.96, 0.76, 0.69  50% 927 11% 49 normal normal normal
2018-09-10__20:14:04 pi2 Linux 4.9.41-v7+ up_3_days,_12_hours,_15_minutes  0.56, 0.68, 0.66  50% 927 11% 48 normal normal normal
2018-09-10__20:15:04 pi2 Linux 4.9.41-v7+ up_3_days,_12_hours,_16_minutes  0.40, 0.60, 0.64  50% 927 11% 49 normal normal normal
2018-09-10__20:16:04 pi2 Linux 4.9.41-v7+ up_3_days,_12_hours,_17_minutes  0.68, 0.65, 0.65  50% 927 11% 47 normal normal normal
2018-09-10__20:17:04 pi2 Linux 4.9.41-v7+ up_3_days,_12_hours,_18_minutes  0.57, 0.62, 0.64  50% 927 11% 47 normal normal normal
2018-09-10__20:18:04 pi2 Linux 4.9.41-v7+ up_3_days,_12_hours,_19_minutes  0.49, 0.58, 0.62  50% 927 11% 49 normal normal normal
2018-09-10__20:19:04 pi2 Linux 4.9.41-v7+ up_3_days,_12_hours,_20_minutes  0.61, 0.61, 0.63  50% 927 11% 48 normal normal normal
2018-09-10__20:20:04 pi2 Linux 4.9.41-v7+ up_3_days,_12_hours,_21_minutes  1.25, 0.78, 0.69  50% 927 12% 48 normal normal normal
2018-09-10__20:21:05 pi2 Linux 4.9.41-v7+ up_3_days,_12_hours,_22_minutes  1.11, 0.82, 0.71  50% 927 11% 48 normal normal normal
2018-09-10__20:12:03 pi2 Linux 4.9.41-v7+ up_3_days,_12_hours,_13_minutes  1.15, 0.74, 0.68  50% 927 11% 49 normal normal normal
2018-09-10__20:13:04 pi2 Linux 4.9.41-v7+ up_3_days,_12_hours,_14_minutes  0.96, 0.76, 0.69  50% 927 11% 49 normal normal normal
2018-09-10__20:14:04 pi2 Linux 4.9.41-v7+ up_3_days,_12_hours,_15_minutes  0.56, 0.68, 0.66  50% 927 11% 48 normal normal normal
2018-09-10__20:15:04 pi2 Linux 4.9.41-v7+ up_3_days,_12_hours,_16_minutes  0.40, 0.60, 0.64  50% 927 11% 49 normal normal normal
2018-09-10__20:16:04 pi2 Linux 4.9.41-v7+ up_3_days,_12_hours,_17_minutes  0.68, 0.65, 0.65  50% 927 11% 47 normal normal normal
2018-09-10__20:17:04 pi2 Linux 4.9.41-v7+ up_3_days,_12_hours,_18_minutes  0.57, 0.62, 0.64  50% 927 11% 47 normal normal normal
2018-09-10__20:18:04 pi2 Linux 4.9.41-v7+ up_3_days,_12_hours,_19_minutes  0.49, 0.58, 0.62  50% 927 11% 49 normal normal normal
2018-09-10__20:19:04 pi2 Linux 4.9.41-v7+ up_3_days,_12_hours,_20_minutes  0.61, 0.61, 0.63  50% 927 11% 48 normal normal normal
2018-09-10__20:20:04 pi2 Linux 4.9.41-v7+ up_3_days,_12_hours,_21_minutes  1.25, 0.78, 0.69  50% 927 12% 48 normal normal normal
2018-09-10__20:21:05 pi2 Linux 4.9.41-v7+ up_3_days,_12_hours,_22_minutes  1.11, 0.82, 0.71  50% 927 11% 48 normal normal normal
2018-09-10__20:22:05 pi2 Linux 4.9.41-v7+ up_3_days,_12_hours,_23_minutes  1.15, 0.87, 0.73  50% 927 11% 52 normal normal note
2018-09-10__20:23:05 pi2 Linux 4.9.41-v7+ up_3_days,_12_hours,_24_minutes  0.77, 0.82, 0.72  50% 927 11% 48 normal normal normal
2018-09-10__20:24:05 pi2 Linux 4.9.41-v7+ up_3_days,_12_hours,_25_minutes  0.60, 0.75, 0.70  50% 927 11% 49 normal normal normal
2018-09-10__20:25:05 pi2 Linux 4.9.41-v7+ up_3_days,_12_hours,_26_minutes  0.63, 0.74, 0.71  50% 927 11% 49 normal normal normal
2018-09-10__20:26:05 pi2 Linux 4.9.41-v7+ up_3_days,_12_hours,_27_minutes  1.20, 0.90, 0.76  50% 927 11% 48 normal normal normal
2018-09-10__20:27:05 pi2 Linux 4.9.41-v7+ up_3_days,_12_hours,_28_minutes  0.69, 0.81, 0.74  50% 927 12% 48 normal normal normal
2018-09-10__20:28:05 pi2 Linux 4.9.41-v7+ up_3_days,_12_hours,_29_minutes  1.35, 0.96, 0.79  50% 927 12% 52 normal normal note
2018-09-10__20:29:06 pi2 Linux 4.9.41-v7+ up_3_days,_12_hours,_30_minutes  1.36, 1.03, 0.83  50% 927 12% 51 normal normal note
2018-09-10__20:30:06 pi2 Linux 4.9.41-v7+ up_3_days,_12_hours,_31_minutes  1.44, 1.10, 0.87  50% 927 12% 53 normal normal note
2018-09-10__20:31:06 pi2 Linux 4.9.41-v7+ up_3_days,_12_hours,_32_minutes  1.43, 1.16, 0.91  50% 927 12% 54 normal normal note
2018-09-10__20:12:03 pi2 Linux 4.9.41-v7+ up_3_days,_12_hours,_13_minutes  1.15, 0.74, 0.68  50% 927 11% 49 normal normal normal
2018-09-10__20:13:04 pi2 Linux 4.9.41-v7+ up_3_days,_12_hours,_14_minutes  0.96, 0.76, 0.69  50% 927 11% 49 normal normal normal
2018-09-10__20:14:04 pi2 Linux 4.9.41-v7+ up_3_days,_12_hours,_15_minutes  0.56, 0.68, 0.66  50% 927 11% 48 normal normal normal
2018-09-10__20:15:04 pi2 Linux 4.9.41-v7+ up_3_days,_12_hours,_16_minutes  0.40, 0.60, 0.64  50% 927 11% 49 normal normal normal
2018-09-10__20:16:04 pi2 Linux 4.9.41-v7+ up_3_days,_12_hours,_17_minutes  0.68, 0.65, 0.65  50% 927 11% 47 normal normal normal
2018-09-10__20:17:04 pi2 Linux 4.9.41-v7+ up_3_days,_12_hours,_18_minutes  0.57, 0.62, 0.64  50% 927 11% 47 normal normal normal
2018-09-10__20:18:04 pi2 Linux 4.9.41-v7+ up_3_days,_12_hours,_19_minutes  0.49, 0.58, 0.62  50% 927 11% 49 normal normal normal
2018-09-10__20:19:04 pi2 Linux 4.9.41-v7+ up_3_days,_12_hours,_20_minutes  0.61, 0.61, 0.63  50% 927 11% 48 normal normal normal
2018-09-10__20:20:04 pi2 Linux 4.9.41-v7+ up_3_days,_12_hours,_21_minutes  1.25, 0.78, 0.69  50% 927 12% 48 normal normal normal
2018-09-10__20:21:05 pi2 Linux 4.9.41-v7+ up_3_days,_12_hours,_22_minutes  1.11, 0.82, 0.71  50% 927 11% 48 normal normal normal
2018-09-10__20:22:05 pi2 Linux 4.9.41-v7+ up_3_days,_12_hours,_23_minutes  1.15, 0.87, 0.73  50% 927 11% 52 normal normal note
2018-09-10__20:23:05 pi2 Linux 4.9.41-v7+ up_3_days,_12_hours,_24_minutes  0.77, 0.82, 0.72  50% 927 11% 48 normal normal normal
2018-09-10__20:24:05 pi2 Linux 4.9.41-v7+ up_3_days,_12_hours,_25_minutes  0.60, 0.75, 0.70  50% 927 11% 49 normal normal normal
2018-09-10__20:25:05 pi2 Linux 4.9.41-v7+ up_3_days,_12_hours,_26_minutes  0.63, 0.74, 0.71  50% 927 11% 49 normal normal normal
2018-09-10__20:26:05 pi2 Linux 4.9.41-v7+ up_3_days,_12_hours,_27_minutes  1.20, 0.90, 0.76  50% 927 11% 48 normal normal normal
2018-09-10__20:27:05 pi2 Linux 4.9.41-v7+ up_3_days,_12_hours,_28_minutes  0.69, 0.81, 0.74  50% 927 12% 48 normal normal normal
2018-09-10__20:28:05 pi2 Linux 4.9.41-v7+ up_3_days,_12_hours,_29_minutes  1.35, 0.96, 0.79  50% 927 12% 52 normal normal note
2018-09-10__20:29:06 pi2 Linux 4.9.41-v7+ up_3_days,_12_hours,_30_minutes  1.36, 1.03, 0.83  50% 927 12% 51 normal normal note
2018-09-10__20:30:06 pi2 Linux 4.9.41-v7+ up_3_days,_12_hours,_31_minutes  1.44, 1.10, 0.87  50% 927 12% 53 normal normal note
2018-09-10__20:31:06 pi2 Linux 4.9.41-v7+ up_3_days,_12_hours,_32_minutes  1.43, 1.16, 0.91  50% 927 12% 54 normal normal note
2018-09-10__20:32:06 pi2 Linux 4.9.41-v7+ up_3_days,_12_hours,_33_minutes  1.52, 1.23, 0.95  50% 927 12% 54 normal normal note
2018-09-10__20:33:06 pi2 Linux 4.9.41-v7+ up_3_days,_12_hours,_34_minutes  1.78, 1.36, 1.02  50% 927 12% 53 normal normal note
2018-09-10__20:34:06 pi2 Linux 4.9.41-v7+ up_3_days,_12_hours,_35_minutes  1.84, 1.48, 1.08  50% 927 11% 53 normal normal note
2018-09-10__20:35:06 pi2 Linux 4.9.41-v7+ up_3_days,_12_hours,_36_minutes  1.60, 1.47, 1.10  50% 927 11% 54 normal normal note
2018-09-10__20:36:07 pi2 Linux 4.9.41-v7+ up_3_days,_12_hours,_37_minutes  1.99, 1.59, 1.16  50% 927 11% 54 normal normal note
2018-09-10__20:37:07 pi2 Linux 4.9.41-v7+ up_3_days,_12_hours,_38_minutes  1.55, 1.55, 1.18  50% 927 11% 52 normal normal note
2018-09-10__20:38:07 pi2 Linux 4.9.41-v7+ up_3_days,_12_hours,_39_minutes  1.42, 1.51, 1.19  50% 927 11% 51 normal normal note
2018-09-10__20:39:07 pi2 Linux 4.9.41-v7+ up_3_days,_12_hours,_40_minutes  1.35, 1.46, 1.19  50% 927 11% 52 normal normal note
2018-09-10__20:40:07 pi2 Linux 4.9.41-v7+ up_3_days,_12_hours,_41_minutes  1.53, 1.52, 1.23  50% 927 11% 53 normal normal note
2018-09-10__20:41:07 pi2 Linux 4.9.41-v7+ up_3_days,_12_hours,_42_minutes  1.94, 1.62, 1.28  50% 927 11% 53 normal normal note
2018-09-10__20:12:03 pi2 Linux 4.9.41-v7+ up_3_days,_12_hours,_13_minutes  1.15, 0.74, 0.68  50% 927 11% 49 normal normal normal
2018-09-10__20:13:04 pi2 Linux 4.9.41-v7+ up_3_days,_12_hours,_14_minutes  0.96, 0.76, 0.69  50% 927 11% 49 normal normal normal
2018-09-10__20:14:04 pi2 Linux 4.9.41-v7+ up_3_days,_12_hours,_15_minutes  0.56, 0.68, 0.66  50% 927 11% 48 normal normal normal
2018-09-10__20:15:04 pi2 Linux 4.9.41-v7+ up_3_days,_12_hours,_16_minutes  0.40, 0.60, 0.64  50% 927 11% 49 normal normal normal
2018-09-10__20:16:04 pi2 Linux 4.9.41-v7+ up_3_days,_12_hours,_17_minutes  0.68, 0.65, 0.65  50% 927 11% 47 normal normal normal
2018-09-10__20:17:04 pi2 Linux 4.9.41-v7+ up_3_days,_12_hours,_18_minutes  0.57, 0.62, 0.64  50% 927 11% 47 normal normal normal
2018-09-10__20:18:04 pi2 Linux 4.9.41-v7+ up_3_days,_12_hours,_19_minutes  0.49, 0.58, 0.62  50% 927 11% 49 normal normal normal
2018-09-10__20:19:04 pi2 Linux 4.9.41-v7+ up_3_days,_12_hours,_20_minutes  0.61, 0.61, 0.63  50% 927 11% 48 normal normal normal
2018-09-10__20:20:04 pi2 Linux 4.9.41-v7+ up_3_days,_12_hours,_21_minutes  1.25, 0.78, 0.69  50% 927 12% 48 normal normal normal
2018-09-10__20:21:05 pi2 Linux 4.9.41-v7+ up_3_days,_12_hours,_22_minutes  1.11, 0.82, 0.71  50% 927 11% 48 normal normal normal
2018-09-10__20:22:05 pi2 Linux 4.9.41-v7+ up_3_days,_12_hours,_23_minutes  1.15, 0.87, 0.73  50% 927 11% 52 normal normal note
2018-09-10__20:23:05 pi2 Linux 4.9.41-v7+ up_3_days,_12_hours,_24_minutes  0.77, 0.82, 0.72  50% 927 11% 48 normal normal normal
2018-09-10__20:24:05 pi2 Linux 4.9.41-v7+ up_3_days,_12_hours,_25_minutes  0.60, 0.75, 0.70  50% 927 11% 49 normal normal normal
2018-09-10__20:25:05 pi2 Linux 4.9.41-v7+ up_3_days,_12_hours,_26_minutes  0.63, 0.74, 0.71  50% 927 11% 49 normal normal normal
2018-09-10__20:26:05 pi2 Linux 4.9.41-v7+ up_3_days,_12_hours,_27_minutes  1.20, 0.90, 0.76  50% 927 11% 48 normal normal normal
2018-09-10__20:27:05 pi2 Linux 4.9.41-v7+ up_3_days,_12_hours,_28_minutes  0.69, 0.81, 0.74  50% 927 12% 48 normal normal normal
2018-09-10__20:28:05 pi2 Linux 4.9.41-v7+ up_3_days,_12_hours,_29_minutes  1.35, 0.96, 0.79  50% 927 12% 52 normal normal note
2018-09-10__20:29:06 pi2 Linux 4.9.41-v7+ up_3_days,_12_hours,_30_minutes  1.36, 1.03, 0.83  50% 927 12% 51 normal normal note
2018-09-10__20:30:06 pi2 Linux 4.9.41-v7+ up_3_days,_12_hours,_31_minutes  1.44, 1.10, 0.87  50% 927 12% 53 normal normal note
2018-09-10__20:31:06 pi2 Linux 4.9.41-v7+ up_3_days,_12_hours,_32_minutes  1.43, 1.16, 0.91  50% 927 12% 54 normal normal note
2018-09-10__20:32:06 pi2 Linux 4.9.41-v7+ up_3_days,_12_hours,_33_minutes  1.52, 1.23, 0.95  50% 927 12% 54 normal normal note
2018-09-10__20:33:06 pi2 Linux 4.9.41-v7+ up_3_days,_12_hours,_34_minutes  1.78, 1.36, 1.02  50% 927 12% 53 normal normal note
2018-09-10__20:34:06 pi2 Linux 4.9.41-v7+ up_3_days,_12_hours,_35_minutes  1.84, 1.48, 1.08  50% 927 11% 53 normal normal note
2018-09-10__20:35:06 pi2 Linux 4.9.41-v7+ up_3_days,_12_hours,_36_minutes  1.60, 1.47, 1.10  50% 927 11% 54 normal normal note
2018-09-10__20:36:07 pi2 Linux 4.9.41-v7+ up_3_days,_12_hours,_37_minutes  1.99, 1.59, 1.16  50% 927 11% 54 normal normal note
2018-09-10__20:37:07 pi2 Linux 4.9.41-v7+ up_3_days,_12_hours,_38_minutes  1.55, 1.55, 1.18  50% 927 11% 52 normal normal note
2018-09-10__20:38:07 pi2 Linux 4.9.41-v7+ up_3_days,_12_hours,_39_minutes  1.42, 1.51, 1.19  50% 927 11% 51 normal normal note
2018-09-10__20:39:07 pi2 Linux 4.9.41-v7+ up_3_days,_12_hours,_40_minutes  1.35, 1.46, 1.19  50% 927 11% 52 normal normal note
2018-09-10__20:40:07 pi2 Linux 4.9.41-v7+ up_3_days,_12_hours,_41_minutes  1.53, 1.52, 1.23  50% 927 11% 53 normal normal note
2018-09-10__20:41:07 pi2 Linux 4.9.41-v7+ up_3_days,_12_hours,_42_minutes  1.94, 1.62, 1.28  50% 927 11% 53 normal normal note
2018-09-10__20:42:07 pi2 Linux 4.9.41-v7+ up_3_days,_12_hours,_43_minutes  1.89, 1.68, 1.32  50% 927 11% 53 normal normal note
2018-09-10__20:43:08 pi2 Linux 4.9.41-v7+ up_3_days,_12_hours,_44_minutes  1.66, 1.65, 1.33  50% 927 11% 53 normal normal note
2018-09-10__20:44:08 pi2 Linux 4.9.41-v7+ up_3_days,_12_hours,_45_minutes  1.42, 1.58, 1.33  50% 927 11% 53 normal normal note
2018-09-10__20:45:08 pi2 Linux 4.9.41-v7+ up_3_days,_12_hours,_46_minutes  1.22, 1.51, 1.32  50% 927 11% 49 normal normal normal
2018-09-10__20:46:08 pi2 Linux 4.9.41-v7+ up_3_days,_12_hours,_47_minutes  1.14, 1.42, 1.30  50% 927 11% 49 normal normal normal
2018-09-10__20:47:08 pi2 Linux 4.9.41-v7+ up_3_days,_12_hours,_48_minutes  1.30, 1.38, 1.29  50% 927 11% 49 normal normal normal
2018-09-10__20:48:08 pi2 Linux 4.9.41-v7+ up_3_days,_12_hours,_49_minutes  1.05, 1.28, 1.26  50% 927 11% 49 normal normal normal
2018-09-10__20:49:08 pi2 Linux 4.9.41-v7+ up_3_days,_12_hours,_50_minutes  0.98, 1.19, 1.23  50% 927 11% 47 normal normal normal
2018-09-10__20:50:09 pi2 Linux 4.9.41-v7+ up_3_days,_12_hours,_51_minutes  0.80, 1.09, 1.19  50% 927 11% 47 normal normal normal
2018-09-10__20:51:09 pi2 Linux 4.9.41-v7+ up_3_days,_12_hours,_52_minutes  1.07, 1.12, 1.19  50% 927 11% 53 normal normal note
2018-09-10__20:12:03 pi2 Linux 4.9.41-v7+ up_3_days,_12_hours,_13_minutes  1.15, 0.74, 0.68  50% 927 11% 49 normal normal normal
2018-09-10__20:13:04 pi2 Linux 4.9.41-v7+ up_3_days,_12_hours,_14_minutes  0.96, 0.76, 0.69  50% 927 11% 49 normal normal normal
2018-09-10__20:14:04 pi2 Linux 4.9.41-v7+ up_3_days,_12_hours,_15_minutes  0.56, 0.68, 0.66  50% 927 11% 48 normal normal normal
2018-09-10__20:15:04 pi2 Linux 4.9.41-v7+ up_3_days,_12_hours,_16_minutes  0.40, 0.60, 0.64  50% 927 11% 49 normal normal normal
2018-09-10__20:16:04 pi2 Linux 4.9.41-v7+ up_3_days,_12_hours,_17_minutes  0.68, 0.65, 0.65  50% 927 11% 47 normal normal normal
2018-09-10__20:17:04 pi2 Linux 4.9.41-v7+ up_3_days,_12_hours,_18_minutes  0.57, 0.62, 0.64  50% 927 11% 47 normal normal normal
2018-09-10__20:18:04 pi2 Linux 4.9.41-v7+ up_3_days,_12_hours,_19_minutes  0.49, 0.58, 0.62  50% 927 11% 49 normal normal normal
2018-09-10__20:19:04 pi2 Linux 4.9.41-v7+ up_3_days,_12_hours,_20_minutes  0.61, 0.61, 0.63  50% 927 11% 48 normal normal normal
2018-09-10__20:20:04 pi2 Linux 4.9.41-v7+ up_3_days,_12_hours,_21_minutes  1.25, 0.78, 0.69  50% 927 12% 48 normal normal normal
2018-09-10__20:21:05 pi2 Linux 4.9.41-v7+ up_3_days,_12_hours,_22_minutes  1.11, 0.82, 0.71  50% 927 11% 48 normal normal normal
2018-09-10__20:22:05 pi2 Linux 4.9.41-v7+ up_3_days,_12_hours,_23_minutes  1.15, 0.87, 0.73  50% 927 11% 52 normal normal note
2018-09-10__20:23:05 pi2 Linux 4.9.41-v7+ up_3_days,_12_hours,_24_minutes  0.77, 0.82, 0.72  50% 927 11% 48 normal normal normal
2018-09-10__20:24:05 pi2 Linux 4.9.41-v7+ up_3_days,_12_hours,_25_minutes  0.60, 0.75, 0.70  50% 927 11% 49 normal normal normal
2018-09-10__20:25:05 pi2 Linux 4.9.41-v7+ up_3_days,_12_hours,_26_minutes  0.63, 0.74, 0.71  50% 927 11% 49 normal normal normal
2018-09-10__20:26:05 pi2 Linux 4.9.41-v7+ up_3_days,_12_hours,_27_minutes  1.20, 0.90, 0.76  50% 927 11% 48 normal normal normal
2018-09-10__20:27:05 pi2 Linux 4.9.41-v7+ up_3_days,_12_hours,_28_minutes  0.69, 0.81, 0.74  50% 927 12% 48 normal normal normal
2018-09-10__20:28:05 pi2 Linux 4.9.41-v7+ up_3_days,_12_hours,_29_minutes  1.35, 0.96, 0.79  50% 927 12% 52 normal normal note
2018-09-10__20:29:06 pi2 Linux 4.9.41-v7+ up_3_days,_12_hours,_30_minutes  1.36, 1.03, 0.83  50% 927 12% 51 normal normal note
2018-09-10__20:30:06 pi2 Linux 4.9.41-v7+ up_3_days,_12_hours,_31_minutes  1.44, 1.10, 0.87  50% 927 12% 53 normal normal note
2018-09-10__20:31:06 pi2 Linux 4.9.41-v7+ up_3_days,_12_hours,_32_minutes  1.43, 1.16, 0.91  50% 927 12% 54 normal normal note
2018-09-10__20:32:06 pi2 Linux 4.9.41-v7+ up_3_days,_12_hours,_33_minutes  1.52, 1.23, 0.95  50% 927 12% 54 normal normal note
2018-09-10__20:33:06 pi2 Linux 4.9.41-v7+ up_3_days,_12_hours,_34_minutes  1.78, 1.36, 1.02  50% 927 12% 53 normal normal note
2018-09-10__20:34:06 pi2 Linux 4.9.41-v7+ up_3_days,_12_hours,_35_minutes  1.84, 1.48, 1.08  50% 927 11% 53 normal normal note
2018-09-10__20:35:06 pi2 Linux 4.9.41-v7+ up_3_days,_12_hours,_36_minutes  1.60, 1.47, 1.10  50% 927 11% 54 normal normal note
2018-09-10__20:36:07 pi2 Linux 4.9.41-v7+ up_3_days,_12_hours,_37_minutes  1.99, 1.59, 1.16  50% 927 11% 54 normal normal note
2018-09-10__20:37:07 pi2 Linux 4.9.41-v7+ up_3_days,_12_hours,_38_minutes  1.55, 1.55, 1.18  50% 927 11% 52 normal normal note
2018-09-10__20:38:07 pi2 Linux 4.9.41-v7+ up_3_days,_12_hours,_39_minutes  1.42, 1.51, 1.19  50% 927 11% 51 normal normal note
2018-09-10__20:39:07 pi2 Linux 4.9.41-v7+ up_3_days,_12_hours,_40_minutes  1.35, 1.46, 1.19  50% 927 11% 52 normal normal note
2018-09-10__20:40:07 pi2 Linux 4.9.41-v7+ up_3_days,_12_hours,_41_minutes  1.53, 1.52, 1.23  50% 927 11% 53 normal normal note
2018-09-10__20:41:07 pi2 Linux 4.9.41-v7+ up_3_days,_12_hours,_42_minutes  1.94, 1.62, 1.28  50% 927 11% 53 normal normal note
2018-09-10__20:42:07 pi2 Linux 4.9.41-v7+ up_3_days,_12_hours,_43_minutes  1.89, 1.68, 1.32  50% 927 11% 53 normal normal note
2018-09-10__20:43:08 pi2 Linux 4.9.41-v7+ up_3_days,_12_hours,_44_minutes  1.66, 1.65, 1.33  50% 927 11% 53 normal normal note
2018-09-10__20:44:08 pi2 Linux 4.9.41-v7+ up_3_days,_12_hours,_45_minutes  1.42, 1.58, 1.33  50% 927 11% 53 normal normal note
2018-09-10__20:45:08 pi2 Linux 4.9.41-v7+ up_3_days,_12_hours,_46_minutes  1.22, 1.51, 1.32  50% 927 11% 49 normal normal normal
2018-09-10__20:46:08 pi2 Linux 4.9.41-v7+ up_3_days,_12_hours,_47_minutes  1.14, 1.42, 1.30  50% 927 11% 49 normal normal normal
2018-09-10__20:47:08 pi2 Linux 4.9.41-v7+ up_3_days,_12_hours,_48_minutes  1.30, 1.38, 1.29  50% 927 11% 49 normal normal normal
2018-09-10__20:48:08 pi2 Linux 4.9.41-v7+ up_3_days,_12_hours,_49_minutes  1.05, 1.28, 1.26  50% 927 11% 49 normal normal normal
2018-09-10__20:49:08 pi2 Linux 4.9.41-v7+ up_3_days,_12_hours,_50_minutes  0.98, 1.19, 1.23  50% 927 11% 47 normal normal normal
2018-09-10__20:50:09 pi2 Linux 4.9.41-v7+ up_3_days,_12_hours,_51_minutes  0.80, 1.09, 1.19  50% 927 11% 47 normal normal normal
2018-09-10__20:51:09 pi2 Linux 4.9.41-v7+ up_3_days,_12_hours,_52_minutes  1.07, 1.12, 1.19  50% 927 11% 53 normal normal note
2018-09-10__20:52:09 pi2 Linux 4.9.41-v7+ up_3_days,_12_hours,_53_minutes  0.53, 0.96, 1.13  50% 927 11% 46 normal normal normal
2018-09-10__20:53:09 pi2 Linux 4.9.41-v7+ up_3_days,_12_hours,_54_minutes  0.57, 0.88, 1.09  50% 927 11% 46 normal normal normal
2018-09-10__20:54:09 pi2 Linux 4.9.41-v7+ up_3_days,_12_hours,_55_minutes  0.86, 0.90, 1.08  50% 927 11% 51 normal normal note
2018-09-10__20:55:09 pi2 Linux 4.9.41-v7+ up_3_days,_12_hours,_56_minutes  0.61, 0.80, 1.03  50% 927 11% 49 normal normal normal
2018-09-10__20:56:10 pi2 Linux 4.9.41-v7+ up_3_days,_12_hours,_57_minutes  0.51, 0.74, 1.00  50% 927 11% 46 normal normal normal
2018-09-10__20:57:10 pi2 Linux 4.9.41-v7+ up_3_days,_12_hours,_58_minutes  0.37, 0.65, 0.95  50% 927 11% 46 normal normal normal
2018-09-10__20:58:10 pi2 Linux 4.9.41-v7+ up_3_days,_12_hours,_59_minutes  0.58, 0.66, 0.93  50% 927 11% 47 normal normal normal
2018-09-10__20:59:10 pi2 Linux 4.9.41-v7+ up_3_days,_13_hours  0.55, 0.63, 0.90  50% 927 11% 49 normal normal normal
2018-09-10__21:00:10 pi2 Linux 4.9.41-v7+ up_3_days,_13_hours,_1_minute  0.93, 0.69, 0.91  50% 927 11% 52 normal normal note
2018-09-10__21:01:10 pi2 Linux 4.9.41-v7+ up_3_days,_13_hours,_2_minutes  0.75, 0.68, 0.89  50% 927 11% 46 normal normal normal
2018-09-12__09:40:40 pi2 Linux 4.9.41-v7+ up_3_hours,_29_minutes  1.30, 1.20, 0.94  50% 927 9% 55 normal normal note
2018-09-12__09:41:40 pi2 Linux 4.9.41-v7+ up_3_hours,_30_minutes  1.11, 1.16, 0.95  50% 927 9% 53 normal normal note
2018-09-12__09:42:41 pi2 Linux 4.9.41-v7+ up_3_hours,_31_minutes  1.12, 1.16, 0.96  50% 927 9% 54 normal normal note
2018-09-12__09:43:41 pi2 Linux 4.9.41-v7+ up_3_hours,_32_minutes  1.41, 1.21, 1.00  50% 927 10% 54 normal normal note
2018-09-12__09:44:41 pi2 Linux 4.9.41-v7+ up_3_hours,_33_minutes  1.31, 1.20, 1.01  50% 927 10% 54 normal normal note
2018-09-12__09:45:41 pi2 Linux 4.9.41-v7+ up_3_hours,_34_minutes  1.11, 1.16, 1.00  50% 927 10% 53 normal normal note
2018-09-12__09:46:41 pi2 Linux 4.9.41-v7+ up_3_hours,_35_minutes  1.33, 1.23, 1.04  50% 927 10% 54 normal normal note
2018-09-12__09:47:41 pi2 Linux 4.9.41-v7+ up_3_hours,_36_minutes  1.39, 1.27, 1.06  50% 927 10% 53 normal normal note
2018-09-12__09:48:41 pi2 Linux 4.9.41-v7+ up_3_hours,_37_minutes  1.30, 1.27, 1.08  50% 927 10% 54 normal normal note
2018-09-12__09:49:42 pi2 Linux 4.9.41-v7+ up_3_hours,_38_minutes  1.16, 1.24, 1.08  50% 927 10% 53 normal normal note
